#
# There is insufficient memory for the Java Runtime Environment to continue.
# Native memory allocation (mmap) failed to map 1778384896 bytes for G1 virtual space
# Possible reasons:
#   The system is out of physical RAM or swap space
#   The process is running with CompressedOops enabled, and the Java Heap may be blocking the growth of the native heap
# Possible solutions:
#   Reduce memory load on the system
#   Increase physical memory or swap space
#   Check if swap backing store is full
#   Decrease Java heap size (-Xmx/-Xms)
#   Decrease number of Java threads
#   Decrease Java thread stack sizes (-Xss)
#   Set larger code cache with -XX:ReservedCodeCacheSize=
#   JVM is running with Zero Based Compressed Oops mode in which the Java heap is
#     placed in the first 32GB address space. The Java Heap base address is the
#     maximum limit for the native heap growth. Please use -XX:HeapBaseMinAddress
#     to set the Java Heap base and to place the Java Heap above 32GB virtual address.
# This output file may be truncated or incomplete.
#
#  Out of Memory Error (os_windows.cpp:3535), pid=17864, tid=2752
#
# JRE version: OpenJDK Runtime Environment Microsoft-32931 (17.0.3+7) (build 17.0.3+7-LTS)
# Java VM: OpenJDK 64-Bit Server VM Microsoft-32931 (17.0.3+7-LTS, mixed mode, tiered, compressed oops, compressed class ptrs, g1 gc, windows-amd64)
# No core dump will be written. Minidumps are not enabled by default on client versions of Windows
#

---------------  S U M M A R Y ------------

Command Line: -XX:HeapDumpPath=MojangTricksIntelDriversForPerformance_javaw.exe_minecraft.exe.heapdump -Dos.name=Windows 10 -Dos.version=10.0 -Xss1M -Djava.library.path=. -Dminecraft.launcher.brand=minecraft-launcher -Dminecraft.launcher.version=2.3.462 -Djava.net.preferIPv6Addresses=system -DignoreList=bootstraplauncher,securejarhandler,asm-commons,asm-util,asm-analysis,asm-tree,asm,JarJarFileSystems,client-extra,fmlcore,javafmllanguage,lowcodelanguage,mclanguage,forge-,forge-43.1.39.jar,forge-43.1.39 -DmergeModules=jna-5.10.0.jar,jna-platform-5.10.0.jar -DlibraryDirectory=C:\Users\Marce\curseforge\minecraft\Install\libraries --module-path=C:\Users\Marce\curseforge\minecraft\Install\libraries/cpw/mods/bootstraplauncher/1.1.2/bootstraplauncher-1.1.2.jar;C:\Users\Marce\curseforge\minecraft\Install\libraries/cpw/mods/securejarhandler/2.1.4/securejarhandler-2.1.4.jar;C:\Users\Marce\curseforge\minecraft\Install\libraries/org/ow2/asm/asm-commons/9.3/asm-commons-9.3.jar;C:\Users\Marce\curseforge\minecraft\Install\libraries/org/ow2/asm/asm-util/9.3/asm-util-9.3.jar;C:\Users\Marce\curseforge\minecraft\Install\libraries/org/ow2/asm/asm-analysis/9.3/asm-analysis-9.3.jar;C:\Users\Marce\curseforge\minecraft\Install\libraries/org/ow2/asm/asm-tree/9.3/asm-tree-9.3.jar;C:\Users\Marce\curseforge\minecraft\Install\libraries/org/ow2/asm/asm/9.3/asm-9.3.jar;C:\Users\Marce\curseforge\minecraft\Install\libraries/net/minecraftforge/JarJarFileSystems/0.3.16/JarJarFileSystems-0.3.16.jar --add-modules=ALL-MODULE-PATH --add-opens=java.base/java.util.jar=cpw.mods.securejarhandler --add-opens=java.base/java.lang.invoke=cpw.mods.securejarhandler --add-exports=java.base/sun.security.util=cpw.mods.securejarhandler --add-exports=jdk.naming.dns/com.sun.jndi.dns=java.naming -Xmx8064m -Xms256m -Dminecraft.applet.TargetDirectory=C:\Users\Marce\curseforge\minecraft\Instances\Athena -Dfml.ignorePatchDiscrepancies=true -Dfml.ignoreInvalidMinecraftCertificates=true -Duser.language=en -Duser.country=US -XX:+UseG1GC -Dsun.rmi.dgc.server.gcInterval=2147483646 -XX:+UnlockExperimentalVMOptions -XX:G1NewSizePercent=20 -XX:G1ReservePercent=20 -XX:MaxGCPauseMillis=50 -XX:G1HeapRegionSize=32M -Dlog4j.configurationFile=C:\Users\Marce\curseforge\minecraft\Install\assets\log_configs\client-1.12.xml cpw.mods.bootstraplauncher.BootstrapLauncher --username _Acheron --version forge-43.1.39 --gameDir C:\Users\Marce\curseforge\minecraft\Instances\Athena --assetsDir C:\Users\Marce\curseforge\minecraft\Install\assets --assetIndex 1.19 --uuid f1c9ea7bc4af47569f546dc2a92ab665 --accessToken eyJhbGciOiJIUzI1NiJ9.eyJ4dWlkIjoiMjUzNTQyMTU1NTk0NzMxOSIsImFnZyI6IkFkdWx0Iiwic3ViIjoiOTU4ZGY3ZWYtMWViNC00NmYwLWI3MDItY2Q2OGE4OGNjMWM3IiwibmJmIjoxNjY2NjQwNjQwLCJhdXRoIjoiWEJPWCIsInJvbGVzIjpbXSwiaXNzIjoiYXV0aGVudGljYXRpb24iLCJleHAiOjE2NjY3MjcwNDAsImlhdCI6MTY2NjY0MDY0MCwicGxhdGZvcm0iOiJQQ19MQVVOQ0hFUiIsInl1aWQiOiI5YTlmNWU5MWMyZWQzYzYzZGIyYWMwZGRjMDEwYmJiMyJ9.Mxhcjy9KjjQpE0DUJGfP9fa7uzoeMPTQs5RJjMDr92g --clientId YWE2NDVkOWItZDkzNC00MTYwLWI0ZmUtZWRlOTE3YjVlZjZi --xuid 2535421555947319 --userType msa --versionType release --width 1024 --height 768 --launchTarget forgeclient --fml.forgeVersion 43.1.39 --fml.mcVersion 1.19.2 --fml.forgeGroup net.minecraftforge --fml.mcpVersion 20220805.130853

Host: AMD Ryzen 5 1600 Six-Core Processor            , 12 cores, 15G,  Windows 10 , 64 bit Build 19041 (10.0.19041.1889)
Time: Mon Oct 24 22:17:05 2022 W. Europe Summer Time elapsed time: 1978.404350 seconds (0d 0h 32m 58s)

---------------  T H R E A D  ---------------

Current thread (0x000001886e6bdc40):  VMThread "VM Thread" [stack: 0x0000002989a00000,0x0000002989b00000] [id=2752]

Stack: [0x0000002989a00000,0x0000002989b00000]
Native frames: (J=compiled Java code, j=interpreted, Vv=VM code, C=native code)
V  [jvm.dll+0x6771da]
V  [jvm.dll+0x8324e4]
V  [jvm.dll+0x833c8e]
V  [jvm.dll+0x8342f3]
V  [jvm.dll+0x245815]
V  [jvm.dll+0x6740f9]
V  [jvm.dll+0x668a32]
V  [jvm.dll+0x30466b]
V  [jvm.dll+0x30bb76]
V  [jvm.dll+0x35b9de]
V  [jvm.dll+0x35bc0f]
V  [jvm.dll+0x2db578]
V  [jvm.dll+0x2de5f6]
V  [jvm.dll+0x2e8c98]
V  [jvm.dll+0x31ce40]
V  [jvm.dll+0x8387cb]
V  [jvm.dll+0x839504]
V  [jvm.dll+0x839a1d]
V  [jvm.dll+0x839df4]
V  [jvm.dll+0x839ec0]
V  [jvm.dll+0x7e22da]
V  [jvm.dll+0x676065]
C  [ucrtbase.dll+0x21bb2]
C  [KERNEL32.DLL+0x17034]
C  [ntdll.dll+0x526a1]

VM_Operation (0x00000029896ff530): G1Concurrent, mode: safepoint, requested by thread 0x00000188462fd210


---------------  P R O C E S S  ---------------

Threads class SMR info:
_java_thread_list=0x0000018877587b90, length=78, elements={
0x0000018846287f40, 0x000001886e6fea90, 0x000001886e707a10, 0x000001886e769240,
0x000001886e769b00, 0x000001886e76a3c0, 0x000001886e74f410, 0x000001886f11a010,
0x000001886f11c920, 0x000001886f129a00, 0x000001886f230de0, 0x000001886f3e0710,
0x0000018871b7e540, 0x0000018871c4a010, 0x0000018877313780, 0x0000018870b8af40,
0x0000018875ed0780, 0x0000018875ed1f90, 0x0000018875ed1ac0, 0x0000018875ed2460,
0x0000018875ed15f0, 0x0000018875ece100, 0x0000018875ecba80, 0x0000018875ed2930,
0x0000018875eccdc0, 0x0000018875ed2e00, 0x0000018875ecc420, 0x0000018875ecfde0,
0x0000018875ecbf50, 0x0000018875ecc8f0, 0x0000018875ecd290, 0x0000018875ecd760,
0x0000018875ecdc30, 0x0000018875eceaa0, 0x0000018875ecf440, 0x0000018875ecf910,
0x0000018875ed02b0, 0x00000188773132b0, 0x0000018879b90370, 0x0000018879b8d820,
0x0000018879b8ce80, 0x0000018879b916b0, 0x0000018879b8dcf0, 0x0000018879b8f9d0,
0x0000018879b8f500, 0x0000018879b90840, 0x0000018879b8d350, 0x0000018879b92520,
0x0000018879b929f0, 0x00000188775b4f60, 0x00000188775b7110, 0x000001880b7d0a20,
0x00000188773167a0, 0x0000018875ece5d0, 0x000001887ae139a0, 0x000001887ae15680,
0x000001887ae151b0, 0x000001887ae15b50, 0x000001887ae12b30, 0x000001887ae169c0,
0x000001887ae16020, 0x000001887ae16e90, 0x000001887ae11cc0, 0x000001887ae11320,
0x000001887ae12190, 0x000001887ae134d0, 0x000001887ae14340, 0x000001887ae14810,
0x000001887ae14ce0, 0x0000018879b93390, 0x0000018879b94200, 0x0000018879b8e1c0,
0x00000188234900b0, 0x000001887b55b3c0, 0x000001887b5583a0, 0x000001887b557a00,
0x000001880b7c8a70, 0x00000188aacbb920
}

Java Threads: ( => current thread )
  0x0000018846287f40 JavaThread "Render thread" [_thread_blocked, id=22192, stack(0x0000002989400000,0x0000002989500000)]
  0x000001886e6fea90 JavaThread "Reference Handler" daemon [_thread_blocked, id=26740, stack(0x0000002989b00000,0x0000002989c00000)]
  0x000001886e707a10 JavaThread "Finalizer" daemon [_thread_blocked, id=10132, stack(0x0000002989c00000,0x0000002989d00000)]
  0x000001886e769240 JavaThread "Signal Dispatcher" daemon [_thread_blocked, id=6980, stack(0x0000002989d00000,0x0000002989e00000)]
  0x000001886e769b00 JavaThread "Attach Listener" daemon [_thread_blocked, id=16852, stack(0x0000002989e00000,0x0000002989f00000)]
  0x000001886e76a3c0 JavaThread "Service Thread" daemon [_thread_blocked, id=17836, stack(0x0000002989f00000,0x000000298a000000)]
  0x000001886e74f410 JavaThread "Monitor Deflation Thread" daemon [_thread_blocked, id=19792, stack(0x000000298a000000,0x000000298a100000)]
  0x000001886f11a010 JavaThread "C2 CompilerThread0" daemon [_thread_blocked, id=8572, stack(0x000000298a100000,0x000000298a200000)]
  0x000001886f11c920 JavaThread "C1 CompilerThread0" daemon [_thread_blocked, id=22520, stack(0x000000298a200000,0x000000298a300000)]
  0x000001886f129a00 JavaThread "Sweeper thread" daemon [_thread_blocked, id=15964, stack(0x000000298a300000,0x000000298a400000)]
  0x000001886f230de0 JavaThread "Common-Cleaner" daemon [_thread_blocked, id=24424, stack(0x000000298a400000,0x000000298a500000)]
  0x000001886f3e0710 JavaThread "Notification Thread" daemon [_thread_blocked, id=18112, stack(0x000000298a600000,0x000000298a700000)]
  0x0000018871b7e540 JavaThread "Thread-0" daemon [_thread_blocked, id=2984, stack(0x000000298b400000,0x000000298b500000)]
  0x0000018871c4a010 JavaThread "FileSystemWatchService" daemon [_thread_in_native, id=12260, stack(0x000000298b500000,0x000000298b600000)]
  0x0000018877313780 JavaThread "Timer hack thread" daemon [_thread_blocked, id=21680, stack(0x000000298bf00000,0x000000298c000000)]
  0x0000018870b8af40 JavaThread "FileSystemWatchService" daemon [_thread_in_native, id=26736, stack(0x000000298d200000,0x000000298d300000)]
  0x0000018875ed0780 JavaThread "Config Lib config file watcher" daemon [_thread_blocked, id=18256, stack(0x000000298d300000,0x000000298d400000)]
  0x0000018875ed1f90 JavaThread "Thread-3" daemon [_thread_in_native, id=17860, stack(0x000000298d400000,0x000000298d500000)]
  0x0000018875ed1ac0 JavaThread "Thread-4" daemon [_thread_in_native, id=19128, stack(0x000000298d500000,0x000000298d600000)]
  0x0000018875ed2460 JavaThread "Thread-5" daemon [_thread_in_native, id=28416, stack(0x000000298d600000,0x000000298d700000)]
  0x0000018875ed15f0 JavaThread "Thread-6" daemon [_thread_in_native, id=5788, stack(0x000000298d700000,0x000000298d800000)]
  0x0000018875ece100 JavaThread "Thread-7" daemon [_thread_in_native, id=25876, stack(0x000000298d800000,0x000000298d900000)]
  0x0000018875ecba80 JavaThread "Thread-8" daemon [_thread_in_native, id=2832, stack(0x000000298d900000,0x000000298da00000)]
  0x0000018875ed2930 JavaThread "Thread-9" daemon [_thread_in_native, id=14032, stack(0x000000298da00000,0x000000298db00000)]
  0x0000018875eccdc0 JavaThread "Thread-10" daemon [_thread_in_native, id=21956, stack(0x000000298db00000,0x000000298dc00000)]
  0x0000018875ed2e00 JavaThread "Thread-11" daemon [_thread_in_native, id=11556, stack(0x000000298dc00000,0x000000298dd00000)]
  0x0000018875ecc420 JavaThread "Thread-12" daemon [_thread_in_native, id=28280, stack(0x000000298dd00000,0x000000298de00000)]
  0x0000018875ecfde0 JavaThread "Thread-13" daemon [_thread_in_native, id=17524, stack(0x000000298de00000,0x000000298df00000)]
  0x0000018875ecbf50 JavaThread "Thread-14" daemon [_thread_in_native, id=11124, stack(0x000000298df00000,0x000000298e000000)]
  0x0000018875ecc8f0 JavaThread "Thread-15" daemon [_thread_in_native, id=21980, stack(0x000000298e000000,0x000000298e100000)]
  0x0000018875ecd290 JavaThread "pool-4-thread-1" [_thread_blocked, id=11776, stack(0x000000298e100000,0x000000298e200000)]
  0x0000018875ecd760 JavaThread "KubeJS Background Thread" daemon [_thread_blocked, id=26208, stack(0x000000298e200000,0x000000298e300000)]
  0x0000018875ecdc30 JavaThread "Thread-18" [_thread_blocked, id=1380, stack(0x000000298e300000,0x000000298e400000)]
  0x0000018875eceaa0 JavaThread "pool-5-thread-1" [_thread_blocked, id=9788, stack(0x000000298e400000,0x000000298e500000)]
  0x0000018875ecf440 JavaThread "Structurize IO Worker #0" daemon [_thread_blocked, id=22768, stack(0x000000298e500000,0x000000298e600000)]
  0x0000018875ecf910 JavaThread "FileSystemWatchService" daemon [_thread_in_native, id=12224, stack(0x000000298e600000,0x000000298e700000)]
  0x0000018875ed02b0 JavaThread "Config Lib config file watcher" daemon [_thread_blocked, id=12636, stack(0x000000298e700000,0x000000298e800000)]
  0x00000188773132b0 JavaThread "pool-7-thread-1" [_thread_blocked, id=24984, stack(0x000000298d100000,0x000000298d200000)]
  0x0000018879b90370 JavaThread "FileSystemWatchService" daemon [_thread_in_native, id=28588, stack(0x000000298a800000,0x000000298a900000)]
  0x0000018879b8d820 JavaThread "JEI Config file watcher" [_thread_blocked, id=7204, stack(0x000000298e900000,0x000000298ea00000)]
  0x0000018879b8ce80 JavaThread "Worker-Main1" daemon [_thread_blocked, id=7660, stack(0x000000298a500000,0x000000298a600000)]
  0x0000018879b916b0 JavaThread "Worker-Main2" daemon [_thread_blocked, id=8436, stack(0x000000298ea00000,0x000000298eb00000)]
  0x0000018879b8dcf0 JavaThread "Narrator" [_thread_blocked, id=3040, stack(0x000000298ed00000,0x000000298ee00000)]
  0x0000018879b8f9d0 JavaThread "Worker-Main3" daemon [_thread_blocked, id=4272, stack(0x000000298ee00000,0x000000298ef00000)]
  0x0000018879b8f500 JavaThread "Worker-Main4" daemon [_thread_blocked, id=6580, stack(0x000000298ef00000,0x000000298f000000)]
  0x0000018879b90840 JavaThread "Worker-Main5" daemon [_thread_blocked, id=6856, stack(0x000000298f000000,0x000000298f100000)]
  0x0000018879b8d350 JavaThread "Worker-Main6" daemon [_thread_blocked, id=9548, stack(0x000000298f100000,0x000000298f200000)]
  0x0000018879b92520 JavaThread "FileSystemWatchService" daemon [_thread_in_native, id=24032, stack(0x000000298f500000,0x000000298f600000)]
  0x0000018879b929f0 JavaThread "Java2D Disposer" daemon [_thread_blocked, id=24444, stack(0x000000298f600000,0x000000298f700000)]
  0x00000188775b4f60 JavaThread "Thread-28" [_thread_in_native, id=27896, stack(0x0000002990600000,0x0000002990700000)]
  0x00000188775b7110 JavaThread "Thread-29" [_thread_in_native, id=25812, stack(0x0000002990500000,0x0000002990600000)]
  0x000001880b7d0a20 JavaThread "pool-6-thread-1" [_thread_blocked, id=11256, stack(0x0000002990900000,0x0000002990a00000)]
  0x00000188773167a0 JavaThread "Server thread" [_thread_blocked, id=28644, stack(0x000000298f800000,0x000000298f900000)]
  0x0000018875ece5d0 JavaThread "FileSystemWatchService" daemon [_thread_in_native, id=20464, stack(0x000000298f900000,0x000000298fa00000)]
  0x000001887ae139a0 JavaThread "FileSystemWatchService" daemon [_thread_in_native, id=14736, stack(0x000000298bc00000,0x000000298bd00000)]
  0x000001887ae15680 JavaThread "Netty Server IO #0" daemon [_thread_in_native, id=19408, stack(0x000000298e800000,0x000000298e900000)]
  0x000001887ae151b0 JavaThread "Netty Local Client IO #0" daemon [_thread_blocked, id=4856, stack(0x0000002990c00000,0x0000002990d00000)]
  0x000001887ae15b50 JavaThread "Netty Server IO #1" daemon [_thread_in_native, id=2140, stack(0x0000002990d00000,0x0000002990e00000)]
  0x000001887ae12b30 JavaThread "Sound engine" daemon [_thread_blocked, id=4456, stack(0x0000002990e00000,0x0000002990f00000)]
  0x000001887ae169c0 JavaThread "Flywheel 0" [_thread_blocked, id=7896, stack(0x000000298f700000,0x000000298f800000)]
  0x000001887ae16020 JavaThread "Flywheel 1" [_thread_blocked, id=1124, stack(0x0000002990f00000,0x0000002991000000)]
  0x000001887ae16e90 JavaThread "Flywheel 2" [_thread_blocked, id=16296, stack(0x0000002991000000,0x0000002991100000)]
  0x000001887ae11cc0 JavaThread "Flywheel 3" [_thread_blocked, id=1384, stack(0x0000002991100000,0x0000002991200000)]
  0x000001887ae11320 JavaThread "Flywheel 4" [_thread_blocked, id=27436, stack(0x0000002991200000,0x0000002991300000)]
  0x000001887ae12190 JavaThread "Flywheel 5" [_thread_blocked, id=2256, stack(0x0000002991300000,0x0000002991400000)]
  0x000001887ae134d0 JavaThread "Chunk Render Task Executor #0" [_thread_blocked, id=25932, stack(0x0000002991400000,0x0000002991500000)]
  0x000001887ae14340 JavaThread "Chunk Render Task Executor #1" [_thread_blocked, id=21160, stack(0x0000002991500000,0x0000002991600000)]
  0x000001887ae14810 JavaThread "Chunk Render Task Executor #2" [_thread_blocked, id=17596, stack(0x0000002991600000,0x0000002991700000)]
  0x000001887ae14ce0 JavaThread "Chunk Render Task Executor #3" [_thread_blocked, id=25540, stack(0x0000002991700000,0x0000002991800000)]
  0x0000018879b93390 JavaThread "Chunk Render Task Executor #4" [_thread_blocked, id=14676, stack(0x0000002991800000,0x0000002991900000)]
  0x0000018879b94200 JavaThread "Chunk Render Task Executor #5" [_thread_blocked, id=10976, stack(0x0000002991900000,0x0000002991a00000)]
  0x0000018879b8e1c0 JavaThread "Telemetry-Sender-#1" [_thread_blocked, id=8452, stack(0x0000002991a00000,0x0000002991b00000)]
  0x00000188234900b0 JavaThread "Narrator" [_thread_blocked, id=28220, stack(0x000000298cd00000,0x000000298ce00000)]
  0x000001887b55b3c0 JavaThread "IO-Worker-15" [_thread_blocked, id=13760, stack(0x0000002989200000,0x0000002989300000)]
  0x000001887b5583a0 JavaThread "IO-Worker-16" [_thread_blocked, id=10324, stack(0x000000298bd00000,0x000000298be00000)]
  0x000001887b557a00 JavaThread "IO-Worker-17" [_thread_blocked, id=1544, stack(0x0000002989100000,0x0000002989200000)]
  0x000001880b7c8a70 JavaThread "C2 CompilerThread1" daemon [_thread_blocked, id=8564, stack(0x000000298be00000,0x000000298bf00000)]
  0x00000188aacbb920 JavaThread "Thread-936" [_thread_blocked, id=7556, stack(0x000000298c600000,0x000000298c700000)]

Other Threads:
=>0x000001886e6bdc40 VMThread "VM Thread" [stack: 0x0000002989a00000,0x0000002989b00000] [id=2752]
  0x0000018846306420 WatcherThread [stack: 0x000000298a700000,0x000000298a800000] [id=27496]
  0x00000188462f9da0 GCTaskThread "GC Thread#0" [stack: 0x0000002989500000,0x0000002989600000] [id=21860]
  0x000001886fcc0930 GCTaskThread "GC Thread#1" [stack: 0x000000298a900000,0x000000298aa00000] [id=23020]
  0x000001886fb195f0 GCTaskThread "GC Thread#2" [stack: 0x000000298aa00000,0x000000298ab00000] [id=15564]
  0x0000018870828160 GCTaskThread "GC Thread#3" [stack: 0x000000298ab00000,0x000000298ac00000] [id=13492]
  0x0000018870828410 GCTaskThread "GC Thread#4" [stack: 0x000000298ac00000,0x000000298ad00000] [id=28420]
  0x00000188708286c0 GCTaskThread "GC Thread#5" [stack: 0x000000298ad00000,0x000000298ae00000] [id=14844]
  0x000001887192e320 GCTaskThread "GC Thread#6" [stack: 0x000000298ae00000,0x000000298af00000] [id=13512]
  0x0000018871b23f40 GCTaskThread "GC Thread#7" [stack: 0x000000298af00000,0x000000298b000000] [id=13036]
  0x00000188717bafa0 GCTaskThread "GC Thread#8" [stack: 0x000000298b000000,0x000000298b100000] [id=1412]
  0x00000188718b10d0 GCTaskThread "GC Thread#9" [stack: 0x000000298b100000,0x000000298b200000] [id=6884]
  0x00000188462fd210 ConcurrentGCThread "G1 Main Marker" [stack: 0x0000002989600000,0x0000002989700000] [id=7208]
  0x00000188462fda30 ConcurrentGCThread "G1 Conc#0" [stack: 0x0000002989700000,0x0000002989800000] [id=23512]
  0x0000018871b98540 ConcurrentGCThread "G1 Conc#1" [stack: 0x000000298b200000,0x000000298b300000] [id=19020]
  0x0000018871c4cfc0 ConcurrentGCThread "G1 Conc#2" [stack: 0x000000298b300000,0x000000298b400000] [id=27760]
  0x000001884633df60 ConcurrentGCThread "G1 Refine#0" [stack: 0x0000002989800000,0x0000002989900000] [id=26160]
  0x0000018871b16620 ConcurrentGCThread "G1 Refine#1" [stack: 0x000000298b600000,0x000000298b700000] [id=11888]
  0x0000018871b17a40 ConcurrentGCThread "G1 Refine#2" [stack: 0x000000298b700000,0x000000298b800000] [id=24488]
  0x0000018871b17480 ConcurrentGCThread "G1 Refine#3" [stack: 0x000000298b800000,0x000000298b900000] [id=5484]
  0x0000018871b17760 ConcurrentGCThread "G1 Refine#4" [stack: 0x000000298b900000,0x000000298ba00000] [id=15716]
  0x0000018871b17d20 ConcurrentGCThread "G1 Refine#5" [stack: 0x000000298ba00000,0x000000298bb00000] [id=28140]
  0x00000188787c5be0 ConcurrentGCThread "G1 Refine#6" [stack: 0x000000298f200000,0x000000298f300000] [id=11528]
  0x00000188787c5ec0 ConcurrentGCThread "G1 Refine#7" [stack: 0x000000298ff00000,0x0000002990000000] [id=16816]
  0x00000188787c75c0 ConcurrentGCThread "G1 Refine#8" [stack: 0x0000002990400000,0x0000002990500000] [id=22444]
  0x00000188787c78a0 ConcurrentGCThread "G1 Refine#9" [stack: 0x0000002990800000,0x0000002990900000] [id=14880]
  0x000001884633e790 ConcurrentGCThread "G1 Service" [stack: 0x0000002989900000,0x0000002989a00000] [id=4324]

Threads with active compile tasks:

VM state: at safepoint (normal execution)

VM Mutex/Monitor currently owned by a thread:  ([mutex/lock_event])
[0x0000018846283130] Threads_lock - owner thread: 0x000001886e6bdc40
[0x0000018846282170] Heap_lock - owner thread: 0x00000188462fd210

Heap address: 0x0000000608000000, size: 8064 MB, Compressed Oops mode: Zero based, Oop shift amount: 3

CDS archive(s) not mapped
Compressed class space mapped at: 0x0000000800000000-0x0000000840000000, reserved size: 1073741824
Narrow klass base: 0x0000000800000000, Narrow klass shift: 0, Narrow klass range: 0x40000000

GC Precious Log:
 CPUs: 12 total, 12 available
 Memory: 16316M
 Large Page Support: Disabled
 NUMA Support: Disabled
 Compressed Oops: Enabled (Zero based)
 Heap Region Size: 32M
 Heap Min Capacity: 256M
 Heap Initial Capacity: 256M
 Heap Max Capacity: 8064M
 Pre-touch: Disabled
 Parallel Workers: 10
 Concurrent Workers: 3
 Concurrent Refinement Workers: 10
 Periodic GC: Disabled

Heap:
 garbage-first heap   total 5865472K, used 4479909K [0x0000000608000000, 0x0000000800000000)
  region size 32768K, 4 young (131072K), 1 survivors (32768K)
 Metaspace       used 320265K, committed 322752K, reserved 1318912K
  class space    used 54805K, committed 55936K, reserved 1048576K

Heap Regions: E=young(eden), S=young(survivor), O=old, HS=humongous(starts), HC=humongous(continues), CS=collection set, F=free, OA=open archive, CA=closed archive, TAMS=top-at-mark-start (previous, next)
|   0|0x0000000608000000, 0x000000060a000000, 0x000000060a000000|100%| O|  |TAMS 0x000000060a000000, 0x0000000608000000| Untracked 
|   1|0x000000060a000000, 0x000000060c000000, 0x000000060c000000|100%| O|  |TAMS 0x000000060c000000, 0x000000060a000000| Updating 
|   2|0x000000060c000000, 0x000000060e000000, 0x000000060e000000|100%| O|  |TAMS 0x000000060e000000, 0x000000060c000000| Updating 
|   3|0x000000060e000000, 0x0000000610000000, 0x0000000610000000|100%| O|  |TAMS 0x0000000610000000, 0x000000060e000000| Updating 
|   4|0x0000000610000000, 0x0000000612000000, 0x0000000612000000|100%| O|  |TAMS 0x0000000612000000, 0x0000000610000000| Updating 
|   5|0x0000000612000000, 0x0000000614000000, 0x0000000614000000|100%| O|  |TAMS 0x0000000614000000, 0x0000000612000000| Untracked 
|   6|0x0000000614000000, 0x0000000616000000, 0x0000000616000000|100%| O|  |TAMS 0x0000000616000000, 0x0000000614000000| Untracked 
|   7|0x0000000616000000, 0x0000000618000000, 0x0000000618000000|100%| O|  |TAMS 0x0000000618000000, 0x0000000616000000| Untracked 
|   8|0x0000000618000000, 0x000000061a000000, 0x000000061a000000|100%| O|  |TAMS 0x000000061a000000, 0x0000000618000000| Untracked 
|   9|0x000000061a000000, 0x000000061c000000, 0x000000061c000000|100%| O|  |TAMS 0x000000061c000000, 0x000000061a000000| Untracked 
|  10|0x000000061c000000, 0x000000061e000000, 0x000000061e000000|100%| O|  |TAMS 0x000000061e000000, 0x000000061c000000| Untracked 
|  11|0x000000061e000000, 0x0000000620000000, 0x0000000620000000|100%| O|  |TAMS 0x0000000620000000, 0x000000061e000000| Untracked 
|  12|0x0000000620000000, 0x0000000622000000, 0x0000000622000000|100%| O|  |TAMS 0x0000000622000000, 0x0000000620000000| Untracked 
|  13|0x0000000622000000, 0x0000000624000000, 0x0000000624000000|100%| O|  |TAMS 0x0000000624000000, 0x0000000622000000| Untracked 
|  14|0x0000000624000000, 0x0000000626000000, 0x0000000626000000|100%| O|  |TAMS 0x0000000626000000, 0x0000000624000000| Untracked 
|  15|0x0000000626000000, 0x0000000628000000, 0x0000000628000000|100%| O|  |TAMS 0x0000000628000000, 0x0000000626000000| Untracked 
|  16|0x0000000628000000, 0x000000062a000000, 0x000000062a000000|100%| O|  |TAMS 0x000000062a000000, 0x0000000628000000| Untracked 
|  17|0x000000062a000000, 0x000000062c000000, 0x000000062c000000|100%| O|  |TAMS 0x000000062c000000, 0x000000062a000000| Untracked 
|  18|0x000000062c000000, 0x000000062e000000, 0x000000062e000000|100%| O|  |TAMS 0x000000062e000000, 0x000000062c000000| Untracked 
|  19|0x000000062e000000, 0x0000000630000000, 0x0000000630000000|100%| O|  |TAMS 0x0000000630000000, 0x000000062e000000| Untracked 
|  20|0x0000000630000000, 0x0000000632000000, 0x0000000632000000|100%| O|  |TAMS 0x0000000632000000, 0x0000000630000000| Untracked 
|  21|0x0000000632000000, 0x0000000634000000, 0x0000000634000000|100%| O|  |TAMS 0x0000000634000000, 0x0000000632000000| Updating 
|  22|0x0000000634000000, 0x0000000636000000, 0x0000000636000000|100%| O|  |TAMS 0x0000000636000000, 0x0000000634000000| Untracked 
|  23|0x0000000636000000, 0x0000000638000000, 0x0000000638000000|100%| O|  |TAMS 0x0000000638000000, 0x0000000636000000| Untracked 
|  24|0x0000000638000000, 0x000000063a000000, 0x000000063a000000|100%| O|  |TAMS 0x000000063a000000, 0x0000000638000000| Untracked 
|  25|0x000000063a000000, 0x000000063c000000, 0x000000063c000000|100%| O|  |TAMS 0x000000063c000000, 0x000000063a000000| Untracked 
|  26|0x000000063c000000, 0x000000063e000000, 0x000000063e000000|100%| O|  |TAMS 0x000000063e000000, 0x000000063c000000| Untracked 
|  27|0x000000063e000000, 0x0000000640000000, 0x0000000640000000|100%| O|  |TAMS 0x0000000640000000, 0x000000063e000000| Untracked 
|  28|0x0000000640000000, 0x0000000642000000, 0x0000000642000000|100%| O|  |TAMS 0x0000000642000000, 0x0000000640000000| Untracked 
|  29|0x0000000642000000, 0x0000000644000000, 0x0000000644000000|100%| O|  |TAMS 0x0000000644000000, 0x0000000642000000| Untracked 
|  30|0x0000000644000000, 0x0000000646000000, 0x0000000646000000|100%| O|  |TAMS 0x0000000646000000, 0x0000000644000000| Untracked 
|  31|0x0000000646000000, 0x0000000648000000, 0x0000000648000000|100%| O|  |TAMS 0x0000000648000000, 0x0000000646000000| Untracked 
|  32|0x0000000648000000, 0x000000064a000000, 0x000000064a000000|100%| O|  |TAMS 0x000000064a000000, 0x0000000648000000| Untracked 
|  33|0x000000064a000000, 0x000000064c000000, 0x000000064c000000|100%| O|  |TAMS 0x000000064c000000, 0x000000064a000000| Untracked 
|  34|0x000000064c000000, 0x000000064e000000, 0x000000064e000000|100%| O|  |TAMS 0x000000064e000000, 0x000000064c000000| Updating 
|  35|0x000000064e000000, 0x0000000650000000, 0x0000000650000000|100%| O|  |TAMS 0x0000000650000000, 0x000000064e000000| Updating 
|  36|0x0000000650000000, 0x0000000652000000, 0x0000000652000000|100%| O|  |TAMS 0x0000000652000000, 0x0000000650000000| Untracked 
|  37|0x0000000652000000, 0x0000000654000000, 0x0000000654000000|100%| O|  |TAMS 0x0000000654000000, 0x0000000652000000| Untracked 
|  38|0x0000000654000000, 0x0000000656000000, 0x0000000656000000|100%| O|  |TAMS 0x0000000656000000, 0x0000000654000000| Untracked 
|  39|0x0000000656000000, 0x0000000658000000, 0x0000000658000000|100%| O|  |TAMS 0x0000000658000000, 0x0000000656000000| Untracked 
|  40|0x0000000658000000, 0x000000065a000000, 0x000000065a000000|100%| O|  |TAMS 0x000000065a000000, 0x0000000658000000| Updating 
|  41|0x000000065a000000, 0x000000065c000000, 0x000000065c000000|100%| O|  |TAMS 0x000000065c000000, 0x000000065a000000| Updating 
|  42|0x000000065c000000, 0x000000065e000000, 0x000000065e000000|100%| O|  |TAMS 0x000000065e000000, 0x000000065c000000| Updating 
|  43|0x000000065e000000, 0x0000000660000000, 0x0000000660000000|100%| O|  |TAMS 0x0000000660000000, 0x000000065e000000| Updating 
|  44|0x0000000660000000, 0x0000000662000000, 0x0000000662000000|100%| O|  |TAMS 0x0000000662000000, 0x0000000660000000| Untracked 
|  45|0x0000000662000000, 0x0000000664000000, 0x0000000664000000|100%| O|  |TAMS 0x0000000664000000, 0x0000000662000000| Untracked 
|  46|0x0000000664000000, 0x0000000666000000, 0x0000000666000000|100%| O|  |TAMS 0x0000000666000000, 0x0000000664000000| Untracked 
|  47|0x0000000666000000, 0x0000000668000000, 0x0000000668000000|100%| O|  |TAMS 0x0000000668000000, 0x0000000666000000| Untracked 
|  48|0x0000000668000000, 0x000000066a000000, 0x000000066a000000|100%| O|  |TAMS 0x000000066a000000, 0x0000000668000000| Untracked 
|  49|0x000000066a000000, 0x000000066c000000, 0x000000066c000000|100%| O|  |TAMS 0x000000066c000000, 0x000000066a000000| Untracked 
|  50|0x000000066c000000, 0x000000066e000000, 0x000000066e000000|100%| O|  |TAMS 0x000000066e000000, 0x000000066c000000| Updating 
|  51|0x000000066e000000, 0x0000000670000000, 0x0000000670000000|100%| O|  |TAMS 0x0000000670000000, 0x000000066e000000| Untracked 
|  52|0x0000000670000000, 0x0000000672000000, 0x0000000672000000|100%| O|  |TAMS 0x0000000672000000, 0x0000000670000000| Untracked 
|  53|0x0000000672000000, 0x0000000674000000, 0x0000000674000000|100%| O|  |TAMS 0x0000000674000000, 0x0000000672000000| Updating 
|  54|0x0000000674000000, 0x0000000676000000, 0x0000000676000000|100%| O|  |TAMS 0x0000000676000000, 0x0000000674000000| Untracked 
|  55|0x0000000676000000, 0x0000000678000000, 0x0000000678000000|100%| O|  |TAMS 0x0000000678000000, 0x0000000676000000| Untracked 
|  56|0x0000000678000000, 0x000000067a000000, 0x000000067a000000|100%| O|  |TAMS 0x000000067a000000, 0x0000000678000000| Updating 
|  57|0x000000067a000000, 0x000000067c000000, 0x000000067c000000|100%| O|  |TAMS 0x000000067c000000, 0x000000067a000000| Updating 
|  58|0x000000067c000000, 0x000000067e000000, 0x000000067e000000|100%| O|  |TAMS 0x000000067e000000, 0x000000067c000000| Updating 
|  59|0x000000067e000000, 0x0000000680000000, 0x0000000680000000|100%| O|  |TAMS 0x0000000680000000, 0x000000067e000000| Updating 
|  60|0x0000000680000000, 0x0000000682000000, 0x0000000682000000|100%| O|  |TAMS 0x0000000682000000, 0x0000000680000000| Updating 
|  61|0x0000000682000000, 0x0000000684000000, 0x0000000684000000|100%| O|  |TAMS 0x0000000684000000, 0x0000000682000000| Updating 
|  62|0x0000000684000000, 0x0000000686000000, 0x0000000686000000|100%| O|  |TAMS 0x0000000686000000, 0x0000000684000000| Updating 
|  63|0x0000000686000000, 0x0000000688000000, 0x0000000688000000|100%| O|  |TAMS 0x0000000688000000, 0x0000000686000000| Updating 
|  64|0x0000000688000000, 0x000000068a000000, 0x000000068a000000|100%| O|  |TAMS 0x000000068a000000, 0x0000000688000000| Updating 
|  65|0x000000068a000000, 0x000000068c000000, 0x000000068c000000|100%| O|  |TAMS 0x000000068c000000, 0x000000068a000000| Updating 
|  66|0x000000068c000000, 0x000000068e000000, 0x000000068e000000|100%| O|  |TAMS 0x000000068e000000, 0x000000068c000000| Updating 
|  67|0x000000068e000000, 0x0000000690000000, 0x0000000690000000|100%| O|  |TAMS 0x0000000690000000, 0x000000068e000000| Updating 
|  68|0x0000000690000000, 0x0000000692000000, 0x0000000692000000|100%| O|  |TAMS 0x0000000692000000, 0x0000000690000000| Untracked 
|  69|0x0000000692000000, 0x0000000694000000, 0x0000000694000000|100%| O|  |TAMS 0x0000000694000000, 0x0000000692000000| Updating 
|  70|0x0000000694000000, 0x0000000696000000, 0x0000000696000000|100%| O|  |TAMS 0x0000000696000000, 0x0000000694000000| Updating 
|  71|0x0000000696000000, 0x0000000698000000, 0x0000000698000000|100%| O|  |TAMS 0x0000000698000000, 0x0000000696000000| Updating 
|  72|0x0000000698000000, 0x000000069a000000, 0x000000069a000000|100%| O|  |TAMS 0x000000069a000000, 0x0000000698000000| Untracked 
|  73|0x000000069a000000, 0x000000069c000000, 0x000000069c000000|100%| O|  |TAMS 0x000000069c000000, 0x000000069a000000| Updating 
|  74|0x000000069c000000, 0x000000069e000000, 0x000000069e000000|100%| O|  |TAMS 0x000000069e000000, 0x000000069c000000| Untracked 
|  75|0x000000069e000000, 0x00000006a0000000, 0x00000006a0000000|100%| O|  |TAMS 0x00000006a0000000, 0x000000069e000000| Untracked 
|  76|0x00000006a0000000, 0x00000006a2000000, 0x00000006a2000000|100%| O|  |TAMS 0x00000006a2000000, 0x00000006a0000000| Updating 
|  77|0x00000006a2000000, 0x00000006a4000000, 0x00000006a4000000|100%| O|  |TAMS 0x00000006a4000000, 0x00000006a2000000| Updating 
|  78|0x00000006a4000000, 0x00000006a6000000, 0x00000006a6000000|100%| O|  |TAMS 0x00000006a6000000, 0x00000006a4000000| Updating 
|  79|0x00000006a6000000, 0x00000006a8000000, 0x00000006a8000000|100%| O|  |TAMS 0x00000006a8000000, 0x00000006a6000000| Updating 
|  80|0x00000006a8000000, 0x00000006aa000000, 0x00000006aa000000|100%| O|  |TAMS 0x00000006aa000000, 0x00000006a8000000| Updating 
|  81|0x00000006aa000000, 0x00000006ac000000, 0x00000006ac000000|100%| O|  |TAMS 0x00000006ac000000, 0x00000006aa000000| Updating 
|  82|0x00000006ac000000, 0x00000006ae000000, 0x00000006ae000000|100%| O|  |TAMS 0x00000006ae000000, 0x00000006ac000000| Updating 
|  83|0x00000006ae000000, 0x00000006b0000000, 0x00000006b0000000|100%| O|  |TAMS 0x00000006b0000000, 0x00000006ae000000| Updating 
|  84|0x00000006b0000000, 0x00000006b2000000, 0x00000006b2000000|100%| O|  |TAMS 0x00000006b2000000, 0x00000006b0000000| Updating 
|  85|0x00000006b2000000, 0x00000006b4000000, 0x00000006b4000000|100%| O|  |TAMS 0x00000006b4000000, 0x00000006b2000000| Updating 
|  86|0x00000006b4000000, 0x00000006b6000000, 0x00000006b6000000|100%| O|  |TAMS 0x00000006b6000000, 0x00000006b4000000| Updating 
|  87|0x00000006b6000000, 0x00000006b8000000, 0x00000006b8000000|100%| O|  |TAMS 0x00000006b8000000, 0x00000006b6000000| Updating 
|  88|0x00000006b8000000, 0x00000006ba000000, 0x00000006ba000000|100%| O|  |TAMS 0x00000006ba000000, 0x00000006b8000000| Updating 
|  89|0x00000006ba000000, 0x00000006bc000000, 0x00000006bc000000|100%| O|  |TAMS 0x00000006bc000000, 0x00000006ba000000| Updating 
|  90|0x00000006bc000000, 0x00000006be000000, 0x00000006be000000|100%| O|  |TAMS 0x00000006be000000, 0x00000006bc000000| Updating 
|  91|0x00000006be000000, 0x00000006c0000000, 0x00000006c0000000|100%| O|  |TAMS 0x00000006c0000000, 0x00000006be000000| Updating 
|  92|0x00000006c0000000, 0x00000006c2000000, 0x00000006c2000000|100%| O|  |TAMS 0x00000006c2000000, 0x00000006c0000000| Updating 
|  93|0x00000006c2000000, 0x00000006c4000000, 0x00000006c4000000|100%| O|  |TAMS 0x00000006c4000000, 0x00000006c2000000| Untracked 
|  94|0x00000006c4000000, 0x00000006c6000000, 0x00000006c6000000|100%| O|  |TAMS 0x00000006c6000000, 0x00000006c4000000| Updating 
|  95|0x00000006c6000000, 0x00000006c8000000, 0x00000006c8000000|100%| O|  |TAMS 0x00000006c8000000, 0x00000006c6000000| Updating 
|  96|0x00000006c8000000, 0x00000006ca000000, 0x00000006ca000000|100%| O|  |TAMS 0x00000006ca000000, 0x00000006c8000000| Updating 
|  97|0x00000006ca000000, 0x00000006cc000000, 0x00000006cc000000|100%| O|  |TAMS 0x00000006cc000000, 0x00000006ca000000| Updating 
|  98|0x00000006cc000000, 0x00000006ce000000, 0x00000006ce000000|100%| O|  |TAMS 0x00000006ce000000, 0x00000006cc000000| Updating 
|  99|0x00000006ce000000, 0x00000006d0000000, 0x00000006d0000000|100%| O|  |TAMS 0x00000006d0000000, 0x00000006ce000000| Updating 
| 100|0x00000006d0000000, 0x00000006d2000000, 0x00000006d2000000|100%| O|  |TAMS 0x00000006d2000000, 0x00000006d0000000| Updating 
| 101|0x00000006d2000000, 0x00000006d4000000, 0x00000006d4000000|100%| O|  |TAMS 0x00000006d4000000, 0x00000006d2000000| Updating 
| 102|0x00000006d4000000, 0x00000006d6000000, 0x00000006d6000000|100%| O|  |TAMS 0x00000006d6000000, 0x00000006d4000000| Updating 
| 103|0x00000006d6000000, 0x00000006d8000000, 0x00000006d8000000|100%| O|  |TAMS 0x00000006d8000000, 0x00000006d6000000| Untracked 
| 104|0x00000006d8000000, 0x00000006da000000, 0x00000006da000000|100%| O|  |TAMS 0x00000006da000000, 0x00000006d8000000| Untracked 
| 105|0x00000006da000000, 0x00000006dc000000, 0x00000006dc000000|100%| O|  |TAMS 0x00000006dc000000, 0x00000006da000000| Updating 
| 106|0x00000006dc000000, 0x00000006de000000, 0x00000006de000000|100%| O|  |TAMS 0x00000006de000000, 0x00000006dc000000| Updating 
| 107|0x00000006de000000, 0x00000006e0000000, 0x00000006e0000000|100%| O|  |TAMS 0x00000006e0000000, 0x00000006de000000| Updating 
| 108|0x00000006e0000000, 0x00000006e2000000, 0x00000006e2000000|100%| O|  |TAMS 0x00000006e2000000, 0x00000006e0000000| Updating 
| 109|0x00000006e2000000, 0x00000006e4000000, 0x00000006e4000000|100%| O|  |TAMS 0x00000006e4000000, 0x00000006e2000000| Updating 
| 110|0x00000006e4000000, 0x00000006e6000000, 0x00000006e6000000|100%| O|  |TAMS 0x00000006e6000000, 0x00000006e4000000| Updating 
| 111|0x00000006e6000000, 0x00000006e8000000, 0x00000006e8000000|100%| O|  |TAMS 0x00000006e8000000, 0x00000006e6000000| Updating 
| 112|0x00000006e8000000, 0x00000006ea000000, 0x00000006ea000000|100%| O|  |TAMS 0x00000006ea000000, 0x00000006e8000000| Updating 
| 113|0x00000006ea000000, 0x00000006ec000000, 0x00000006ec000000|100%| O|  |TAMS 0x00000006ec000000, 0x00000006ea000000| Updating 
| 114|0x00000006ec000000, 0x00000006ee000000, 0x00000006ee000000|100%| O|  |TAMS 0x00000006ee000000, 0x00000006ec000000| Updating 
| 115|0x00000006ee000000, 0x00000006f0000000, 0x00000006f0000000|100%| O|  |TAMS 0x00000006f0000000, 0x00000006ee000000| Updating 
| 116|0x00000006f0000000, 0x00000006f2000000, 0x00000006f2000000|100%| O|  |TAMS 0x00000006f2000000, 0x00000006f0000000| Updating 
| 117|0x00000006f2000000, 0x00000006f4000000, 0x00000006f4000000|100%| O|  |TAMS 0x00000006f4000000, 0x00000006f2000000| Updating 
| 118|0x00000006f4000000, 0x00000006f6000000, 0x00000006f6000000|100%| O|  |TAMS 0x00000006f6000000, 0x00000006f4000000| Updating 
| 119|0x00000006f6000000, 0x00000006f8000000, 0x00000006f8000000|100%| O|  |TAMS 0x00000006f8000000, 0x00000006f6000000| Updating 
| 120|0x00000006f8000000, 0x00000006fa000000, 0x00000006fa000000|100%| O|  |TAMS 0x00000006fa000000, 0x00000006f8000000| Updating 
| 121|0x00000006fa000000, 0x00000006fc000000, 0x00000006fc000000|100%| O|  |TAMS 0x00000006fc000000, 0x00000006fa000000| Updating 
| 122|0x00000006fc000000, 0x00000006fe000000, 0x00000006fe000000|100%| O|  |TAMS 0x00000006fe000000, 0x00000006fc000000| Updating 
| 123|0x00000006fe000000, 0x0000000700000000, 0x0000000700000000|100%| O|  |TAMS 0x0000000700000000, 0x00000006fe000000| Updating 
| 124|0x0000000700000000, 0x0000000702000000, 0x0000000702000000|100%| O|  |TAMS 0x0000000702000000, 0x0000000700000000| Updating 
| 125|0x0000000702000000, 0x0000000704000000, 0x0000000704000000|100%| O|  |TAMS 0x0000000704000000, 0x0000000702000000| Updating 
| 126|0x0000000704000000, 0x0000000706000000, 0x0000000706000000|100%| O|  |TAMS 0x0000000706000000, 0x0000000704000000| Updating 
| 127|0x0000000706000000, 0x0000000708000000, 0x0000000708000000|100%| O|  |TAMS 0x0000000708000000, 0x0000000706000000| Updating 
| 128|0x0000000708000000, 0x000000070a000000, 0x000000070a000000|100%| O|  |TAMS 0x000000070a000000, 0x0000000708000000| Updating 
| 129|0x000000070a000000, 0x000000070c000000, 0x000000070c000000|100%| O|  |TAMS 0x000000070c000000, 0x000000070a000000| Untracked 
| 130|0x000000070c000000, 0x000000070e000000, 0x000000070e000000|100%| O|  |TAMS 0x000000070e000000, 0x000000070c000000| Untracked 
| 131|0x000000070e000000, 0x0000000710000000, 0x0000000710000000|100%| O|  |TAMS 0x0000000710000000, 0x000000070e000000| Untracked 
| 132|0x0000000710000000, 0x0000000712000000, 0x0000000712000000|100%| O|  |TAMS 0x0000000712000000, 0x0000000710000000| Untracked 
| 133|0x0000000712000000, 0x0000000714000000, 0x0000000714000000|100%| O|  |TAMS 0x0000000714000000, 0x0000000712000000| Untracked 
| 134|0x0000000714000000, 0x0000000714470200, 0x0000000716000000| 13%| O|  |TAMS 0x0000000714126600, 0x0000000714000000| Updating 
| 135|0x0000000716000000, 0x0000000716000000, 0x0000000718000000|  0%| F|  |TAMS 0x0000000716000000, 0x0000000716000000| Untracked 
| 136|0x0000000718000000, 0x0000000718000000, 0x000000071a000000|  0%| F|  |TAMS 0x0000000718000000, 0x0000000718000000| Untracked 
| 137|0x000000071a000000, 0x000000071a000000, 0x000000071c000000|  0%| F|  |TAMS 0x000000071a000000, 0x000000071a000000| Untracked 
| 138|0x000000071c000000, 0x000000071c000000, 0x000000071e000000|  0%| F|  |TAMS 0x000000071c000000, 0x000000071c000000| Untracked 
| 139|0x000000071e000000, 0x000000071e000000, 0x0000000720000000|  0%| F|  |TAMS 0x000000071e000000, 0x000000071e000000| Untracked 
| 140|0x0000000720000000, 0x0000000720000000, 0x0000000722000000|  0%| F|  |TAMS 0x0000000720000000, 0x0000000720000000| Untracked 
| 141|0x0000000722000000, 0x0000000722000000, 0x0000000724000000|  0%| F|  |TAMS 0x0000000722000000, 0x0000000722000000| Untracked 
| 142|0x0000000724000000, 0x0000000724000000, 0x0000000726000000|  0%| F|  |TAMS 0x0000000724000000, 0x0000000724000000| Untracked 
| 143|0x0000000726000000, 0x0000000726000000, 0x0000000728000000|  0%| F|  |TAMS 0x0000000726000000, 0x0000000726000000| Untracked 
| 144|0x0000000728000000, 0x00000007292795d8, 0x000000072a000000| 57%| S|CS|TAMS 0x0000000728000000, 0x0000000728000000| Complete 
| 145|0x000000072a000000, 0x000000072a000000, 0x000000072c000000|  0%| F|  |TAMS 0x000000072a000000, 0x000000072a000000| Untracked 
| 146|0x000000072c000000, 0x000000072c000000, 0x000000072e000000|  0%| F|  |TAMS 0x000000072c000000, 0x000000072c000000| Untracked 
| 147|0x000000072e000000, 0x000000072e000000, 0x0000000730000000|  0%| F|  |TAMS 0x000000072e000000, 0x000000072e000000| Untracked 
| 148|0x0000000730000000, 0x0000000730000000, 0x0000000732000000|  0%| F|  |TAMS 0x0000000730000000, 0x0000000730000000| Untracked 
| 149|0x0000000732000000, 0x0000000732000000, 0x0000000734000000|  0%| F|  |TAMS 0x0000000732000000, 0x0000000732000000| Untracked 
| 150|0x0000000734000000, 0x0000000734000000, 0x0000000736000000|  0%| F|  |TAMS 0x0000000734000000, 0x0000000734000000| Untracked 
| 151|0x0000000736000000, 0x0000000736000000, 0x0000000738000000|  0%| F|  |TAMS 0x0000000736000000, 0x0000000736000000| Untracked 
| 152|0x0000000738000000, 0x0000000738000000, 0x000000073a000000|  0%| F|  |TAMS 0x0000000738000000, 0x0000000738000000| Untracked 
| 153|0x000000073a000000, 0x000000073a000000, 0x000000073c000000|  0%| F|  |TAMS 0x000000073a000000, 0x000000073a000000| Untracked 
| 154|0x000000073c000000, 0x000000073c000000, 0x000000073e000000|  0%| F|  |TAMS 0x000000073c000000, 0x000000073c000000| Untracked 
| 155|0x000000073e000000, 0x000000073e000000, 0x0000000740000000|  0%| F|  |TAMS 0x000000073e000000, 0x000000073e000000| Untracked 
| 156|0x0000000740000000, 0x0000000740000000, 0x0000000742000000|  0%| F|  |TAMS 0x0000000740000000, 0x0000000740000000| Untracked 
| 157|0x0000000742000000, 0x0000000742000000, 0x0000000744000000|  0%| F|  |TAMS 0x0000000742000000, 0x0000000742000000| Untracked 
| 158|0x0000000744000000, 0x0000000744000000, 0x0000000746000000|  0%| F|  |TAMS 0x0000000744000000, 0x0000000744000000| Untracked 
| 159|0x0000000746000000, 0x0000000746000000, 0x0000000748000000|  0%| F|  |TAMS 0x0000000746000000, 0x0000000746000000| Untracked 
| 160|0x0000000748000000, 0x0000000748000000, 0x000000074a000000|  0%| F|  |TAMS 0x0000000748000000, 0x0000000748000000| Untracked 
| 161|0x000000074a000000, 0x000000074a000000, 0x000000074c000000|  0%| F|  |TAMS 0x000000074a000000, 0x000000074a000000| Untracked 
| 162|0x000000074c000000, 0x000000074c000000, 0x000000074e000000|  0%| F|  |TAMS 0x000000074c000000, 0x000000074c000000| Untracked 
| 163|0x000000074e000000, 0x000000074e000000, 0x0000000750000000|  0%| F|  |TAMS 0x000000074e000000, 0x000000074e000000| Untracked 
| 164|0x0000000750000000, 0x0000000750000000, 0x0000000752000000|  0%| F|  |TAMS 0x0000000750000000, 0x0000000750000000| Untracked 
| 165|0x0000000752000000, 0x0000000752000000, 0x0000000754000000|  0%| F|  |TAMS 0x0000000752000000, 0x0000000752000000| Untracked 
| 166|0x0000000754000000, 0x0000000754000000, 0x0000000756000000|  0%| F|  |TAMS 0x0000000754000000, 0x0000000754000000| Untracked 
| 167|0x0000000756000000, 0x0000000756000000, 0x0000000758000000|  0%| F|  |TAMS 0x0000000756000000, 0x0000000756000000| Untracked 
| 168|0x0000000758000000, 0x0000000758000000, 0x000000075a000000|  0%| F|  |TAMS 0x0000000758000000, 0x0000000758000000| Untracked 
| 169|0x000000075a000000, 0x000000075a000000, 0x000000075c000000|  0%| F|  |TAMS 0x000000075a000000, 0x000000075a000000| Untracked 
| 170|0x000000075c000000, 0x000000075c000000, 0x000000075e000000|  0%| F|  |TAMS 0x000000075c000000, 0x000000075c000000| Untracked 
| 171|0x000000075e000000, 0x000000075e000000, 0x0000000760000000|  0%| F|  |TAMS 0x000000075e000000, 0x000000075e000000| Untracked 
| 172|0x0000000760000000, 0x0000000760000000, 0x0000000762000000|  0%| F|  |TAMS 0x0000000760000000, 0x0000000760000000| Untracked 
| 173|0x0000000762000000, 0x0000000762000000, 0x0000000764000000|  0%| F|  |TAMS 0x0000000762000000, 0x0000000762000000| Untracked 
| 174|0x0000000764000000, 0x0000000764000000, 0x0000000766000000|  0%| F|  |TAMS 0x0000000764000000, 0x0000000764000000| Untracked 
| 175|0x0000000766000000, 0x0000000766000000, 0x0000000768000000|  0%| F|  |TAMS 0x0000000766000000, 0x0000000766000000| Untracked 
| 176|0x0000000768000000, 0x0000000768bf6bf8, 0x000000076a000000| 37%| E|  |TAMS 0x0000000768000000, 0x0000000768000000| Complete 
| 177|0x000000076a000000, 0x000000076c000000, 0x000000076c000000|100%| E|CS|TAMS 0x000000076a000000, 0x000000076a000000| Complete 
| 178|0x000000076c000000, 0x000000076e000000, 0x000000076e000000|100%| E|CS|TAMS 0x000000076c000000, 0x000000076c000000| Complete 

Card table byte_map: [0x0000018859f50000,0x000001885af10000] _byte_map_base: 0x0000018856f10000

Marking Bits (Prev, Next): (CMBitMap*) 0x00000188462fa1c0, (CMBitMap*) 0x00000188462fa200
 Prev Bits: [0x000001885bed0000, 0x0000018863cd0000)
 Next Bits: [0x0000018863cd0000, 0x000001886bad0000)

Polling page: 0x0000018843f60000

Metaspace:

Usage:
  Non-class:    259.24 MB used.
      Class:     53.52 MB used.
       Both:    312.76 MB used.

Virtual space:
  Non-class space:      264.00 MB reserved,     260.56 MB ( 99%) committed,  33 nodes.
      Class space:        1.00 GB reserved,      54.62 MB (  5%) committed,  1 nodes.
             Both:        1.26 GB reserved,     315.19 MB ( 24%) committed. 

Chunk freelists:
   Non-Class:  3.03 MB
       Class:  1.39 MB
        Both:  4.42 MB

MaxMetaspaceSize: unlimited
CompressedClassSpaceSize: 1.00 GB
Initial GC threshold: 21.00 MB
Current GC threshold: 479.00 MB
CDS: off
MetaspaceReclaimPolicy: balanced
 - commit_granule_bytes: 65536.
 - commit_granule_words: 8192.
 - virtual_space_node_default_size: 1048576.
 - enlarge_chunks_in_place: 1.
 - new_chunks_are_fully_committed: 0.
 - uncommit_free_chunks: 1.
 - use_allocation_guard: 0.
 - handle_deallocations: 1.


Internal statistics:

num_allocs_failed_limit: 140.
num_arena_births: 4098.
num_arena_deaths: 2.
num_vsnodes_births: 34.
num_vsnodes_deaths: 0.
num_space_committed: 5037.
num_space_uncommitted: 0.
num_chunks_returned_to_freelist: 143.
num_chunks_taken_from_freelist: 17085.
num_chunk_merges: 137.
num_chunk_splits: 11849.
num_chunks_enlarged: 8601.
num_purges: 2.
num_inconsistent_stats: 0.

CodeHeap 'non-profiled nmethods': size=120000Kb used=70934Kb max_used=71026Kb free=49065Kb
 bounds [0x0000018851500000, 0x0000018855a60000, 0x0000018858a30000]
CodeHeap 'profiled nmethods': size=120000Kb used=69091Kb max_used=73050Kb free=50908Kb
 bounds [0x0000018849fd0000, 0x000001884e7e0000, 0x0000018851500000]
CodeHeap 'non-nmethods': size=5760Kb used=2978Kb max_used=3072Kb free=2781Kb
 bounds [0x0000018849a30000, 0x0000018849d40000, 0x0000018849fd0000]
 total_blobs=47813 nmethods=45035 adapters=2681
 compilation: enabled
              stopped_count=0, restarted_count=0
 full_count=0

Compilation events (20 events):
Event: 1961.017 Thread 0x000001886f11a010 73057       4       net.mcreator.borninchaosv.procedures.DecayingZombiePriObnovlieniiTaktaSushchnostiProcedure::execute (520 bytes)
Event: 1961.213 Thread 0x000001886f11a010 nmethod 73057 0x0000018854d48e90 code [0x0000018854d49640, 0x0000018854d4e960]
Event: 1965.887 Thread 0x000001886f11a010 73058       4       com.udojava.evalex.Expression$4::eval (22 bytes)
Event: 1965.890 Thread 0x000001886f11a010 nmethod 73058 0x0000018854cbbc90 code [0x0000018854cbbe40, 0x0000018854cbc188]
Event: 1969.633 Thread 0x000001886f11a010 73059       4       net.minecraft.client.gui.screens.inventory.CreativeModeInventoryScreen::m_6305_ (347 bytes)
Event: 1969.815 Thread 0x000001886f11a010 nmethod 73059 0x00000188556f4710 code [0x00000188556f4cc0, 0x00000188556f9a98]
Event: 1972.247 Thread 0x000001886f11a010 73060       4       io.netty.util.concurrent.SingleThreadEventExecutor::hasTasks (39 bytes)
Event: 1972.248 Thread 0x000001886f11a010 nmethod 73060 0x000001885513a390 code [0x000001885513a500, 0x000001885513a5d8]
Event: 1973.145 Thread 0x000001886f11a010 73061       4       net.minecraft.server.level.ChunkMap::m_140329_ (29 bytes)
Event: 1973.146 Thread 0x000001886f11a010 nmethod 73061 0x000001885513a010 code [0x000001885513a1a0, 0x000001885513a258]
Event: 1974.984 Thread 0x000001886f11a010 73062       4       io.netty.buffer.AbstractByteBuf::readFloat (8 bytes)
Event: 1974.986 Thread 0x000001886f11a010 nmethod 73062 0x0000018855139910 code [0x0000018855139aa0, 0x0000018855139c18]
Event: 1976.422 Thread 0x000001886f11a010 73063       4       com.github.alexthe666.alexsmobs.event.__ServerEvents_onEntityResize_Size::invoke (9 bytes)
Event: 1976.425 Thread 0x000001886f11a010 nmethod 73063 0x0000018854339d10 code [0x0000018854339ec0, 0x000001885433a078]
Event: 1976.425 Thread 0x000001886f11a010 73064       4       vazkii.quark.content.tweaks.module.__VillagersFollowEmeraldsModule_onVillagerAppear_EntityJoinLevelEvent::invoke (15 bytes)
Event: 1976.426 Thread 0x000001880b7c8a70 73065   !   4       vazkii.quark.content.tweaks.module.VillagersFollowEmeraldsModule::onVillagerAppear (83 bytes)
Event: 1976.550 Thread 0x000001886f11a010 nmethod 73064 0x0000018854d44010 code [0x0000018854d444e0, 0x0000018854d47438]
Event: 1976.551 Thread 0x000001880b7c8a70 nmethod 73065 0x00000188558b0610 code [0x00000188558b0ae0, 0x00000188558b39d8]
Event: 1978.075 Thread 0x000001880b7c8a70 73068       4       net.mehvahdjukaar.moonlight.api.block.ItemDisplayTile::m_6643_ (8 bytes)
Event: 1978.076 Thread 0x000001880b7c8a70 nmethod 73068 0x0000018854339990 code [0x0000018854339b20, 0x0000018854339bf8]

GC Heap History (20 events):
Event: 1953.479 GC heap before
{Heap before GC invocations=744 (full 0):
 garbage-first heap   total 5865472K, used 5486807K [0x0000000608000000, 0x0000000800000000)
  region size 32768K, 35 young (1146880K), 2 survivors (65536K)
 Metaspace       used 320260K, committed 322752K, reserved 1318912K
  class space    used 54805K, committed 55936K, reserved 1048576K
}
Event: 1953.521 GC heap after
{Heap after GC invocations=745 (full 0):
 garbage-first heap   total 5865472K, used 4406988K [0x0000000608000000, 0x0000000800000000)
  region size 32768K, 2 young (65536K), 2 survivors (65536K)
 Metaspace       used 320260K, committed 322752K, reserved 1318912K
  class space    used 54805K, committed 55936K, reserved 1048576K
}
Event: 1955.802 GC heap before
{Heap before GC invocations=745 (full 0):
 garbage-first heap   total 5865472K, used 5488332K [0x0000000608000000, 0x0000000800000000)
  region size 32768K, 35 young (1146880K), 2 survivors (65536K)
 Metaspace       used 320264K, committed 322752K, reserved 1318912K
  class space    used 54806K, committed 55936K, reserved 1048576K
}
Event: 1955.846 GC heap after
{Heap after GC invocations=746 (full 0):
 garbage-first heap   total 5865472K, used 4411039K [0x0000000608000000, 0x0000000800000000)
  region size 32768K, 3 young (98304K), 3 survivors (98304K)
 Metaspace       used 320264K, committed 322752K, reserved 1318912K
  class space    used 54806K, committed 55936K, reserved 1048576K
}
Event: 1958.563 GC heap before
{Heap before GC invocations=746 (full 0):
 garbage-first heap   total 5865472K, used 5459615K [0x0000000608000000, 0x0000000800000000)
  region size 32768K, 35 young (1146880K), 3 survivors (98304K)
 Metaspace       used 320266K, committed 322752K, reserved 1318912K
  class space    used 54806K, committed 55936K, reserved 1048576K
}
Event: 1958.605 GC heap after
{Heap after GC invocations=747 (full 0):
 garbage-first heap   total 5865472K, used 4410426K [0x0000000608000000, 0x0000000800000000)
  region size 32768K, 3 young (98304K), 3 survivors (98304K)
 Metaspace       used 320266K, committed 322752K, reserved 1318912K
  class space    used 54806K, committed 55936K, reserved 1048576K
}
Event: 1961.229 GC heap before
{Heap before GC invocations=747 (full 0):
 garbage-first heap   total 5865472K, used 5459002K [0x0000000608000000, 0x0000000800000000)
  region size 32768K, 35 young (1146880K), 3 survivors (98304K)
 Metaspace       used 320266K, committed 322752K, reserved 1318912K
  class space    used 54806K, committed 55936K, reserved 1048576K
}
Event: 1961.272 GC heap after
{Heap after GC invocations=748 (full 0):
 garbage-first heap   total 5865472K, used 4410426K [0x0000000608000000, 0x0000000800000000)
  region size 32768K, 3 young (98304K), 3 survivors (98304K)
 Metaspace       used 320266K, committed 322752K, reserved 1318912K
  class space    used 54806K, committed 55936K, reserved 1048576K
}
Event: 1963.917 GC heap before
{Heap before GC invocations=748 (full 0):
 garbage-first heap   total 5865472K, used 5459002K [0x0000000608000000, 0x0000000800000000)
  region size 32768K, 35 young (1146880K), 3 survivors (98304K)
 Metaspace       used 320266K, committed 322752K, reserved 1318912K
  class space    used 54806K, committed 55936K, reserved 1048576K
}
Event: 1963.960 GC heap after
{Heap after GC invocations=749 (full 0):
 garbage-first heap   total 5865472K, used 4410426K [0x0000000608000000, 0x0000000800000000)
  region size 32768K, 3 young (98304K), 3 survivors (98304K)
 Metaspace       used 320266K, committed 322752K, reserved 1318912K
  class space    used 54806K, committed 55936K, reserved 1048576K
}
Event: 1966.565 GC heap before
{Heap before GC invocations=749 (full 0):
 garbage-first heap   total 5865472K, used 5459002K [0x0000000608000000, 0x0000000800000000)
  region size 32768K, 35 young (1146880K), 3 survivors (98304K)
 Metaspace       used 320266K, committed 322752K, reserved 1318912K
  class space    used 54806K, committed 55936K, reserved 1048576K
}
Event: 1966.607 GC heap after
{Heap after GC invocations=750 (full 0):
 garbage-first heap   total 5865472K, used 4409907K [0x0000000608000000, 0x0000000800000000)
  region size 32768K, 2 young (65536K), 2 survivors (65536K)
 Metaspace       used 320266K, committed 322752K, reserved 1318912K
  class space    used 54806K, committed 55936K, reserved 1048576K
}
Event: 1969.303 GC heap before
{Heap before GC invocations=750 (full 0):
 garbage-first heap   total 5865472K, used 5491251K [0x0000000608000000, 0x0000000800000000)
  region size 32768K, 35 young (1146880K), 2 survivors (65536K)
 Metaspace       used 320266K, committed 322752K, reserved 1318912K
  class space    used 54806K, committed 55936K, reserved 1048576K
}
Event: 1969.352 GC heap after
{Heap after GC invocations=751 (full 0):
 garbage-first heap   total 5865472K, used 4412463K [0x0000000608000000, 0x0000000800000000)
  region size 32768K, 2 young (65536K), 2 survivors (65536K)
 Metaspace       used 320266K, committed 322752K, reserved 1318912K
  class space    used 54806K, committed 55936K, reserved 1048576K
}
Event: 1972.026 GC heap before
{Heap before GC invocations=751 (full 0):
 garbage-first heap   total 5865472K, used 5493807K [0x0000000608000000, 0x0000000800000000)
  region size 32768K, 35 young (1146880K), 2 survivors (65536K)
 Metaspace       used 320266K, committed 322752K, reserved 1318912K
  class space    used 54806K, committed 55936K, reserved 1048576K
}
Event: 1972.050 GC heap after
{Heap after GC invocations=752 (full 0):
 garbage-first heap   total 5865472K, used 4413921K [0x0000000608000000, 0x0000000800000000)
  region size 32768K, 1 young (32768K), 1 survivors (32768K)
 Metaspace       used 320266K, committed 322752K, reserved 1318912K
  class space    used 54806K, committed 55936K, reserved 1048576K
}
Event: 1974.869 GC heap before
{Heap before GC invocations=752 (full 0):
 garbage-first heap   total 5865472K, used 5528033K [0x0000000608000000, 0x0000000800000000)
  region size 32768K, 35 young (1146880K), 1 survivors (32768K)
 Metaspace       used 320266K, committed 322752K, reserved 1318912K
  class space    used 54806K, committed 55936K, reserved 1048576K
}
Event: 1974.918 GC heap after
{Heap after GC invocations=753 (full 0):
 garbage-first heap   total 5865472K, used 4412737K [0x0000000608000000, 0x0000000800000000)
  region size 32768K, 1 young (32768K), 1 survivors (32768K)
 Metaspace       used 320266K, committed 322752K, reserved 1318912K
  class space    used 54806K, committed 55936K, reserved 1048576K
}
Event: 1978.001 GC heap before
{Heap before GC invocations=753 (full 0):
 garbage-first heap   total 5865472K, used 5526849K [0x0000000608000000, 0x0000000800000000)
  region size 32768K, 35 young (1146880K), 1 survivors (32768K)
 Metaspace       used 320266K, committed 322752K, reserved 1318912K
  class space    used 54806K, committed 55936K, reserved 1048576K
}
Event: 1978.015 GC heap after
{Heap after GC invocations=754 (full 0):
 garbage-first heap   total 5865472K, used 4414373K [0x0000000608000000, 0x0000000800000000)
  region size 32768K, 1 young (32768K), 1 survivors (32768K)
 Metaspace       used 320266K, committed 322752K, reserved 1318912K
  class space    used 54806K, committed 55936K, reserved 1048576K
}

Deoptimization events (20 events):
Event: 1953.355 Thread 0x0000018846287f40 Uncommon trap: trap_request=0xffffffde fr.pc=0x000001885589d62c relative=0x00000000000008ec
Event: 1953.355 Thread 0x0000018846287f40 Uncommon trap: reason=class_check action=maybe_recompile pc=0x000001885589d62c method=vazkii.quark.content.client.tooltip.FoodTooltips.makeTooltip(Lnet/minecraftforge/client/event/RenderTooltipEvent$GatherComponents;ZZ)V @ 16 c2
Event: 1953.355 Thread 0x0000018846287f40 DEOPT PACKING pc=0x000001885589d62c sp=0x00000029894fd9b0
Event: 1953.355 Thread 0x0000018846287f40 DEOPT UNPACKING pc=0x0000018849a823a3 sp=0x00000029894fd948 mode 2
Event: 1953.355 Thread 0x0000018846287f40 Uncommon trap: trap_request=0xffffffc6 fr.pc=0x00000188558a2788 relative=0x00000000000003e8
Event: 1953.355 Thread 0x0000018846287f40 Uncommon trap: reason=bimorphic_or_optimized_type_check action=maybe_recompile pc=0x00000188558a2788 method=vazkii.quark.content.management.module.ExpandedItemInteractionsModule.gatherTooltip(Lnet/minecraftforge/client/event/RenderTooltipEvent$GatherCompo
Event: 1953.355 Thread 0x0000018846287f40 DEOPT PACKING pc=0x00000188558a2788 sp=0x00000029894fda40
Event: 1953.355 Thread 0x0000018846287f40 DEOPT UNPACKING pc=0x0000018849a823a3 sp=0x00000029894fd950 mode 2
Event: 1954.276 Thread 0x0000018846287f40 Uncommon trap: trap_request=0xffffff45 fr.pc=0x000001885350710c relative=0x000000000000006c
Event: 1954.276 Thread 0x0000018846287f40 Uncommon trap: reason=unstable_if action=reinterpret pc=0x000001885350710c method=vazkii.quark.base.client.handler.TopLayerTooltipHandler.renderTick(Lnet/minecraftforge/event/TickEvent$RenderTickEvent;)V @ 13 c2
Event: 1954.276 Thread 0x0000018846287f40 DEOPT PACKING pc=0x000001885350710c sp=0x00000029894fdea0
Event: 1954.276 Thread 0x0000018846287f40 DEOPT UNPACKING pc=0x0000018849a823a3 sp=0x00000029894fddb8 mode 2
Event: 1954.298 Thread 0x0000018846287f40 Uncommon trap: trap_request=0xffffff45 fr.pc=0x00000188530954b8 relative=0x0000000000000038
Event: 1954.298 Thread 0x0000018846287f40 Uncommon trap: reason=unstable_if action=reinterpret pc=0x00000188530954b8 method=vazkii.quark.base.client.handler.TopLayerTooltipHandler.renderTick(Lnet/minecraftforge/event/TickEvent$RenderTickEvent;)V @ 13 c2
Event: 1954.298 Thread 0x0000018846287f40 DEOPT PACKING pc=0x00000188530954b8 sp=0x00000029894fde20
Event: 1954.298 Thread 0x0000018846287f40 DEOPT UNPACKING pc=0x0000018849a823a3 sp=0x00000029894fdda0 mode 2
Event: 1954.361 Thread 0x0000018846287f40 Uncommon trap: trap_request=0xffffff45 fr.pc=0x0000018855740c6c relative=0x0000000000003eac
Event: 1954.361 Thread 0x0000018846287f40 Uncommon trap: reason=unstable_if action=reinterpret pc=0x0000018855740c6c method=vazkii.quark.content.client.tooltip.AttributeTooltips.getPrimarySlot(Lnet/minecraft/world/item/ItemStack;)Lvazkii/quark/content/client/resources/AttributeSlot; @ 7 c2
Event: 1954.361 Thread 0x0000018846287f40 DEOPT PACKING pc=0x0000018855740c6c sp=0x00000029894fd8f0
Event: 1954.361 Thread 0x0000018846287f40 DEOPT UNPACKING pc=0x0000018849a823a3 sp=0x00000029894fd8a8 mode 2

Classes unloaded (1 events):
Event: 1978.189 Thread 0x000001886e6bdc40 Unloading class 0x00000008035c0800 'java/lang/invoke/LambdaForm$DMH+0x00000008035c0800'

Classes redefined (0 events):
No events

Internal exceptions (20 events):
Event: 1948.660 Thread 0x0000018846287f40 Exception <a 'java/io/IOException'{0x000000076c7557a8}> (0x000000076c7557a8) 
thrown [d:\a\_work\1\jdk\src\hotspot\share\prims\jni.cpp, line 516]
Event: 1948.660 Thread 0x0000018846287f40 Exception <a 'java/io/IOException'{0x000000076d3fba90}> (0x000000076d3fba90) 
thrown [d:\a\_work\1\jdk\src\hotspot\share\prims\jni.cpp, line 516]
Event: 1948.660 Thread 0x0000018846287f40 Exception <a 'java/io/IOException'{0x000000076d3fc048}> (0x000000076d3fc048) 
thrown [d:\a\_work\1\jdk\src\hotspot\share\prims\jni.cpp, line 516]
Event: 1950.303 Thread 0x000001887b55b3c0 Exception <a 'sun/nio/fs/WindowsException'{0x0000000740012768}> (0x0000000740012768) 
thrown [d:\a\_work\1\jdk\src\hotspot\share\prims\jni.cpp, line 516]
Event: 1952.103 Thread 0x000001887b55b3c0 Exception <a 'sun/nio/fs/WindowsException'{0x000000075600c940}> (0x000000075600c940) 
thrown [d:\a\_work\1\jdk\src\hotspot\share\prims\jni.cpp, line 516]
Event: 1952.235 Thread 0x000001887b55b3c0 Exception <a 'sun/nio/fs/WindowsException'{0x00000007522225a8}> (0x00000007522225a8) 
thrown [d:\a\_work\1\jdk\src\hotspot\share\prims\jni.cpp, line 516]
Event: 1952.235 Thread 0x000001887b5583a0 Exception <a 'sun/nio/fs/WindowsException'{0x00000007522278a0}> (0x00000007522278a0) 
thrown [d:\a\_work\1\jdk\src\hotspot\share\prims\jni.cpp, line 516]
Event: 1952.236 Thread 0x000001887b55b3c0 Exception <a 'sun/nio/fs/WindowsException'{0x000000075222e158}> (0x000000075222e158) 
thrown [d:\a\_work\1\jdk\src\hotspot\share\prims\jni.cpp, line 516]
Event: 1952.305 Thread 0x000001887b5583a0 Exception <a 'sun/nio/fs/WindowsException'{0x0000000750ca5ad0}> (0x0000000750ca5ad0) 
thrown [d:\a\_work\1\jdk\src\hotspot\share\prims\jni.cpp, line 516]
Event: 1952.310 Thread 0x000001887b5583a0 Exception <a 'sun/nio/fs/WindowsException'{0x00000007515a2ac8}> (0x00000007515a2ac8) 
thrown [d:\a\_work\1\jdk\src\hotspot\share\prims\jni.cpp, line 516]
Event: 1953.653 Thread 0x000001887b55b3c0 Exception <a 'sun/nio/fs/WindowsException'{0x00000007687d5360}> (0x00000007687d5360) 
thrown [d:\a\_work\1\jdk\src\hotspot\share\prims\jni.cpp, line 516]
Event: 1957.903 Thread 0x000001887b55b3c0 Exception <a 'sun/nio/fs/WindowsException'{0x000000073c00f240}> (0x000000073c00f240) 
thrown [d:\a\_work\1\jdk\src\hotspot\share\prims\jni.cpp, line 516]
Event: 1958.204 Thread 0x000001887b55b3c0 Exception <a 'sun/nio/fs/WindowsException'{0x0000000737987248}> (0x0000000737987248) 
thrown [d:\a\_work\1\jdk\src\hotspot\share\prims\jni.cpp, line 516]
Event: 1962.104 Thread 0x000001887b55b3c0 Exception <a 'sun/nio/fs/WindowsException'{0x0000000758bd2580}> (0x0000000758bd2580) 
thrown [d:\a\_work\1\jdk\src\hotspot\share\prims\jni.cpp, line 516]
Event: 1962.304 Thread 0x000001887b55b3c0 Exception <a 'sun/nio/fs/WindowsException'{0x0000000755334288}> (0x0000000755334288) 
thrown [d:\a\_work\1\jdk\src\hotspot\share\prims\jni.cpp, line 516]
Event: 1963.653 Thread 0x000001887b55b3c0 Exception <a 'sun/nio/fs/WindowsException'{0x0000000735320090}> (0x0000000735320090) 
thrown [d:\a\_work\1\jdk\src\hotspot\share\prims\jni.cpp, line 516]
Event: 1963.702 Thread 0x000001887b55b3c0 Exception <a 'sun/nio/fs/WindowsException'{0x0000000732c93f90}> (0x0000000732c93f90) 
thrown [d:\a\_work\1\jdk\src\hotspot\share\prims\jni.cpp, line 516]
Event: 1966.952 Thread 0x000001887b55b3c0 Exception <a 'sun/nio/fs/WindowsException'{0x0000000765456d88}> (0x0000000765456d88) 
thrown [d:\a\_work\1\jdk\src\hotspot\share\prims\jni.cpp, line 516]
Event: 1967.102 Thread 0x000001887b55b3c0 Exception <a 'sun/nio/fs/WindowsException'{0x000000076145a298}> (0x000000076145a298) 
thrown [d:\a\_work\1\jdk\src\hotspot\share\prims\jni.cpp, line 516]
Event: 1972.305 Thread 0x000001887b557a00 Exception <a 'sun/nio/fs/WindowsException'{0x0000000766bc9138}> (0x0000000766bc9138) 
thrown [d:\a\_work\1\jdk\src\hotspot\share\prims\jni.cpp, line 516]

VM Operations (20 events):
Event: 1961.272 Executing VM operation: G1CollectForAllocation done
Event: 1962.272 Executing VM operation: Cleanup
Event: 1962.272 Executing VM operation: Cleanup done
Event: 1963.917 Executing VM operation: G1CollectForAllocation
Event: 1963.960 Executing VM operation: G1CollectForAllocation done
Event: 1966.565 Executing VM operation: G1CollectForAllocation
Event: 1966.607 Executing VM operation: G1CollectForAllocation done
Event: 1969.303 Executing VM operation: G1CollectForAllocation
Event: 1969.352 Executing VM operation: G1CollectForAllocation done
Event: 1970.352 Executing VM operation: Cleanup
Event: 1970.352 Executing VM operation: Cleanup done
Event: 1972.026 Executing VM operation: G1CollectForAllocation
Event: 1972.050 Executing VM operation: G1CollectForAllocation done
Event: 1974.869 Executing VM operation: G1CollectForAllocation
Event: 1974.918 Executing VM operation: G1CollectForAllocation done
Event: 1976.919 Executing VM operation: Cleanup
Event: 1976.921 Executing VM operation: Cleanup done
Event: 1978.000 Executing VM operation: G1CollectForAllocation
Event: 1978.015 Executing VM operation: G1CollectForAllocation done
Event: 1978.188 Executing VM operation: G1Concurrent

Events (20 events):
Event: 1959.694 Thread 0x00000188aacb8900 Thread added: 0x00000188aacb8900
Event: 1960.154 Thread 0x00000188aacb8900 Thread exited: 0x00000188aacb8900
Event: 1961.702 Thread 0x00000188aacbb920 Thread added: 0x00000188aacbb920
Event: 1962.178 Thread 0x00000188aacbb920 Thread exited: 0x00000188aacbb920
Event: 1963.681 Thread 0x00000188aacbb920 Thread added: 0x00000188aacbb920
Event: 1964.229 Thread 0x00000188aacbb920 Thread exited: 0x00000188aacbb920
Event: 1965.682 Thread 0x00000188aacb7f60 Thread added: 0x00000188aacb7f60
Event: 1966.152 Thread 0x00000188aacb7f60 Thread exited: 0x00000188aacb7f60
Event: 1967.680 Thread 0x00000188aacba5e0 Thread added: 0x00000188aacba5e0
Event: 1968.176 Thread 0x00000188aacba5e0 Thread exited: 0x00000188aacba5e0
Event: 1969.691 Thread 0x00000188aacbb920 Thread added: 0x00000188aacbb920
Event: 1970.165 Thread 0x00000188aacbb920 Thread exited: 0x00000188aacbb920
Event: 1971.695 Thread 0x00000188aacbb920 Thread added: 0x00000188aacbb920
Event: 1972.175 Thread 0x00000188aacbb920 Thread exited: 0x00000188aacbb920
Event: 1973.682 Thread 0x00000188aacb8900 Thread added: 0x00000188aacb8900
Event: 1974.177 Thread 0x00000188aacb8900 Thread exited: 0x00000188aacb8900
Event: 1975.690 Thread 0x00000188aacba5e0 Thread added: 0x00000188aacba5e0
Event: 1976.185 Thread 0x00000188aacba5e0 Thread exited: 0x00000188aacba5e0
Event: 1976.425 Thread 0x000001880b7c8a70 Thread added: 0x000001880b7c8a70
Event: 1977.686 Thread 0x00000188aacbb920 Thread added: 0x00000188aacbb920


Dynamic libraries:
0x00007ff759480000 - 0x00007ff75948e000 	C:\Users\Marce\curseforge\minecraft\Install\runtime\java-runtime-gamma\windows-x64\java-runtime-gamma\bin\javaw.exe
0x00007fff8f370000 - 0x00007fff8f568000 	C:\WINDOWS\SYSTEM32\ntdll.dll
0x00007fff8f0c0000 - 0x00007fff8f17d000 	C:\WINDOWS\System32\KERNEL32.DLL
0x00007fff8ce00000 - 0x00007fff8d0d2000 	C:\WINDOWS\System32\KERNELBASE.dll
0x00007fff8d170000 - 0x00007fff8d270000 	C:\WINDOWS\System32\ucrtbase.dll
0x00007fff81e90000 - 0x00007fff81ea8000 	C:\Users\Marce\curseforge\minecraft\Install\runtime\java-runtime-gamma\windows-x64\java-runtime-gamma\bin\jli.dll
0x00007fff81e70000 - 0x00007fff81e8b000 	C:\Users\Marce\curseforge\minecraft\Install\runtime\java-runtime-gamma\windows-x64\java-runtime-gamma\bin\VCRUNTIME140.dll
0x00007fff8e740000 - 0x00007fff8e8dd000 	C:\WINDOWS\System32\USER32.dll
0x00007fff79bf0000 - 0x00007fff79e8a000 	C:\WINDOWS\WinSxS\amd64_microsoft.windows.common-controls_6595b64144ccf1df_6.0.19041.1110_none_60b5254171f9507e\COMCTL32.dll
0x00007fff8f290000 - 0x00007fff8f32e000 	C:\WINDOWS\System32\msvcrt.dll
0x00007fff8ccc0000 - 0x00007fff8cce2000 	C:\WINDOWS\System32\win32u.dll
0x00007fff8dab0000 - 0x00007fff8dadb000 	C:\WINDOWS\System32\GDI32.dll
0x00007fff8ccf0000 - 0x00007fff8cdff000 	C:\WINDOWS\System32\gdi32full.dll
0x00007fff8ca80000 - 0x00007fff8cb1d000 	C:\WINDOWS\System32\msvcp_win.dll
0x00007fff8f180000 - 0x00007fff8f1b0000 	C:\WINDOWS\System32\IMM32.DLL
0x00007fff856c0000 - 0x00007fff856cc000 	C:\Users\Marce\curseforge\minecraft\Install\runtime\java-runtime-gamma\windows-x64\java-runtime-gamma\bin\vcruntime140_1.dll
0x00007fff61de0000 - 0x00007fff61e6d000 	C:\Users\Marce\curseforge\minecraft\Install\runtime\java-runtime-gamma\windows-x64\java-runtime-gamma\bin\msvcp140.dll
0x00007fff35d60000 - 0x00007fff369bd000 	C:\Users\Marce\curseforge\minecraft\Install\runtime\java-runtime-gamma\windows-x64\java-runtime-gamma\bin\server\jvm.dll
0x00007fff8f1b0000 - 0x00007fff8f25e000 	C:\WINDOWS\System32\ADVAPI32.dll
0x00007fff8e8e0000 - 0x00007fff8e97c000 	C:\WINDOWS\System32\sechost.dll
0x00007fff8e610000 - 0x00007fff8e735000 	C:\WINDOWS\System32\RPCRT4.dll
0x00007fff8ec80000 - 0x00007fff8ec88000 	C:\WINDOWS\System32\PSAPI.DLL
0x00007fff87fd0000 - 0x00007fff87fd9000 	C:\WINDOWS\SYSTEM32\WSOCK32.dll
0x00007fff7f420000 - 0x00007fff7f447000 	C:\WINDOWS\SYSTEM32\WINMM.dll
0x00007fff8e980000 - 0x00007fff8e9eb000 	C:\WINDOWS\System32\WS2_32.dll
0x00007fff8b880000 - 0x00007fff8b88a000 	C:\WINDOWS\SYSTEM32\VERSION.dll
0x00007fff8b840000 - 0x00007fff8b852000 	C:\WINDOWS\SYSTEM32\kernel.appcore.dll
0x00007fff851b0000 - 0x00007fff851ba000 	C:\Users\Marce\curseforge\minecraft\Install\runtime\java-runtime-gamma\windows-x64\java-runtime-gamma\bin\jimage.dll
0x00007fff8adb0000 - 0x00007fff8af94000 	C:\WINDOWS\SYSTEM32\DBGHELP.DLL
0x00007fff71e20000 - 0x00007fff71e4c000 	C:\WINDOWS\SYSTEM32\dbgcore.DLL
0x00007fff8d0e0000 - 0x00007fff8d162000 	C:\WINDOWS\System32\bcryptPrimitives.dll
0x00007fff81610000 - 0x00007fff81635000 	C:\Users\Marce\curseforge\minecraft\Install\runtime\java-runtime-gamma\windows-x64\java-runtime-gamma\bin\java.dll
0x00007fff7f380000 - 0x00007fff7f398000 	C:\Users\Marce\curseforge\minecraft\Install\runtime\java-runtime-gamma\windows-x64\java-runtime-gamma\bin\zip.dll
0x00007fff61bf0000 - 0x00007fff61cc7000 	C:\Users\Marce\curseforge\minecraft\Install\runtime\java-runtime-gamma\windows-x64\java-runtime-gamma\bin\jsvml.dll
0x00007fff8ddf0000 - 0x00007fff8e533000 	C:\WINDOWS\System32\SHELL32.dll
0x00007fff8a610000 - 0x00007fff8ada1000 	C:\WINDOWS\SYSTEM32\windows.storage.dll
0x00007fff8ec90000 - 0x00007fff8efe4000 	C:\WINDOWS\System32\combase.dll
0x00007fff8c4e0000 - 0x00007fff8c510000 	C:\WINDOWS\SYSTEM32\Wldp.dll
0x00007fff8dc00000 - 0x00007fff8dcad000 	C:\WINDOWS\System32\SHCORE.dll
0x00007fff8e5b0000 - 0x00007fff8e605000 	C:\WINDOWS\System32\shlwapi.dll
0x00007fff8c9c0000 - 0x00007fff8c9df000 	C:\WINDOWS\SYSTEM32\profapi.dll
0x00007fff7f360000 - 0x00007fff7f379000 	C:\Users\Marce\curseforge\minecraft\Install\runtime\java-runtime-gamma\windows-x64\java-runtime-gamma\bin\net.dll
0x00007fff846b0000 - 0x00007fff847bd000 	C:\WINDOWS\SYSTEM32\WINHTTP.dll
0x00007fff8c240000 - 0x00007fff8c2aa000 	C:\WINDOWS\system32\mswsock.dll
0x00007fff7f300000 - 0x00007fff7f316000 	C:\Users\Marce\curseforge\minecraft\Install\runtime\java-runtime-gamma\windows-x64\java-runtime-gamma\bin\nio.dll
0x00007fff82390000 - 0x00007fff823a0000 	C:\Users\Marce\curseforge\minecraft\Install\runtime\java-runtime-gamma\windows-x64\java-runtime-gamma\bin\verify.dll
0x00007fff82080000 - 0x00007fff82089000 	C:\Users\Marce\curseforge\minecraft\Install\runtime\java-runtime-gamma\windows-x64\java-runtime-gamma\bin\management.dll
0x00007fff81db0000 - 0x00007fff81dbb000 	C:\Users\Marce\curseforge\minecraft\Install\runtime\java-runtime-gamma\windows-x64\java-runtime-gamma\bin\management_ext.dll
0x00007fff72770000 - 0x00007fff72787000 	C:\WINDOWS\system32\napinsp.dll
0x00007fff726e0000 - 0x00007fff726fb000 	C:\WINDOWS\system32\pnrpnsp.dll
0x00007fff725c0000 - 0x00007fff725d5000 	C:\WINDOWS\system32\wshbth.dll
0x00007fff87fb0000 - 0x00007fff87fcd000 	C:\WINDOWS\system32\NLAapi.dll
0x00007fff8bee0000 - 0x00007fff8bf1b000 	C:\WINDOWS\SYSTEM32\IPHLPAPI.DLL
0x00007fff8bf20000 - 0x00007fff8bfea000 	C:\WINDOWS\SYSTEM32\DNSAPI.dll
0x00007fff8f280000 - 0x00007fff8f288000 	C:\WINDOWS\System32\NSI.dll
0x00007fff725a0000 - 0x00007fff725b2000 	C:\WINDOWS\System32\winrnr.dll
0x00007fff84510000 - 0x00007fff8451a000 	C:\Windows\System32\rasadhlp.dll
0x00007fff83e70000 - 0x00007fff83ef0000 	C:\WINDOWS\System32\fwpuclnt.dll
0x00007fff8cbe0000 - 0x00007fff8cc07000 	C:\WINDOWS\System32\bcrypt.dll
0x00007fff8c440000 - 0x00007fff8c458000 	C:\WINDOWS\SYSTEM32\CRYPTSP.dll
0x00007fff8baf0000 - 0x00007fff8bb24000 	C:\WINDOWS\system32\rsaenh.dll
0x00007fff8c980000 - 0x00007fff8c9ae000 	C:\WINDOWS\SYSTEM32\USERENV.dll
0x00007fff8c430000 - 0x00007fff8c43c000 	C:\WINDOWS\SYSTEM32\CRYPTBASE.dll
0x00007fff862c0000 - 0x00007fff862d7000 	C:\WINDOWS\SYSTEM32\dhcpcsvc6.DLL
0x00007fff862a0000 - 0x00007fff862bd000 	C:\WINDOWS\SYSTEM32\dhcpcsvc.DLL
0x00007fff6a290000 - 0x00007fff6a2d5000 	C:\Users\Marce\AppData\Local\Temp\jna-74113568\jna7515278006226347275.dll
0x00007fff8d450000 - 0x00007fff8d57a000 	C:\WINDOWS\System32\Ole32.dll
0x00007fff8dcb0000 - 0x00007fff8dd5f000 	C:\WINDOWS\System32\clbcatq.dll
0x00007fff8eff0000 - 0x00007fff8f0bd000 	C:\WINDOWS\System32\OleAut32.dll
0x00007fff769b0000 - 0x00007fff769cf000 	C:\WINDOWS\SYSTEM32\amsi.dll
0x00007fff76880000 - 0x00007fff768fb000 	C:\ProgramData\Microsoft\Windows Defender\Platform\4.18.2209.7-0\MpOav.dll
0x00007fff67c10000 - 0x00007fff67c59000 	C:\WINDOWS\SYSTEM32\Pdh.dll
0x00007fff89b50000 - 0x00007fff89b5f000 	C:\WINDOWS\System32\perfos.dll
0x00007fff81ee0000 - 0x00007fff81f55000 	C:\Users\Marce\AppData\Local\Temp\lwjglMarce\3.3.1-build-7\lwjgl.dll
0x00007fff41f50000 - 0x00007fff421a9000 	C:\Users\Marce\AppData\Local\Temp\lwjglMarce\3.3.1-build-7\jemalloc.dll
0x00007fff89af0000 - 0x00007fff89afd000 	C:\Users\Marce\curseforge\minecraft\Install\runtime\java-runtime-gamma\windows-x64\java-runtime-gamma\bin\sunmscapi.dll
0x00007fff8d270000 - 0x00007fff8d3c6000 	C:\WINDOWS\System32\CRYPT32.dll
0x00007fff8c550000 - 0x00007fff8c577000 	C:\WINDOWS\SYSTEM32\ncrypt.dll
0x00007fff8c510000 - 0x00007fff8c54b000 	C:\WINDOWS\SYSTEM32\NTASN1.dll
0x00007fff85910000 - 0x00007fff85971000 	C:\Users\Marce\AppData\Local\Temp\lwjglMarce\3.3.1-build-7\glfw.dll
0x00007fff2ca20000 - 0x00007fff2ca65000 	C:\WINDOWS\SYSTEM32\dinput8.dll
0x00007fff6a230000 - 0x00007fff6a241000 	C:\WINDOWS\SYSTEM32\xinput1_4.dll
0x00007fff8cb20000 - 0x00007fff8cb6e000 	C:\WINDOWS\System32\cfgmgr32.dll
0x00007fff8c830000 - 0x00007fff8c85c000 	C:\WINDOWS\SYSTEM32\DEVOBJ.dll
0x00007fff6e490000 - 0x00007fff6e5e2000 	C:\WINDOWS\SYSTEM32\inputhost.dll
0x00007fff89990000 - 0x00007fff89a82000 	C:\WINDOWS\SYSTEM32\CoreMessaging.dll
0x00007fff882d0000 - 0x00007fff88424000 	C:\WINDOWS\SYSTEM32\wintypes.dll
0x00007fff87d40000 - 0x00007fff87e36000 	C:\WINDOWS\SYSTEM32\PROPSYS.dll
0x00007fff89630000 - 0x00007fff8998e000 	C:\WINDOWS\SYSTEM32\CoreUIComponents.dll
0x00007fff8bc10000 - 0x00007fff8bc43000 	C:\WINDOWS\SYSTEM32\ntmarta.dll
0x00007fff8a080000 - 0x00007fff8a0af000 	C:\WINDOWS\SYSTEM32\dwmapi.dll
0x00007fff89e70000 - 0x00007fff89f0e000 	C:\WINDOWS\system32\uxtheme.dll
0x00007fff8dae0000 - 0x00007fff8dbf5000 	C:\WINDOWS\System32\MSCTF.dll
0x00007fff81740000 - 0x00007fff81867000 	C:\WINDOWS\SYSTEM32\opengl32.dll
0x00007fff81eb0000 - 0x00007fff81edc000 	C:\WINDOWS\SYSTEM32\GLU32.dll
0x00007fff1cd60000 - 0x00007fff1ff19000 	C:\WINDOWS\System32\DriverStore\FileRepository\nv_dispi.inf_amd64_47917a79b8c7fd22\nvoglv64.dll
0x00007fff8d640000 - 0x00007fff8daaf000 	C:\WINDOWS\System32\SETUPAPI.dll
0x00007fff8b8c0000 - 0x00007fff8b8d4000 	C:\WINDOWS\SYSTEM32\WTSAPI32.dll
0x00007fff8c670000 - 0x00007fff8c682000 	C:\WINDOWS\SYSTEM32\msasn1.dll
0x00007fff84670000 - 0x00007fff846a1000 	C:\WINDOWS\SYSTEM32\cryptnet.dll
0x00007fff84830000 - 0x00007fff84978000 	C:\WINDOWS\SYSTEM32\drvstore.dll
0x00007fff8cb70000 - 0x00007fff8cbd9000 	C:\WINDOWS\System32\WINTRUST.dll
0x00007fff80050000 - 0x00007fff8008b000 	C:\WINDOWS\SYSTEM32\dxcore.dll
0x00007fff247c0000 - 0x00007fff24a87000 	C:\WINDOWS\system32\nvspcap64.dll
0x00007fff8c050000 - 0x00007fff8c09b000 	C:\WINDOWS\SYSTEM32\powrprof.dll
0x00007fff8bec0000 - 0x00007fff8bed2000 	C:\WINDOWS\SYSTEM32\UMPDC.dll
0x00007fff8b5b0000 - 0x00007fff8b614000 	C:\WINDOWS\SYSTEM32\WINSTA.dll
0x00007fff7c1a0000 - 0x00007fff7c299000 	C:\WINDOWS\SYSTEM32\textinputframework.dll
0x00007fff7f3c0000 - 0x00007fff7f41d000 	C:\Users\Marce\AppData\Local\Temp\lwjglMarce\3.3.1-build-7\lwjgl_opengl.dll
0x00007fff61420000 - 0x00007fff614a1000 	C:\Users\Marce\AppData\Local\Temp\lwjglMarce\3.3.1-build-7\lwjgl_stb.dll
0x00007fff821f0000 - 0x00007fff8229e000 	C:\WINDOWS\SYSTEM32\mscms.dll
0x00007fff821d0000 - 0x00007fff821e1000 	C:\WINDOWS\SYSTEM32\ColorAdapterClient.dll
0x00007fff2cfe0000 - 0x00007fff2d023000 	C:\WINDOWS\SYSTEM32\icm32.dll
0x00007fff41bf0000 - 0x00007fff41d7e000 	C:\Users\Marce\curseforge\minecraft\Install\runtime\java-runtime-gamma\windows-x64\java-runtime-gamma\bin\awt.dll
0x00007fff89ca0000 - 0x00007fff89d31000 	C:\WINDOWS\SYSTEM32\apphelp.dll
0x00007fff41a50000 - 0x00007fff41be7000 	C:\Users\Marce\AppData\Local\Temp\lwjglMarce\3.3.1-build-7\OpenAL.dll
0x00007fff86b10000 - 0x00007fff86b95000 	C:\WINDOWS\System32\MMDevApi.dll
0x00007fff81fc0000 - 0x00007fff81fda000 	C:\Users\Marce\AppData\Local\Temp\jna-74113568\jna6997910167251942550.dll
0x00007fff37170000 - 0x00007fff372f6000 	C:\WINDOWS\System32\Speech\Common\sapi.dll
0x00007fff86720000 - 0x00007fff8673e000 	C:\WINDOWS\SYSTEM32\MSACM32.dll
0x00007fff85810000 - 0x00007fff8581b000 	C:\WINDOWS\SYSTEM32\msdmo.dll
0x00007fff75d80000 - 0x00007fff75da6000 	C:\WINDOWS\SYSTEM32\winmmbase.dll
0x00007fff0a850000 - 0x00007fff0a8cd000 	C:\Program Files (x86)\Overwolf\0.204.2.2\OWExplorer.dll
0x00007fff86c30000 - 0x00007fff86c37000 	C:\WINDOWS\system32\wshunix.dll
0x00007fff8f260000 - 0x00007fff8f27d000 	C:\WINDOWS\System32\imagehlp.dll
0x00007fff8b140000 - 0x00007fff8b163000 	C:\WINDOWS\SYSTEM32\gpapi.dll
0x00007fff863e0000 - 0x00007fff863eb000 	C:\WINDOWS\SYSTEM32\WINNSI.DLL
0x00007fff41460000 - 0x00007fff418b7000 	C:\Program Files (x86)\Overwolf\0.204.2.2\OWClient.dll

dbghelp: loaded successfully - version: 4.0.5 - missing functions: none
symbol engine: initialized successfully - sym options: 0x614 - pdb path: .;C:\Users\Marce\curseforge\minecraft\Install\runtime\java-runtime-gamma\windows-x64\java-runtime-gamma\bin;C:\WINDOWS\SYSTEM32;C:\WINDOWS\WinSxS\amd64_microsoft.windows.common-controls_6595b64144ccf1df_6.0.19041.1110_none_60b5254171f9507e;C:\Users\Marce\curseforge\minecraft\Install\runtime\java-runtime-gamma\windows-x64\java-runtime-gamma\bin\server;C:\Users\Marce\AppData\Local\Temp\jna-74113568;C:\ProgramData\Microsoft\Windows Defender\Platform\4.18.2209.7-0;C:\Users\Marce\AppData\Local\Temp\lwjglMarce\3.3.1-build-7;C:\WINDOWS\System32\DriverStore\FileRepository\nv_dispi.inf_amd64_47917a79b8c7fd22;C:\WINDOWS\System32\Speech\Common;C:\Program Files (x86)\Overwolf\0.204.2.2;C:\Users\Marce\AppData\Local\Overwolf\Extensions\ggfmakpbllghoepnmfelddbminamnbmfelbahfdp\211.1.2\plugins;C:\Users\Marce\AppData\Local\Overwolf\Extensions\ggfmakpbllghoepnmfelddbminamnbmfelbahfdp\211.1.2\plugins\64

VM Arguments:
jvm_args: -XX:HeapDumpPath=MojangTricksIntelDriversForPerformance_javaw.exe_minecraft.exe.heapdump -Dos.name=Windows 10 -Dos.version=10.0 -Xss1M -Djava.library.path=. -Dminecraft.launcher.brand=minecraft-launcher -Dminecraft.launcher.version=2.3.462 -Djava.net.preferIPv6Addresses=system -DignoreList=bootstraplauncher,securejarhandler,asm-commons,asm-util,asm-analysis,asm-tree,asm,JarJarFileSystems,client-extra,fmlcore,javafmllanguage,lowcodelanguage,mclanguage,forge-,forge-43.1.39.jar,forge-43.1.39 -DmergeModules=jna-5.10.0.jar,jna-platform-5.10.0.jar -DlibraryDirectory=C:\Users\Marce\curseforge\minecraft\Install\libraries --module-path=C:\Users\Marce\curseforge\minecraft\Install\libraries/cpw/mods/bootstraplauncher/1.1.2/bootstraplauncher-1.1.2.jar;C:\Users\Marce\curseforge\minecraft\Install\libraries/cpw/mods/securejarhandler/2.1.4/securejarhandler-2.1.4.jar;C:\Users\Marce\curseforge\minecraft\Install\libraries/org/ow2/asm/asm-commons/9.3/asm-commons-9.3.jar;C:\Users\Marce\curseforge\minecraft\Install\libraries/org/ow2/asm/asm-util/9.3/asm-util-9.3.jar;C:\Users\Marce\curseforge\minecraft\Install\libraries/org/ow2/asm/asm-analysis/9.3/asm-analysis-9.3.jar;C:\Users\Marce\curseforge\minecraft\Install\libraries/org/ow2/asm/asm-tree/9.3/asm-tree-9.3.jar;C:\Users\Marce\curseforge\minecraft\Install\libraries/org/ow2/asm/asm/9.3/asm-9.3.jar;C:\Users\Marce\curseforge\minecraft\Install\libraries/net/minecraftforge/JarJarFileSystems/0.3.16/JarJarFileSystems-0.3.16.jar --add-modules=ALL-MODULE-PATH --add-opens=java.base/java.util.jar=cpw.mods.securejarhandler --add-opens=java.base/java.lang.invoke=cpw.mods.securejarhandler --add-exports=java.base/sun.security.util=cpw.mods.securejarhandler --add-exports=jdk.naming.dns/com.sun.jndi.dns=java.naming -Xmx8064m -Xms256m -Dminecraft.applet.TargetDirectory=C:\Users\Marce\curseforge\minecraft\Instances\Athena -Dfml.ignorePatchDiscrepancies=true -Dfml.ignoreInvalidMinecraftCertificates=true -Duser.language=en -Duser.country=US -XX:+UseG1GC -Dsun.rmi.dgc.server.gcInterval=2147483646 -XX:+UnlockExperimentalVMOptions -XX:G1NewSizePercent=20 -XX:G1ReservePercent=20 -XX:MaxGCPauseMillis=50 -XX:G1HeapRegionSize=32M -Dlog4j.configurationFile=C:\Users\Marce\curseforge\minecraft\Install\assets\log_configs\client-1.12.xml 
java_command: cpw.mods.bootstraplauncher.BootstrapLauncher --username _Acheron --version forge-43.1.39 --gameDir C:\Users\Marce\curseforge\minecraft\Instances\Athena --assetsDir C:\Users\Marce\curseforge\minecraft\Install\assets --assetIndex 1.19 --uuid f1c9ea7bc4af47569f546dc2a92ab665 --accessToken eyJhbGciOiJIUzI1NiJ9.eyJ4dWlkIjoiMjUzNTQyMTU1NTk0NzMxOSIsImFnZyI6IkFkdWx0Iiwic3ViIjoiOTU4ZGY3ZWYtMWViNC00NmYwLWI3MDItY2Q2OGE4OGNjMWM3IiwibmJmIjoxNjY2NjQwNjQwLCJhdXRoIjoiWEJPWCIsInJvbGVzIjpbXSwiaXNzIjoiYXV0aGVudGljYXRpb24iLCJleHAiOjE2NjY3MjcwNDAsImlhdCI6MTY2NjY0MDY0MCwicGxhdGZvcm0iOiJQQ19MQVVOQ0hFUiIsInl1aWQiOiI5YTlmNWU5MWMyZWQzYzYzZGIyYWMwZGRjMDEwYmJiMyJ9.Mxhcjy9KjjQpE0DUJGfP9fa7uzoeMPTQs5RJjMDr92g --clientId YWE2NDVkOWItZDkzNC00MTYwLWI0ZmUtZWRlOTE3YjVlZjZi --xuid 2535421555947319 --userType msa --versionType release --width 1024 --height 768 --launchTarget forgeclient --fml.forgeVersion 43.1.39 --fml.mcVersion 1.19.2 --fml.forgeGroup net.minecraftforge --fml.mcpVersion 20220805.130853
java_class_path (initial): C:\Users\Marce\curseforge\minecraft\Install\libraries\cpw\mods\securejarhandler\2.1.4\securejarhandler-2.1.4.jar;C:\Users\Marce\curseforge\minecraft\Install\libraries\org\ow2\asm\asm\9.3\asm-9.3.jar;C:\Users\Marce\curseforge\minecraft\Install\libraries\org\ow2\asm\asm-commons\9.3\asm-commons-9.3.jar;C:\Users\Marce\curseforge\minecraft\Install\libraries\org\ow2\asm\asm-tree\9.3\asm-tree-9.3.jar;C:\Users\Marce\curseforge\minecraft\Install\libraries\org\ow2\asm\asm-util\9.3\asm-util-9.3.jar;C:\Users\Marce\curseforge\minecraft\Install\libraries\org\ow2\asm\asm-analysis\9.3\asm-analysis-9.3.jar;C:\Users\Marce\curseforge\minecraft\Install\libraries\net\minecraftforge\accesstransformers\8.0.4\accesstransformers-8.0.4.jar;C:\Users\Marce\curseforge\minecraft\Install\libraries\org\antlr\antlr4-runtime\4.9.1\antlr4-runtime-4.9.1.jar;C:\Users\Marce\curseforge\minecraft\Install\libraries\net\minecraftforge\eventbus\6.0.3\eventbus-6.0.3.jar;C:\Users\Marce\curseforge\minecraft\Install\libraries\net\minecraftforge\forgespi\6.0.0\forgespi-6.0.0.jar;C:\Users\Marce\curseforge\minecraft\Install\libraries\net\minecraftforge\coremods\5.0.1\coremods-5.0.1.jar;C:\Users\Marce\curseforge\minecraft\Install\libraries\cpw\mods\modlauncher\10.0.8\modlauncher-10.0.8.jar;C:\Users\Marce\curseforge\minecraft\Install\libraries\net\minecraftforge\unsafe\0.2.0\unsafe-0.2.0.jar;C:\Users\Marce\curseforge\minecraft\Install\libraries\com\electronwill\night-config\core\3.6.4\core-3.6.4.jar;C:\Users\Marce\curseforge\minecraft\Install\libraries\com\electronwill\night-config\toml\3.6.4\toml-3.6.4.jar;C:\Users\Marce\curseforge\minecraft\Install\libraries\org\apache\maven\maven-artifact\3.8.5\maven-artifact-3.8.5.jar;C:\Users\Marce\curseforge\minecraft\Install\libraries\net\jodah\typetools\0.8.3\typetools-0.8.3.jar;C:\Users\Marce\curseforge\minecraft\Install\libraries\net\minecrell\terminalconsoleappender\1.2.0\terminalconsoleappender-1.2.0.jar;C:\Users\Marce\curseforge\minecraft\Ins
Launcher Type: SUN_STANDARD

[Global flags]
     intx CICompilerCount                          = 4                                         {product} {ergonomic}
     uint ConcGCThreads                            = 3                                         {product} {ergonomic}
     uint G1ConcRefinementThreads                  = 10                                        {product} {ergonomic}
     uint G1EagerReclaimRemSetThreshold            = 256                                  {experimental} {ergonomic}
   size_t G1HeapRegionSize                         = 33554432                                  {product} {command line}
    uintx G1NewSizePercent                         = 20                                   {experimental} {command line}
    uintx G1ReservePercent                         = 20                                        {product} {command line}
    uintx GCDrainStackTargetSize                   = 64                                        {product} {ergonomic}
    ccstr HeapDumpPath                             = MojangTricksIntelDriversForPerformance_javaw.exe_minecraft.exe.heapdump         {manageable} {command line}
   size_t InitialHeapSize                          = 268435456                                 {product} {command line}
   size_t MarkStackSize                            = 4194304                                   {product} {ergonomic}
    uintx MaxGCPauseMillis                         = 50                                        {product} {command line}
   size_t MaxHeapSize                              = 8455716864                                {product} {command line}
   size_t MaxNewSize                               = 5066719232                                {product} {ergonomic}
   size_t MinHeapDeltaBytes                        = 33554432                                  {product} {ergonomic}
   size_t MinHeapSize                              = 268435456                                 {product} {command line}
    uintx NonNMethodCodeHeapSize                   = 5839372                                {pd product} {ergonomic}
    uintx NonProfiledCodeHeapSize                  = 122909434                              {pd product} {ergonomic}
    uintx ProfiledCodeHeapSize                     = 122909434                              {pd product} {ergonomic}
    uintx ReservedCodeCacheSize                    = 251658240                              {pd product} {ergonomic}
     bool SegmentedCodeCache                       = true                                      {product} {ergonomic}
   size_t SoftMaxHeapSize                          = 8455716864                             {manageable} {ergonomic}
     intx ThreadStackSize                          = 1024                                   {pd product} {command line}
     bool UnlockExperimentalVMOptions              = true                                 {experimental} {command line}
     bool UseCompressedClassPointers               = true                           {product lp64_product} {ergonomic}
     bool UseCompressedOops                        = true                           {product lp64_product} {ergonomic}
     bool UseG1GC                                  = true                                      {product} {command line}
     bool UseLargePagesIndividualAllocation        = false                                  {pd product} {ergonomic}

Logging:
Log output configuration:
 #0: stdout all=warning uptime,level,tags
 #1: stderr all=off uptime,level,tags

Environment Variables:
PATH=C:\Program Files\Common Files\Oracle\Java\javapath;E:\_MinecraftModding\OpenJDK\bin;C:\Program Files (x86)\Common Files\Oracle\Java\javapath;C:\Program Files (x86)\Razer Chroma SDK\bin;C:\Program Files\Razer Chroma SDK\bin;C:\Program Files (x86)\Razer\ChromaBroadcast\bin;C:\Program Files\Razer\ChromaBroadcast\bin;C:\WINDOWS\system32;C:\WINDOWS;C:\WINDOWS\System32\Wbem;C:\WINDOWS\System32\WindowsPowerShell\v1.0\;C:\WINDOWS\System32\OpenSSH\;C:\Users\Marce\AppData\Local\Microsoft\WindowsApps;C:\Program Files\NVIDIA Corporation\NVIDIA NvDLISR;C:\WINDOWS\system32;C:\WINDOWS;C:\WINDOWS\System32\Wbem;C:\WINDOWS\System32\WindowsPowerShell\v1.0\;C:\WINDOWS\System32\OpenSSH\;C:\Program Files (x86)\NVIDIA Corporation\PhysX\Common;C:\Program Files\Git\cmd;C:\Program Files (x86)\dotnet\;C:\Users\Marce\AppData\Local\Microsoft\WindowsApps;C:\Users\Marce\AppData\Local\GitHubDesktop\bin;;C:\Users\Marce\AppData\Local\Programs\Microsoft VS Code\bin
USERNAME=Marce
OS=Windows_NT
PROCESSOR_IDENTIFIER=AMD64 Family 23 Model 1 Stepping 1, AuthenticAMD



---------------  S Y S T E M  ---------------

OS:
 Windows 10 , 64 bit Build 19041 (10.0.19041.1889)
OS uptime: 8 days 12:17 hours

CPU: total 12 (initial active 12) (12 cores per cpu, 2 threads per core) family 23 model 1 stepping 1 microcode 0x0, cx8, cmov, fxsr, ht, mmx, 3dnowpref, sse, sse2, sse3, ssse3, sse4a, sse4.1, sse4.2, popcnt, lzcnt, tsc, tscinvbit, avx, avx2, aes, clmul, bmi1, bmi2, adx, sha, fma, vzeroupper, clflush, clflushopt

Memory: 4k page, system-wide physical 16316M (523M free)
TotalPageFile size 45530M (AvailPageFile size 1203M)
current process WorkingSet (physical memory assigned to process): 5528M, peak: 7449M
current process commit charge ("private bytes"): 10092M, peak: 11788M

vm_info: OpenJDK 64-Bit Server VM (17.0.3+7-LTS) for windows-amd64 JRE (17.0.3+7-LTS), built on Apr 20 2022 04:24:16 by "" with MS VC++ 16.10 / 16.11 (VS2019)

END.
