#
# There is insufficient memory for the Java Runtime Environment to continue.
# Native memory allocation (mmap) failed to map 436207616 bytes for G1 virtual space
# Possible reasons:
#   The system is out of physical RAM or swap space
#   The process is running with CompressedOops enabled, and the Java Heap may be blocking the growth of the native heap
# Possible solutions:
#   Reduce memory load on the system
#   Increase physical memory or swap space
#   Check if swap backing store is full
#   Decrease Java heap size (-Xmx/-Xms)
#   Decrease number of Java threads
#   Decrease Java thread stack sizes (-Xss)
#   Set larger code cache with -XX:ReservedCodeCacheSize=
#   JVM is running with Zero Based Compressed Oops mode in which the Java heap is
#     placed in the first 32GB address space. The Java Heap base address is the
#     maximum limit for the native heap growth. Please use -XX:HeapBaseMinAddress
#     to set the Java Heap base and to place the Java Heap above 32GB virtual address.
# This output file may be truncated or incomplete.
#
#  Out of Memory Error (os_windows.cpp:3535), pid=20604, tid=25404
#
# JRE version: OpenJDK Runtime Environment Microsoft-32931 (17.0.3+7) (build 17.0.3+7-LTS)
# Java VM: OpenJDK 64-Bit Server VM Microsoft-32931 (17.0.3+7-LTS, mixed mode, tiered, compressed oops, compressed class ptrs, g1 gc, windows-amd64)
# No core dump will be written. Minidumps are not enabled by default on client versions of Windows
#

---------------  S U M M A R Y ------------

Command Line: -XX:HeapDumpPath=MojangTricksIntelDriversForPerformance_javaw.exe_minecraft.exe.heapdump -Dos.name=Windows 10 -Dos.version=10.0 -Xss1M -Djava.library.path=. -Dminecraft.launcher.brand=minecraft-launcher -Dminecraft.launcher.version=2.3.462 -Djava.net.preferIPv6Addresses=system -DignoreList=bootstraplauncher,securejarhandler,asm-commons,asm-util,asm-analysis,asm-tree,asm,JarJarFileSystems,client-extra,fmlcore,javafmllanguage,lowcodelanguage,mclanguage,forge-,forge-43.1.39.jar,forge-43.1.39 -DmergeModules=jna-5.10.0.jar,jna-platform-5.10.0.jar -DlibraryDirectory=C:\Users\Marce\curseforge\minecraft\Install\libraries --module-path=C:\Users\Marce\curseforge\minecraft\Install\libraries/cpw/mods/bootstraplauncher/1.1.2/bootstraplauncher-1.1.2.jar;C:\Users\Marce\curseforge\minecraft\Install\libraries/cpw/mods/securejarhandler/2.1.4/securejarhandler-2.1.4.jar;C:\Users\Marce\curseforge\minecraft\Install\libraries/org/ow2/asm/asm-commons/9.3/asm-commons-9.3.jar;C:\Users\Marce\curseforge\minecraft\Install\libraries/org/ow2/asm/asm-util/9.3/asm-util-9.3.jar;C:\Users\Marce\curseforge\minecraft\Install\libraries/org/ow2/asm/asm-analysis/9.3/asm-analysis-9.3.jar;C:\Users\Marce\curseforge\minecraft\Install\libraries/org/ow2/asm/asm-tree/9.3/asm-tree-9.3.jar;C:\Users\Marce\curseforge\minecraft\Install\libraries/org/ow2/asm/asm/9.3/asm-9.3.jar;C:\Users\Marce\curseforge\minecraft\Install\libraries/net/minecraftforge/JarJarFileSystems/0.3.16/JarJarFileSystems-0.3.16.jar --add-modules=ALL-MODULE-PATH --add-opens=java.base/java.util.jar=cpw.mods.securejarhandler --add-opens=java.base/java.lang.invoke=cpw.mods.securejarhandler --add-exports=java.base/sun.security.util=cpw.mods.securejarhandler --add-exports=jdk.naming.dns/com.sun.jndi.dns=java.naming -Xmx8064m -Xms256m -Dminecraft.applet.TargetDirectory=C:\Users\Marce\curseforge\minecraft\Instances\Athena -Dfml.ignorePatchDiscrepancies=true -Dfml.ignoreInvalidMinecraftCertificates=true -Duser.language=en -Duser.country=US -XX:+UseG1GC -Dsun.rmi.dgc.server.gcInterval=2147483646 -XX:+UnlockExperimentalVMOptions -XX:G1NewSizePercent=20 -XX:G1ReservePercent=20 -XX:MaxGCPauseMillis=50 -XX:G1HeapRegionSize=32M -Dlog4j.configurationFile=C:\Users\Marce\curseforge\minecraft\Install\assets\log_configs\client-1.12.xml cpw.mods.bootstraplauncher.BootstrapLauncher --username _Acheron --version forge-43.1.39 --gameDir C:\Users\Marce\curseforge\minecraft\Instances\Athena --assetsDir C:\Users\Marce\curseforge\minecraft\Install\assets --assetIndex 1.19 --uuid f1c9ea7bc4af47569f546dc2a92ab665 --accessToken eyJhbGciOiJIUzI1NiJ9.eyJ4dWlkIjoiMjUzNTQyMTU1NTk0NzMxOSIsImFnZyI6IkFkdWx0Iiwic3ViIjoiOTU4ZGY3ZWYtMWViNC00NmYwLWI3MDItY2Q2OGE4OGNjMWM3IiwibmJmIjoxNjY2NjM4OTQ2LCJhdXRoIjoiWEJPWCIsInJvbGVzIjpbXSwiaXNzIjoiYXV0aGVudGljYXRpb24iLCJleHAiOjE2NjY3MjUzNDYsImlhdCI6MTY2NjYzODk0NiwicGxhdGZvcm0iOiJQQ19MQVVOQ0hFUiIsInl1aWQiOiI5YTlmNWU5MWMyZWQzYzYzZGIyYWMwZGRjMDEwYmJiMyJ9.Jhj6ynbYDt2BA3NE9Sv6J-6qXPWg8_rRW827gRVSCnY --clientId YWE2NDVkOWItZDkzNC00MTYwLWI0ZmUtZWRlOTE3YjVlZjZi --xuid 2535421555947319 --userType msa --versionType release --width 1024 --height 768 --launchTarget forgeclient --fml.forgeVersion 43.1.39 --fml.mcVersion 1.19.2 --fml.forgeGroup net.minecraftforge --fml.mcpVersion 20220805.130853

Host: AMD Ryzen 5 1600 Six-Core Processor            , 12 cores, 15G,  Windows 10 , 64 bit Build 19041 (10.0.19041.1889)
Time: Mon Oct 24 21:20:11 2022 W. Europe Summer Time elapsed time: 258.921288 seconds (0d 0h 4m 18s)

---------------  T H R E A D  ---------------

Current thread (0x000002917fa1a3f0):  VMThread "VM Thread" [stack: 0x000000df4e900000,0x000000df4ea00000] [id=25404]

Stack: [0x000000df4e900000,0x000000df4ea00000]
Native frames: (J=compiled Java code, j=interpreted, Vv=VM code, C=native code)
V  [jvm.dll+0x6771da]
V  [jvm.dll+0x8324e4]
V  [jvm.dll+0x833c8e]
V  [jvm.dll+0x8342f3]
V  [jvm.dll+0x245815]
V  [jvm.dll+0x6740f9]
V  [jvm.dll+0x668a32]
V  [jvm.dll+0x30466b]
V  [jvm.dll+0x30bb76]
V  [jvm.dll+0x35b9de]
V  [jvm.dll+0x35bc0f]
V  [jvm.dll+0x2db578]
V  [jvm.dll+0x2d9844]
V  [jvm.dll+0x2d8e4c]
V  [jvm.dll+0x31cc2b]
V  [jvm.dll+0x8387cb]
V  [jvm.dll+0x839504]
V  [jvm.dll+0x839a1d]
V  [jvm.dll+0x839df4]
V  [jvm.dll+0x839ec0]
V  [jvm.dll+0x7e22da]
V  [jvm.dll+0x676065]
C  [ucrtbase.dll+0x21bb2]
C  [KERNEL32.DLL+0x17034]
C  [ntdll.dll+0x526a1]

VM_Operation (0x000000df503ff020): G1CollectForAllocation, mode: safepoint, requested by thread 0x0000029125191600


---------------  P R O C E S S  ---------------

Threads class SMR info:
_java_thread_list=0x000002913e99ef80, length=103, elements={
0x0000029178177650, 0x000002917f9e9ed0, 0x000002917f9ec8f0, 0x000002917fa396a0,
0x000002917fa39b70, 0x000002917fa3c050, 0x000002917fa3c520, 0x000002917fa58f60,
0x000002917fa59470, 0x000002917fa61970, 0x000002917fca28d0, 0x000002917fe44820,
0x0000029125191600, 0x0000029125335c80, 0x0000029124015850, 0x0000029129fc83c0,
0x0000029129fc9bd0, 0x0000029129fc8d60, 0x0000029129fc7550, 0x0000029129fc5870,
0x0000029129fc7080, 0x0000029129fc6210, 0x0000029129fc5d40, 0x0000029129fc7a20,
0x0000029129fca0a0, 0x0000029129fc4530, 0x0000029129fc4ed0, 0x0000029129fcb8b0,
0x0000029129fc9700, 0x0000029129fca570, 0x0000029129fc4060, 0x0000029129fc6bb0,
0x0000029124010b50, 0x0000029124a74080, 0x0000029123a13880, 0x0000029123a13d50,
0x0000029123a12a10, 0x0000029123a11200, 0x0000029123a0e1e0, 0x0000029123a133b0,
0x0000029123a0f050, 0x0000029123a0d840, 0x0000029123a0e6b0, 0x0000029123a10860,
0x0000029123a14220, 0x0000029123a12070, 0x0000029123a12540, 0x0000029123a10d30,
0x0000029123a0d370, 0x0000029123a0eb80, 0x0000029124a77570, 0x0000029124a74ef0,
0x0000029129fcb3e0, 0x0000029139cfc080, 0x0000029139cfb210, 0x0000029139cfd890,
0x0000029139cfca20, 0x0000029139d008b0, 0x000002912bcce540, 0x000002912bcd1a30,
0x0000029123a12ee0, 0x000002913ee49960, 0x000002913ee4bb10, 0x000002913ee4f000,
0x000002913ee48fc0, 0x000002913ee49490, 0x000002913ee4a7d0, 0x000002913ee4aca0,
0x000002913ee4c980, 0x0000029139cfebd0, 0x0000029129fc9230, 0x0000029129fc4a00,
0x000002913ee48150, 0x00000291668b8060, 0x00000291668b9870, 0x00000291668bc3c0,
0x00000291668b8ed0, 0x00000291668b9d40, 0x00000291668b71f0, 0x00000291668bb080,
0x00000291668bb550, 0x00000291668bba20, 0x00000291668bbef0, 0x00000291668b5040,
0x00000291668b5510, 0x00000291668b5eb0, 0x00000291668b8a00, 0x00000291668b6850,
0x000002919aa45580, 0x000002919aa450b0, 0x0000029166c6bbc0, 0x0000029166c6c5e0,
0x000002919aa485a0, 0x00000291668ba210, 0x00000291668b6380, 0x00000291668b7b90,
0x0000029139cfbbb0, 0x0000029139cff570, 0x000002913ee4e660, 0x0000029124017060,
0x0000029123a11ba0, 0x00000291380ac240, 0x00000291380a83b0
}

Java Threads: ( => current thread )
  0x0000029178177650 JavaThread "Render thread" [_thread_blocked, id=20552, stack(0x000000df4e300000,0x000000df4e400000)]
  0x000002917f9e9ed0 JavaThread "Reference Handler" daemon [_thread_blocked, id=16944, stack(0x000000df4ea00000,0x000000df4eb00000)]
  0x000002917f9ec8f0 JavaThread "Finalizer" daemon [_thread_blocked, id=17088, stack(0x000000df4eb00000,0x000000df4ec00000)]
  0x000002917fa396a0 JavaThread "Signal Dispatcher" daemon [_thread_blocked, id=25880, stack(0x000000df4ec00000,0x000000df4ed00000)]
  0x000002917fa39b70 JavaThread "Attach Listener" daemon [_thread_blocked, id=23316, stack(0x000000df4ed00000,0x000000df4ee00000)]
  0x000002917fa3c050 JavaThread "Service Thread" daemon [_thread_blocked, id=28048, stack(0x000000df4ee00000,0x000000df4ef00000)]
  0x000002917fa3c520 JavaThread "Monitor Deflation Thread" daemon [_thread_blocked, id=19480, stack(0x000000df4ef00000,0x000000df4f000000)]
  0x000002917fa58f60 JavaThread "C2 CompilerThread0" daemon [_thread_blocked, id=22612, stack(0x000000df4f000000,0x000000df4f100000)]
  0x000002917fa59470 JavaThread "C1 CompilerThread0" daemon [_thread_blocked, id=19164, stack(0x000000df4f100000,0x000000df4f200000)]
  0x000002917fa61970 JavaThread "Sweeper thread" daemon [_thread_blocked, id=20308, stack(0x000000df4f200000,0x000000df4f300000)]
  0x000002917fca28d0 JavaThread "Common-Cleaner" daemon [_thread_blocked, id=13936, stack(0x000000df4f300000,0x000000df4f400000)]
  0x000002917fe44820 JavaThread "Notification Thread" daemon [_thread_blocked, id=28236, stack(0x000000df4f500000,0x000000df4f600000)]
  0x0000029125191600 JavaThread "Thread-0" daemon [_thread_blocked, id=3140, stack(0x000000df50300000,0x000000df50400000)]
  0x0000029125335c80 JavaThread "FileSystemWatchService" daemon [_thread_in_native, id=15384, stack(0x000000df50400000,0x000000df50500000)]
  0x0000029124015850 JavaThread "Timer hack thread" daemon [_thread_blocked, id=21416, stack(0x000000df51200000,0x000000df51300000)]
  0x0000029129fc83c0 JavaThread "modloading-worker-0" daemon [_thread_blocked, id=28332, stack(0x000000df4f700000,0x000000df4f800000)]
  0x0000029129fc9bd0 JavaThread "modloading-worker-0" daemon [_thread_blocked, id=15820, stack(0x000000df50e00000,0x000000df50f00000)]
  0x0000029129fc8d60 JavaThread "modloading-worker-0" daemon [_thread_blocked, id=15268, stack(0x000000df51900000,0x000000df51a00000)]
  0x0000029129fc7550 JavaThread "modloading-worker-0" daemon [_thread_blocked, id=1448, stack(0x000000df51b00000,0x000000df51c00000)]
  0x0000029129fc5870 JavaThread "modloading-worker-0" daemon [_thread_blocked, id=27528, stack(0x000000df51d00000,0x000000df51e00000)]
  0x0000029129fc7080 JavaThread "modloading-worker-0" daemon [_thread_blocked, id=1568, stack(0x000000df51f00000,0x000000df52000000)]
  0x0000029129fc6210 JavaThread "modloading-worker-0" daemon [_thread_blocked, id=4332, stack(0x000000df52000000,0x000000df52100000)]
  0x0000029129fc5d40 JavaThread "modloading-worker-0" daemon [_thread_blocked, id=9340, stack(0x000000df52100000,0x000000df52200000)]
  0x0000029129fc7a20 JavaThread "modloading-worker-0" daemon [_thread_blocked, id=20612, stack(0x000000df52200000,0x000000df52300000)]
  0x0000029129fca0a0 JavaThread "FileSystemWatchService" daemon [_thread_in_native, id=19016, stack(0x000000df52500000,0x000000df52600000)]
  0x0000029129fc4530 JavaThread "Config Lib config file watcher" daemon [_thread_blocked, id=16380, stack(0x000000df52600000,0x000000df52700000)]
  0x0000029129fc4ed0 JavaThread "Thread-3" daemon [_thread_in_native, id=6716, stack(0x000000df52700000,0x000000df52800000)]
  0x0000029129fcb8b0 JavaThread "Thread-4" daemon [_thread_in_native, id=16700, stack(0x000000df52800000,0x000000df52900000)]
  0x0000029129fc9700 JavaThread "Thread-5" daemon [_thread_in_native, id=22512, stack(0x000000df52900000,0x000000df52a00000)]
  0x0000029129fca570 JavaThread "Thread-6" daemon [_thread_in_native, id=1584, stack(0x000000df52a00000,0x000000df52b00000)]
  0x0000029129fc4060 JavaThread "Thread-7" daemon [_thread_in_native, id=1764, stack(0x000000df52b00000,0x000000df52c00000)]
  0x0000029129fc6bb0 JavaThread "Thread-8" daemon [_thread_in_native, id=15744, stack(0x000000df52c00000,0x000000df52d00000)]
  0x0000029124010b50 JavaThread "Thread-9" daemon [_thread_in_native, id=24200, stack(0x000000df52d00000,0x000000df52e00000)]
  0x0000029124a74080 JavaThread "Thread-10" daemon [_thread_in_native, id=20020, stack(0x000000df52e00000,0x000000df52f00000)]
  0x0000029123a13880 JavaThread "Thread-11" daemon [_thread_in_native, id=18736, stack(0x000000df52f00000,0x000000df53000000)]
  0x0000029123a13d50 JavaThread "Thread-12" daemon [_thread_in_native, id=8556, stack(0x000000df53000000,0x000000df53100000)]
  0x0000029123a12a10 JavaThread "Thread-13" daemon [_thread_in_native, id=8636, stack(0x000000df53100000,0x000000df53200000)]
  0x0000029123a11200 JavaThread "Thread-14" daemon [_thread_in_native, id=7248, stack(0x000000df53200000,0x000000df53300000)]
  0x0000029123a0e1e0 JavaThread "Thread-15" daemon [_thread_in_native, id=18252, stack(0x000000df53300000,0x000000df53400000)]
  0x0000029123a133b0 JavaThread "pool-4-thread-1" [_thread_blocked, id=12316, stack(0x000000df53400000,0x000000df53500000)]
  0x0000029123a0f050 JavaThread "KubeJS Background Thread" daemon [_thread_blocked, id=28612, stack(0x000000df53500000,0x000000df53600000)]
  0x0000029123a0d840 JavaThread "Thread-18" [_thread_blocked, id=9580, stack(0x000000df53600000,0x000000df53700000)]
  0x0000029123a0e6b0 JavaThread "pool-5-thread-1" [_thread_blocked, id=10924, stack(0x000000df53700000,0x000000df53800000)]
  0x0000029123a10860 JavaThread "Structurize IO Worker #0" daemon [_thread_blocked, id=3764, stack(0x000000df53800000,0x000000df53900000)]
  0x0000029123a14220 JavaThread "FileSystemWatchService" daemon [_thread_in_native, id=18764, stack(0x000000df53900000,0x000000df53a00000)]
  0x0000029123a12070 JavaThread "Config Lib config file watcher" daemon [_thread_blocked, id=17376, stack(0x000000df53a00000,0x000000df53b00000)]
  0x0000029123a12540 JavaThread "pool-7-thread-1" [_thread_blocked, id=24072, stack(0x000000df53b00000,0x000000df53c00000)]
  0x0000029123a10d30 JavaThread "FileSystemWatchService" daemon [_thread_in_native, id=25244, stack(0x000000df51400000,0x000000df51500000)]
  0x0000029123a0d370 JavaThread "JEI Config file watcher" [_thread_blocked, id=28544, stack(0x000000df53c00000,0x000000df53d00000)]
  0x0000029123a0eb80 JavaThread "Worker-Main1" daemon [_thread_blocked, id=12816, stack(0x000000df4f400000,0x000000df4f500000)]
  0x0000029124a77570 JavaThread "Worker-Main2" daemon [_thread_blocked, id=14204, stack(0x000000df53d00000,0x000000df53e00000)]
  0x0000029124a74ef0 JavaThread "Narrator" [_thread_blocked, id=2356, stack(0x000000df54000000,0x000000df54100000)]
  0x0000029129fcb3e0 JavaThread "Worker-Main3" daemon [_thread_blocked, id=20208, stack(0x000000df54100000,0x000000df54200000)]
  0x0000029139cfc080 JavaThread "Worker-Main5" daemon [_thread_blocked, id=6288, stack(0x000000df54300000,0x000000df54400000)]
  0x0000029139cfb210 JavaThread "Worker-Main6" daemon [_thread_blocked, id=24952, stack(0x000000df54400000,0x000000df54500000)]
  0x0000029139cfd890 JavaThread "FileSystemWatchService" daemon [_thread_in_native, id=12364, stack(0x000000df54800000,0x000000df54900000)]
  0x0000029139cfca20 JavaThread "Java2D Disposer" daemon [_thread_blocked, id=22444, stack(0x000000df54900000,0x000000df54a00000)]
  0x0000029139d008b0 JavaThread "HttpClient-1-SelectorManager" daemon [_thread_in_native, id=2312, stack(0x000000df54b00000,0x000000df54c00000)]
  0x000002912bcce540 JavaThread "Thread-28" [_thread_in_native, id=2500, stack(0x000000df55400000,0x000000df55500000)]
  0x000002912bcd1a30 JavaThread "Thread-29" [_thread_in_native, id=16264, stack(0x000000df55800000,0x000000df55900000)]
  0x0000029123a12ee0 JavaThread "IO-Worker-8" [_thread_blocked, id=1836, stack(0x000000df55b00000,0x000000df55c00000)]
  0x000002913ee49960 JavaThread "Worker-Main10" daemon [_thread_blocked, id=23636, stack(0x000000df4e200000,0x000000df4e300000)]
  0x000002913ee4bb10 JavaThread "pool-6-thread-1" [_thread_blocked, id=12064, stack(0x000000df50f00000,0x000000df51000000)]
  0x000002913ee4f000 JavaThread "HttpClient-1-Worker-2" daemon [_thread_blocked, id=26604, stack(0x000000df51000000,0x000000df51100000)]
  0x000002913ee48fc0 JavaThread "Server thread" [_thread_blocked, id=14128, stack(0x000000df54200000,0x000000df54300000)]
  0x000002913ee49490 JavaThread "FileSystemWatchService" daemon [_thread_in_native, id=10500, stack(0x000000df54500000,0x000000df54600000)]
  0x000002913ee4a7d0 JavaThread "IO-Worker-11" [_thread_blocked, id=5320, stack(0x000000df54600000,0x000000df54700000)]
  0x000002913ee4aca0 JavaThread "IO-Worker-12" [_thread_blocked, id=3408, stack(0x000000df51a00000,0x000000df51b00000)]
  0x000002913ee4c980 JavaThread "IO-Worker-13" [_thread_blocked, id=8132, stack(0x000000df54c00000,0x000000df54d00000)]
  0x0000029139cfebd0 JavaThread "FileSystemWatchService" daemon [_thread_in_native, id=13648, stack(0x000000df54a00000,0x000000df54b00000)]
  0x0000029129fc9230 JavaThread "Netty Server IO #0" daemon [_thread_in_native, id=9364, stack(0x000000df54d00000,0x000000df54e00000)]
  0x0000029129fc4a00 JavaThread "Netty Local Client IO #0" daemon [_thread_blocked, id=5464, stack(0x000000df55a00000,0x000000df55b00000)]
  0x000002913ee48150 JavaThread "Netty Server IO #1" daemon [_thread_in_native, id=20316, stack(0x000000df55c00000,0x000000df55d00000)]
  0x00000291668b8060 JavaThread "Sound engine" daemon [_thread_blocked, id=1620, stack(0x000000df55d00000,0x000000df55e00000)]
  0x00000291668b9870 JavaThread "Flywheel 0" [_thread_blocked, id=13516, stack(0x000000df51c00000,0x000000df51d00000)]
  0x00000291668bc3c0 JavaThread "Flywheel 1" [_thread_blocked, id=24176, stack(0x000000df55e00000,0x000000df55f00000)]
  0x00000291668b8ed0 JavaThread "Flywheel 2" [_thread_blocked, id=11824, stack(0x000000df55f00000,0x000000df56000000)]
  0x00000291668b9d40 JavaThread "Flywheel 3" [_thread_blocked, id=24404, stack(0x000000df56000000,0x000000df56100000)]
  0x00000291668b71f0 JavaThread "Flywheel 4" [_thread_blocked, id=13576, stack(0x000000df56100000,0x000000df56200000)]
  0x00000291668bb080 JavaThread "Flywheel 5" [_thread_blocked, id=15500, stack(0x000000df56200000,0x000000df56300000)]
  0x00000291668bb550 JavaThread "Chunk Render Task Executor #0" [_thread_blocked, id=12676, stack(0x000000df56300000,0x000000df56400000)]
  0x00000291668bba20 JavaThread "Chunk Render Task Executor #1" [_thread_blocked, id=13344, stack(0x000000df56400000,0x000000df56500000)]
  0x00000291668bbef0 JavaThread "Chunk Render Task Executor #2" [_thread_blocked, id=24120, stack(0x000000df56500000,0x000000df56600000)]
  0x00000291668b5040 JavaThread "Chunk Render Task Executor #3" [_thread_blocked, id=17772, stack(0x000000df56600000,0x000000df56700000)]
  0x00000291668b5510 JavaThread "Chunk Render Task Executor #4" [_thread_blocked, id=11376, stack(0x000000df56700000,0x000000df56800000)]
  0x00000291668b5eb0 JavaThread "Chunk Render Task Executor #5" [_thread_blocked, id=9780, stack(0x000000df56800000,0x000000df56900000)]
  0x00000291668b8a00 JavaThread "Telemetry-Sender-#1" [_thread_blocked, id=20312, stack(0x000000df56900000,0x000000df56a00000)]
  0x00000291668b6850 JavaThread "HttpClient-1-Worker-3" daemon [_thread_blocked, id=27824, stack(0x000000df4e100000,0x000000df4e200000)]
  0x000002919aa45580 JavaThread "Keep-Alive-Timer" daemon [_thread_blocked, id=11284, stack(0x000000df52400000,0x000000df52500000)]
  0x000002919aa450b0 JavaThread "Narrator" [_thread_blocked, id=9396, stack(0x000000df56a00000,0x000000df56b00000)]
  0x0000029166c6bbc0 JavaThread "C2 CompilerThread1" daemon [_thread_blocked, id=10628, stack(0x000000df56c00000,0x000000df56d00000)]
  0x0000029166c6c5e0 JavaThread "C2 CompilerThread2" daemon [_thread_blocked, id=23948, stack(0x000000df56e00000,0x000000df56f00000)]
  0x000002919aa485a0 JavaThread "ForkJoinPool.commonPool-worker-1" daemon [_thread_blocked, id=1168, stack(0x000000df56d00000,0x000000df56e00000)]
  0x00000291668ba210 JavaThread "ForkJoinPool.commonPool-worker-2" daemon [_thread_blocked, id=2156, stack(0x000000df56f00000,0x000000df57000000)]
  0x00000291668b6380 JavaThread "ForkJoinPool.commonPool-worker-3" daemon [_thread_blocked, id=18024, stack(0x000000df57000000,0x000000df57100000)]
  0x00000291668b7b90 JavaThread "ForkJoinPool.commonPool-worker-4" daemon [_thread_blocked, id=20164, stack(0x000000df57100000,0x000000df57200000)]
  0x0000029139cfbbb0 JavaThread "ForkJoinPool.commonPool-worker-5" daemon [_thread_blocked, id=19976, stack(0x000000df57200000,0x000000df57300000)]
  0x0000029139cff570 JavaThread "ForkJoinPool.commonPool-worker-6" daemon [_thread_blocked, id=7104, stack(0x000000df57300000,0x000000df57400000)]
  0x000002913ee4e660 JavaThread "ForkJoinPool.commonPool-worker-7" daemon [_thread_blocked, id=17912, stack(0x000000df57400000,0x000000df57500000)]
  0x0000029124017060 JavaThread "ForkJoinPool.commonPool-worker-8" daemon [_thread_blocked, id=19648, stack(0x000000df57500000,0x000000df57600000)]
  0x0000029123a11ba0 JavaThread "ForkJoinPool.commonPool-worker-9" daemon [_thread_blocked, id=9832, stack(0x000000df57600000,0x000000df57700000)]
  0x00000291380ac240 JavaThread "ForkJoinPool.commonPool-worker-10" daemon [_thread_blocked, id=27044, stack(0x000000df57700000,0x000000df57800000)]
  0x00000291380a83b0 JavaThread "ForkJoinPool.commonPool-worker-11" daemon [_thread_blocked, id=16708, stack(0x000000df57800000,0x000000df57900000)]

Other Threads:
=>0x000002917fa1a3f0 VMThread "VM Thread" [stack: 0x000000df4e900000,0x000000df4ea00000] [id=25404]
  0x00000291781faf60 WatcherThread [stack: 0x000000df4f600000,0x000000df4f700000] [id=15088]
  0x00000291781e6e40 GCTaskThread "GC Thread#0" [stack: 0x000000df4e400000,0x000000df4e500000] [id=20124]
  0x0000029121992200 GCTaskThread "GC Thread#1" [stack: 0x000000df4f800000,0x000000df4f900000] [id=5968]
  0x00000291219924b0 GCTaskThread "GC Thread#2" [stack: 0x000000df4f900000,0x000000df4fa00000] [id=25840]
  0x0000029121b53410 GCTaskThread "GC Thread#3" [stack: 0x000000df4fa00000,0x000000df4fb00000] [id=9536]
  0x0000029121b536c0 GCTaskThread "GC Thread#4" [stack: 0x000000df4fb00000,0x000000df4fc00000] [id=8676]
  0x0000029121b53970 GCTaskThread "GC Thread#5" [stack: 0x000000df4fc00000,0x000000df4fd00000] [id=18532]
  0x000002912460ece0 GCTaskThread "GC Thread#6" [stack: 0x000000df4fd00000,0x000000df4fe00000] [id=5952]
  0x00000291233efd30 GCTaskThread "GC Thread#7" [stack: 0x000000df4fe00000,0x000000df4ff00000] [id=11144]
  0x0000029122dd6f20 GCTaskThread "GC Thread#8" [stack: 0x000000df4ff00000,0x000000df50000000] [id=432]
  0x00000291243e7490 GCTaskThread "GC Thread#9" [stack: 0x000000df50000000,0x000000df50100000] [id=6996]
  0x00000291781eab20 ConcurrentGCThread "G1 Main Marker" [stack: 0x000000df4e500000,0x000000df4e600000] [id=16216]
  0x00000291781ebae0 ConcurrentGCThread "G1 Conc#0" [stack: 0x000000df4e600000,0x000000df4e700000] [id=4804]
  0x000002912359aa90 ConcurrentGCThread "G1 Conc#1" [stack: 0x000000df50100000,0x000000df50200000] [id=12136]
  0x000002912367c040 ConcurrentGCThread "G1 Conc#2" [stack: 0x000000df50200000,0x000000df50300000] [id=24800]
  0x000002917822e300 ConcurrentGCThread "G1 Refine#0" [stack: 0x000000df4e700000,0x000000df4e800000] [id=23364]
  0x0000029126b6eeb0 ConcurrentGCThread "G1 Refine#1" [stack: 0x000000df50500000,0x000000df50600000] [id=13336]
  0x0000029126b6d4d0 ConcurrentGCThread "G1 Refine#2" [stack: 0x000000df50600000,0x000000df50700000] [id=15628]
  0x0000029126b6e8f0 ConcurrentGCThread "G1 Refine#3" [stack: 0x000000df50700000,0x000000df50800000] [id=20536]
  0x0000029126b6d7b0 ConcurrentGCThread "G1 Refine#4" [stack: 0x000000df50800000,0x000000df50900000] [id=18900]
  0x0000029126b6d1f0 ConcurrentGCThread "G1 Refine#5" [stack: 0x000000df50900000,0x000000df50a00000] [id=27796]
  0x0000029126b6dd70 ConcurrentGCThread "G1 Refine#6" [stack: 0x000000df50a00000,0x000000df50b00000] [id=8848]
  0x0000029126b6e610 ConcurrentGCThread "G1 Refine#7" [stack: 0x000000df50b00000,0x000000df50c00000] [id=11064]
  0x0000029126b6e050 ConcurrentGCThread "G1 Refine#8" [stack: 0x000000df50c00000,0x000000df50d00000] [id=27716]
  0x0000029126b6e330 ConcurrentGCThread "G1 Refine#9" [stack: 0x000000df50d00000,0x000000df50e00000] [id=22240]
  0x000002917822e740 ConcurrentGCThread "G1 Service" [stack: 0x000000df4e800000,0x000000df4e900000] [id=13580]

Threads with active compile tasks:
C2 CompilerThread0   258968 45984       4       net.minecraft.world.level.lighting.LayerLightSectionStorage::m_6716_ (522 bytes)
C2 CompilerThread1   258968 45827       4       net.minecraft.world.level.NaturalSpawner::handler$cpj000$useLunarSpawner (282 bytes)
C2 CompilerThread2   258968 45826       4       net.minecraft.world.level.NaturalSpawner::m_47095_ (69 bytes)

VM state: at safepoint (normal execution)

VM Mutex/Monitor currently owned by a thread:  ([mutex/lock_event])
[0x0000029178171540] Threads_lock - owner thread: 0x000002917fa1a3f0
[0x0000029178171ae0] Heap_lock - owner thread: 0x0000029125191600

Heap address: 0x0000000608000000, size: 8064 MB, Compressed Oops mode: Zero based, Oop shift amount: 3

CDS archive(s) not mapped
Compressed class space mapped at: 0x0000000800000000-0x0000000840000000, reserved size: 1073741824
Narrow klass base: 0x0000000800000000, Narrow klass shift: 0, Narrow klass range: 0x40000000

GC Precious Log:
 CPUs: 12 total, 12 available
 Memory: 16316M
 Large Page Support: Disabled
 NUMA Support: Disabled
 Compressed Oops: Enabled (Zero based)
 Heap Region Size: 32M
 Heap Min Capacity: 256M
 Heap Initial Capacity: 256M
 Heap Max Capacity: 8064M
 Pre-touch: Disabled
 Parallel Workers: 10
 Concurrent Workers: 3
 Concurrent Refinement Workers: 10
 Periodic GC: Disabled

Heap:
 garbage-first heap   total 6389760K, used 3613845K [0x0000000608000000, 0x0000000800000000)
  region size 32768K, 2 young (65536K), 2 survivors (65536K)
 Metaspace       used 305707K, committed 308032K, reserved 1310720K
  class space    used 53683K, committed 54720K, reserved 1048576K

Heap Regions: E=young(eden), S=young(survivor), O=old, HS=humongous(starts), HC=humongous(continues), CS=collection set, F=free, OA=open archive, CA=closed archive, TAMS=top-at-mark-start (previous, next)
|   0|0x0000000608000000, 0x000000060a000000, 0x000000060a000000|100%| O|  |TAMS 0x000000060a000000, 0x0000000608000000| Untracked 
|   1|0x000000060a000000, 0x000000060c000000, 0x000000060c000000|100%| O|  |TAMS 0x000000060c000000, 0x000000060a000000| Untracked 
|   2|0x000000060c000000, 0x000000060e000000, 0x000000060e000000|100%| O|  |TAMS 0x000000060e000000, 0x000000060c000000| Untracked 
|   3|0x000000060e000000, 0x0000000610000000, 0x0000000610000000|100%| O|  |TAMS 0x0000000610000000, 0x000000060e000000| Untracked 
|   4|0x0000000610000000, 0x0000000612000000, 0x0000000612000000|100%| O|  |TAMS 0x0000000612000000, 0x0000000610000000| Untracked 
|   5|0x0000000612000000, 0x0000000613f64200, 0x0000000614000000| 98%| O|  |TAMS 0x0000000613f64200, 0x0000000612000000| Untracked 
|   6|0x0000000614000000, 0x0000000616000000, 0x0000000616000000|100%| O|  |TAMS 0x0000000616000000, 0x0000000614000000| Untracked 
|   7|0x0000000616000000, 0x0000000618000000, 0x0000000618000000|100%| O|  |TAMS 0x0000000618000000, 0x0000000616000000| Untracked 
|   8|0x0000000618000000, 0x000000061a000000, 0x000000061a000000|100%| O|  |TAMS 0x000000061a000000, 0x0000000618000000| Untracked 
|   9|0x000000061a000000, 0x000000061c000000, 0x000000061c000000|100%| O|  |TAMS 0x000000061c000000, 0x000000061a000000| Untracked 
|  10|0x000000061c000000, 0x000000061e000000, 0x000000061e000000|100%| O|  |TAMS 0x000000061e000000, 0x000000061c000000| Untracked 
|  11|0x000000061e000000, 0x0000000620000000, 0x0000000620000000|100%| O|  |TAMS 0x0000000620000000, 0x000000061e000000| Untracked 
|  12|0x0000000620000000, 0x0000000622000000, 0x0000000622000000|100%| O|  |TAMS 0x0000000622000000, 0x0000000620000000| Untracked 
|  13|0x0000000622000000, 0x0000000624000000, 0x0000000624000000|100%| O|  |TAMS 0x0000000624000000, 0x0000000622000000| Untracked 
|  14|0x0000000624000000, 0x0000000626000000, 0x0000000626000000|100%| O|  |TAMS 0x0000000626000000, 0x0000000624000000| Untracked 
|  15|0x0000000626000000, 0x0000000628000000, 0x0000000628000000|100%| O|  |TAMS 0x0000000628000000, 0x0000000626000000| Untracked 
|  16|0x0000000628000000, 0x000000062a000000, 0x000000062a000000|100%| O|  |TAMS 0x000000062a000000, 0x0000000628000000| Untracked 
|  17|0x000000062a000000, 0x000000062c000000, 0x000000062c000000|100%| O|  |TAMS 0x000000062c000000, 0x000000062a000000| Untracked 
|  18|0x000000062c000000, 0x000000062e000000, 0x000000062e000000|100%| O|  |TAMS 0x000000062e000000, 0x000000062c000000| Untracked 
|  19|0x000000062e000000, 0x0000000630000000, 0x0000000630000000|100%| O|  |TAMS 0x0000000630000000, 0x000000062e000000| Untracked 
|  20|0x0000000630000000, 0x0000000632000000, 0x0000000632000000|100%| O|  |TAMS 0x0000000632000000, 0x0000000630000000| Untracked 
|  21|0x0000000632000000, 0x0000000634000000, 0x0000000634000000|100%| O|  |TAMS 0x0000000634000000, 0x0000000632000000| Untracked 
|  22|0x0000000634000000, 0x0000000636000000, 0x0000000636000000|100%| O|  |TAMS 0x0000000636000000, 0x0000000634000000| Untracked 
|  23|0x0000000636000000, 0x0000000638000000, 0x0000000638000000|100%| O|  |TAMS 0x0000000638000000, 0x0000000636000000| Untracked 
|  24|0x0000000638000000, 0x000000063a000000, 0x000000063a000000|100%| O|  |TAMS 0x000000063a000000, 0x0000000638000000| Untracked 
|  25|0x000000063a000000, 0x000000063c000000, 0x000000063c000000|100%| O|  |TAMS 0x000000063c000000, 0x000000063a000000| Untracked 
|  26|0x000000063c000000, 0x000000063e000000, 0x000000063e000000|100%| O|  |TAMS 0x000000063e000000, 0x000000063c000000| Untracked 
|  27|0x000000063e000000, 0x0000000640000000, 0x0000000640000000|100%| O|  |TAMS 0x0000000640000000, 0x000000063e000000| Untracked 
|  28|0x0000000640000000, 0x0000000642000000, 0x0000000642000000|100%| O|  |TAMS 0x0000000642000000, 0x0000000640000000| Untracked 
|  29|0x0000000642000000, 0x0000000644000000, 0x0000000644000000|100%| O|  |TAMS 0x0000000644000000, 0x0000000642000000| Untracked 
|  30|0x0000000644000000, 0x0000000646000000, 0x0000000646000000|100%| O|  |TAMS 0x0000000646000000, 0x0000000644000000| Untracked 
|  31|0x0000000646000000, 0x0000000648000000, 0x0000000648000000|100%| O|  |TAMS 0x0000000648000000, 0x0000000646000000| Untracked 
|  32|0x0000000648000000, 0x000000064a000000, 0x000000064a000000|100%| O|  |TAMS 0x000000064a000000, 0x0000000648000000| Untracked 
|  33|0x000000064a000000, 0x000000064c000000, 0x000000064c000000|100%| O|  |TAMS 0x000000064c000000, 0x000000064a000000| Untracked 
|  34|0x000000064c000000, 0x000000064e000000, 0x000000064e000000|100%| O|  |TAMS 0x000000064e000000, 0x000000064c000000| Untracked 
|  35|0x000000064e000000, 0x0000000650000000, 0x0000000650000000|100%| O|  |TAMS 0x0000000650000000, 0x000000064e000000| Untracked 
|  36|0x0000000650000000, 0x0000000652000000, 0x0000000652000000|100%| O|  |TAMS 0x0000000652000000, 0x0000000650000000| Untracked 
|  37|0x0000000652000000, 0x0000000654000000, 0x0000000654000000|100%| O|  |TAMS 0x0000000654000000, 0x0000000652000000| Untracked 
|  38|0x0000000654000000, 0x0000000656000000, 0x0000000656000000|100%| O|  |TAMS 0x0000000656000000, 0x0000000654000000| Untracked 
|  39|0x0000000656000000, 0x0000000658000000, 0x0000000658000000|100%| O|  |TAMS 0x0000000658000000, 0x0000000656000000| Untracked 
|  40|0x0000000658000000, 0x000000065a000000, 0x000000065a000000|100%| O|  |TAMS 0x000000065a000000, 0x0000000658000000| Untracked 
|  41|0x000000065a000000, 0x000000065c000000, 0x000000065c000000|100%| O|  |TAMS 0x000000065c000000, 0x000000065a000000| Untracked 
|  42|0x000000065c000000, 0x000000065e000000, 0x000000065e000000|100%| O|  |TAMS 0x000000065e000000, 0x000000065c000000| Untracked 
|  43|0x000000065e000000, 0x0000000660000000, 0x0000000660000000|100%| O|  |TAMS 0x0000000660000000, 0x000000065e000000| Untracked 
|  44|0x0000000660000000, 0x0000000662000000, 0x0000000662000000|100%| O|  |TAMS 0x0000000662000000, 0x0000000660000000| Untracked 
|  45|0x0000000662000000, 0x0000000664000000, 0x0000000664000000|100%| O|  |TAMS 0x0000000664000000, 0x0000000662000000| Untracked 
|  46|0x0000000664000000, 0x0000000666000000, 0x0000000666000000|100%| O|  |TAMS 0x0000000666000000, 0x0000000664000000| Untracked 
|  47|0x0000000666000000, 0x0000000668000000, 0x0000000668000000|100%| O|  |TAMS 0x0000000668000000, 0x0000000666000000| Untracked 
|  48|0x0000000668000000, 0x000000066a000000, 0x000000066a000000|100%| O|  |TAMS 0x000000066a000000, 0x0000000668000000| Untracked 
|  49|0x000000066a000000, 0x000000066c000000, 0x000000066c000000|100%| O|  |TAMS 0x000000066c000000, 0x000000066a000000| Untracked 
|  50|0x000000066c000000, 0x000000066e000000, 0x000000066e000000|100%| O|  |TAMS 0x000000066e000000, 0x000000066c000000| Untracked 
|  51|0x000000066e000000, 0x0000000670000000, 0x0000000670000000|100%| O|  |TAMS 0x0000000670000000, 0x000000066e000000| Untracked 
|  52|0x0000000670000000, 0x0000000672000000, 0x0000000672000000|100%| O|  |TAMS 0x0000000672000000, 0x0000000670000000| Untracked 
|  53|0x0000000672000000, 0x0000000674000000, 0x0000000674000000|100%| O|  |TAMS 0x0000000674000000, 0x0000000672000000| Untracked 
|  54|0x0000000674000000, 0x0000000676000000, 0x0000000676000000|100%| O|  |TAMS 0x0000000676000000, 0x0000000674000000| Untracked 
|  55|0x0000000676000000, 0x0000000678000000, 0x0000000678000000|100%| O|  |TAMS 0x0000000678000000, 0x0000000676000000| Untracked 
|  56|0x0000000678000000, 0x000000067a000000, 0x000000067a000000|100%| O|  |TAMS 0x000000067a000000, 0x0000000678000000| Complete 
|  57|0x000000067a000000, 0x000000067c000000, 0x000000067c000000|100%| O|  |TAMS 0x000000067c000000, 0x000000067a000000| Untracked 
|  58|0x000000067c000000, 0x000000067c000000, 0x000000067e000000|  0%| F|  |TAMS 0x000000067c000000, 0x000000067c000000| Untracked 
|  59|0x000000067e000000, 0x0000000680000000, 0x0000000680000000|100%| O|  |TAMS 0x0000000680000000, 0x000000067e000000| Complete 
|  60|0x0000000680000000, 0x0000000682000000, 0x0000000682000000|100%| O|  |TAMS 0x0000000682000000, 0x0000000680000000| Untracked 
|  61|0x0000000682000000, 0x0000000684000000, 0x0000000684000000|100%| O|  |TAMS 0x0000000684000000, 0x0000000682000000| Untracked 
|  62|0x0000000684000000, 0x0000000686000000, 0x0000000686000000|100%| O|  |TAMS 0x0000000686000000, 0x0000000684000000| Untracked 
|  63|0x0000000686000000, 0x0000000688000000, 0x0000000688000000|100%| O|  |TAMS 0x0000000688000000, 0x0000000686000000| Untracked 
|  64|0x0000000688000000, 0x000000068a000000, 0x000000068a000000|100%| O|  |TAMS 0x000000068a000000, 0x0000000688000000| Untracked 
|  65|0x000000068a000000, 0x000000068c000000, 0x000000068c000000|100%| O|  |TAMS 0x000000068c000000, 0x000000068a000000| Untracked 
|  66|0x000000068c000000, 0x000000068c000000, 0x000000068e000000|  0%| F|  |TAMS 0x000000068c000000, 0x000000068c000000| Untracked 
|  67|0x000000068e000000, 0x0000000690000000, 0x0000000690000000|100%| O|  |TAMS 0x0000000690000000, 0x000000068e000000| Complete 
|  68|0x0000000690000000, 0x0000000692000000, 0x0000000692000000|100%| O|  |TAMS 0x0000000692000000, 0x0000000690000000| Complete 
|  69|0x0000000692000000, 0x0000000694000000, 0x0000000694000000|100%| O|  |TAMS 0x0000000694000000, 0x0000000692000000| Complete 
|  70|0x0000000694000000, 0x0000000696000000, 0x0000000696000000|100%| O|  |TAMS 0x0000000696000000, 0x0000000694000000| Complete 
|  71|0x0000000696000000, 0x0000000698000000, 0x0000000698000000|100%| O|  |TAMS 0x0000000698000000, 0x0000000696000000| Complete 
|  72|0x0000000698000000, 0x000000069a000000, 0x000000069a000000|100%| O|  |TAMS 0x000000069a000000, 0x0000000698000000| Complete 
|  73|0x000000069a000000, 0x000000069c000000, 0x000000069c000000|100%| O|  |TAMS 0x000000069c000000, 0x000000069a000000| Complete 
|  74|0x000000069c000000, 0x000000069e000000, 0x000000069e000000|100%| O|  |TAMS 0x000000069e000000, 0x000000069c000000| Complete 
|  75|0x000000069e000000, 0x00000006a0000000, 0x00000006a0000000|100%| O|  |TAMS 0x00000006a0000000, 0x000000069e000000| Complete 
|  76|0x00000006a0000000, 0x00000006a2000000, 0x00000006a2000000|100%| O|  |TAMS 0x00000006a2000000, 0x00000006a0000000| Untracked 
|  77|0x00000006a2000000, 0x00000006a4000000, 0x00000006a4000000|100%| O|  |TAMS 0x00000006a4000000, 0x00000006a2000000| Untracked 
|  78|0x00000006a4000000, 0x00000006a6000000, 0x00000006a6000000|100%| O|  |TAMS 0x00000006a6000000, 0x00000006a4000000| Complete 
|  79|0x00000006a6000000, 0x00000006a8000000, 0x00000006a8000000|100%| O|  |TAMS 0x00000006a8000000, 0x00000006a6000000| Untracked 
|  80|0x00000006a8000000, 0x00000006aa000000, 0x00000006aa000000|100%| O|  |TAMS 0x00000006aa000000, 0x00000006a8000000| Complete 
|  81|0x00000006aa000000, 0x00000006ac000000, 0x00000006ac000000|100%| O|  |TAMS 0x00000006ac000000, 0x00000006aa000000| Complete 
|  82|0x00000006ac000000, 0x00000006ae000000, 0x00000006ae000000|100%| O|  |TAMS 0x00000006ae000000, 0x00000006ac000000| Complete 
|  83|0x00000006ae000000, 0x00000006b0000000, 0x00000006b0000000|100%| O|  |TAMS 0x00000006b0000000, 0x00000006ae000000| Complete 
|  84|0x00000006b0000000, 0x00000006b2000000, 0x00000006b2000000|100%| O|  |TAMS 0x00000006b2000000, 0x00000006b0000000| Complete 
|  85|0x00000006b2000000, 0x00000006b4000000, 0x00000006b4000000|100%| O|  |TAMS 0x00000006b4000000, 0x00000006b2000000| Untracked 
|  86|0x00000006b4000000, 0x00000006b6000000, 0x00000006b6000000|100%| O|  |TAMS 0x00000006b6000000, 0x00000006b4000000| Untracked 
|  87|0x00000006b6000000, 0x00000006b6000000, 0x00000006b8000000|  0%| F|  |TAMS 0x00000006b6000000, 0x00000006b6000000| Untracked 
|  88|0x00000006b8000000, 0x00000006ba000000, 0x00000006ba000000|100%| O|  |TAMS 0x00000006ba000000, 0x00000006b8000000| Complete 
|  89|0x00000006ba000000, 0x00000006bc000000, 0x00000006bc000000|100%| O|  |TAMS 0x00000006bc000000, 0x00000006ba000000| Complete 
|  90|0x00000006bc000000, 0x00000006be000000, 0x00000006be000000|100%| O|  |TAMS 0x00000006be000000, 0x00000006bc000000| Untracked 
|  91|0x00000006be000000, 0x00000006c0000000, 0x00000006c0000000|100%| O|  |TAMS 0x00000006c0000000, 0x00000006be000000| Untracked 
|  92|0x00000006c0000000, 0x00000006c2000000, 0x00000006c2000000|100%| O|  |TAMS 0x00000006c2000000, 0x00000006c0000000| Untracked 
|  93|0x00000006c2000000, 0x00000006c4000000, 0x00000006c4000000|100%| O|  |TAMS 0x00000006c4000000, 0x00000006c2000000| Complete 
|  94|0x00000006c4000000, 0x00000006c6000000, 0x00000006c6000000|100%| O|  |TAMS 0x00000006c6000000, 0x00000006c4000000| Untracked 
|  95|0x00000006c6000000, 0x00000006c8000000, 0x00000006c8000000|100%| O|  |TAMS 0x00000006c8000000, 0x00000006c6000000| Untracked 
|  96|0x00000006c8000000, 0x00000006ca000000, 0x00000006ca000000|100%| O|  |TAMS 0x00000006ca000000, 0x00000006c8000000| Untracked 
|  97|0x00000006ca000000, 0x00000006cc000000, 0x00000006cc000000|100%| O|  |TAMS 0x00000006cc000000, 0x00000006ca000000| Untracked 
|  98|0x00000006cc000000, 0x00000006ce000000, 0x00000006ce000000|100%| O|  |TAMS 0x00000006cca73400, 0x00000006cc000000| Untracked 
|  99|0x00000006ce000000, 0x00000006d0000000, 0x00000006d0000000|100%| O|  |TAMS 0x00000006ce000000, 0x00000006ce000000| Untracked 
| 100|0x00000006d0000000, 0x00000006d2000000, 0x00000006d2000000|100%| O|  |TAMS 0x00000006d0000000, 0x00000006d0000000| Untracked 
| 101|0x00000006d2000000, 0x00000006d4000000, 0x00000006d4000000|100%| O|  |TAMS 0x00000006d2000000, 0x00000006d2000000| Untracked 
| 102|0x00000006d4000000, 0x00000006d6000000, 0x00000006d6000000|100%| O|  |TAMS 0x00000006d4000000, 0x00000006d4000000| Untracked 
| 103|0x00000006d6000000, 0x00000006d8000000, 0x00000006d8000000|100%| O|  |TAMS 0x00000006d6000000, 0x00000006d6000000| Untracked 
| 104|0x00000006d8000000, 0x00000006da000000, 0x00000006da000000|100%| O|  |TAMS 0x00000006d8000000, 0x00000006d8000000| Untracked 
| 105|0x00000006da000000, 0x00000006dc000000, 0x00000006dc000000|100%| O|  |TAMS 0x00000006da000000, 0x00000006da000000| Untracked 
| 106|0x00000006dc000000, 0x00000006de000000, 0x00000006de000000|100%| O|  |TAMS 0x00000006dc000000, 0x00000006dc000000| Untracked 
| 107|0x00000006de000000, 0x00000006e0000000, 0x00000006e0000000|100%| O|  |TAMS 0x00000006de000000, 0x00000006de000000| Untracked 
| 108|0x00000006e0000000, 0x00000006e2000000, 0x00000006e2000000|100%| O|  |TAMS 0x00000006e0000000, 0x00000006e0000000| Untracked 
| 109|0x00000006e2000000, 0x00000006e4000000, 0x00000006e4000000|100%| O|  |TAMS 0x00000006e2000000, 0x00000006e2000000| Untracked 
| 110|0x00000006e4000000, 0x00000006e6000000, 0x00000006e6000000|100%| O|  |TAMS 0x00000006e4000000, 0x00000006e4000000| Untracked 
| 111|0x00000006e6000000, 0x00000006e7035e00, 0x00000006e8000000| 50%| O|  |TAMS 0x00000006e6000000, 0x00000006e6000000| Untracked 
| 112|0x00000006e8000000, 0x00000006e8000000, 0x00000006ea000000|  0%| F|  |TAMS 0x00000006e8000000, 0x00000006e8000000| Untracked 
| 113|0x00000006ea000000, 0x00000006ea000000, 0x00000006ec000000|  0%| F|  |TAMS 0x00000006ea000000, 0x00000006ea000000| Untracked 
| 114|0x00000006ec000000, 0x00000006ec000000, 0x00000006ee000000|  0%| F|  |TAMS 0x00000006ec000000, 0x00000006ec000000| Untracked 
| 115|0x00000006ee000000, 0x00000006ee000000, 0x00000006f0000000|  0%| F|  |TAMS 0x00000006ee000000, 0x00000006ee000000| Untracked 
| 116|0x00000006f0000000, 0x00000006f0000000, 0x00000006f2000000|  0%| F|  |TAMS 0x00000006f0000000, 0x00000006f0000000| Untracked 
| 117|0x00000006f2000000, 0x00000006f2000000, 0x00000006f4000000|  0%| F|  |TAMS 0x00000006f2000000, 0x00000006f2000000| Untracked 
| 118|0x00000006f4000000, 0x00000006f4000000, 0x00000006f6000000|  0%| F|  |TAMS 0x00000006f4000000, 0x00000006f4000000| Untracked 
| 119|0x00000006f6000000, 0x00000006f6000000, 0x00000006f8000000|  0%| F|  |TAMS 0x00000006f6000000, 0x00000006f6000000| Untracked 
| 120|0x00000006f8000000, 0x00000006f8000000, 0x00000006fa000000|  0%| F|  |TAMS 0x00000006f8000000, 0x00000006f8000000| Untracked 
| 121|0x00000006fa000000, 0x00000006fa000000, 0x00000006fc000000|  0%| F|  |TAMS 0x00000006fa000000, 0x00000006fa000000| Untracked 
| 122|0x00000006fc000000, 0x00000006fc000000, 0x00000006fe000000|  0%| F|  |TAMS 0x00000006fc000000, 0x00000006fc000000| Untracked 
| 123|0x00000006fe000000, 0x00000006fe000000, 0x0000000700000000|  0%| F|  |TAMS 0x00000006fe000000, 0x00000006fe000000| Untracked 
| 124|0x0000000700000000, 0x0000000700000000, 0x0000000702000000|  0%| F|  |TAMS 0x0000000700000000, 0x0000000700000000| Untracked 
| 125|0x0000000702000000, 0x0000000702000000, 0x0000000704000000|  0%| F|  |TAMS 0x0000000702000000, 0x0000000702000000| Untracked 
| 126|0x0000000704000000, 0x0000000704000000, 0x0000000706000000|  0%| F|  |TAMS 0x0000000704000000, 0x0000000704000000| Untracked 
| 127|0x0000000706000000, 0x0000000706000000, 0x0000000708000000|  0%| F|  |TAMS 0x0000000706000000, 0x0000000706000000| Untracked 
| 128|0x0000000708000000, 0x0000000708000000, 0x000000070a000000|  0%| F|  |TAMS 0x0000000708000000, 0x0000000708000000| Untracked 
| 129|0x000000070a000000, 0x000000070a000000, 0x000000070c000000|  0%| F|  |TAMS 0x000000070a000000, 0x000000070a000000| Untracked 
| 130|0x000000070c000000, 0x000000070c000000, 0x000000070e000000|  0%| F|  |TAMS 0x000000070c000000, 0x000000070c000000| Untracked 
| 131|0x000000070e000000, 0x000000070e000000, 0x0000000710000000|  0%| F|  |TAMS 0x000000070e000000, 0x000000070e000000| Untracked 
| 132|0x0000000710000000, 0x0000000710000000, 0x0000000712000000|  0%| F|  |TAMS 0x0000000710000000, 0x0000000710000000| Untracked 
| 133|0x0000000712000000, 0x0000000712000000, 0x0000000714000000|  0%| F|  |TAMS 0x0000000712000000, 0x0000000712000000| Untracked 
| 134|0x0000000714000000, 0x0000000714000000, 0x0000000716000000|  0%| F|  |TAMS 0x0000000714000000, 0x0000000714000000| Untracked 
| 135|0x0000000716000000, 0x0000000716000000, 0x0000000718000000|  0%| F|  |TAMS 0x0000000716000000, 0x0000000716000000| Untracked 
| 136|0x0000000718000000, 0x0000000718000000, 0x000000071a000000|  0%| F|  |TAMS 0x0000000718000000, 0x0000000718000000| Untracked 
| 137|0x000000071a000000, 0x000000071a000000, 0x000000071c000000|  0%| F|  |TAMS 0x000000071a000000, 0x000000071a000000| Untracked 
| 138|0x000000071c000000, 0x000000071c000000, 0x000000071e000000|  0%| F|  |TAMS 0x000000071c000000, 0x000000071c000000| Untracked 
| 139|0x000000071e000000, 0x000000071e000000, 0x0000000720000000|  0%| F|  |TAMS 0x000000071e000000, 0x000000071e000000| Untracked 
| 140|0x0000000720000000, 0x0000000720000000, 0x0000000722000000|  0%| F|  |TAMS 0x0000000720000000, 0x0000000720000000| Untracked 
| 141|0x0000000722000000, 0x0000000722000000, 0x0000000724000000|  0%| F|  |TAMS 0x0000000722000000, 0x0000000722000000| Untracked 
| 142|0x0000000724000000, 0x0000000724000000, 0x0000000726000000|  0%| F|  |TAMS 0x0000000724000000, 0x0000000724000000| Untracked 
| 143|0x0000000726000000, 0x0000000726000000, 0x0000000728000000|  0%| F|  |TAMS 0x0000000726000000, 0x0000000726000000| Untracked 
| 144|0x0000000728000000, 0x0000000728000000, 0x000000072a000000|  0%| F|  |TAMS 0x0000000728000000, 0x0000000728000000| Untracked 
| 145|0x000000072a000000, 0x000000072a000000, 0x000000072c000000|  0%| F|  |TAMS 0x000000072a000000, 0x000000072a000000| Untracked 
| 146|0x000000072c000000, 0x000000072c000000, 0x000000072e000000|  0%| F|  |TAMS 0x000000072c000000, 0x000000072c000000| Untracked 
| 147|0x000000072e000000, 0x000000072e000000, 0x0000000730000000|  0%| F|  |TAMS 0x000000072e000000, 0x000000072e000000| Untracked 
| 148|0x0000000730000000, 0x0000000730000000, 0x0000000732000000|  0%| F|  |TAMS 0x0000000730000000, 0x0000000730000000| Untracked 
| 149|0x0000000732000000, 0x0000000732000000, 0x0000000734000000|  0%| F|  |TAMS 0x0000000732000000, 0x0000000732000000| Untracked 
| 150|0x0000000734000000, 0x0000000734000000, 0x0000000736000000|  0%| F|  |TAMS 0x0000000734000000, 0x0000000734000000| Untracked 
| 151|0x0000000736000000, 0x0000000736000000, 0x0000000738000000|  0%| F|  |TAMS 0x0000000736000000, 0x0000000736000000| Untracked 
| 152|0x0000000738000000, 0x0000000738000000, 0x000000073a000000|  0%| F|  |TAMS 0x0000000738000000, 0x0000000738000000| Untracked 
| 153|0x000000073a000000, 0x000000073a000000, 0x000000073c000000|  0%| F|  |TAMS 0x000000073a000000, 0x000000073a000000| Untracked 
| 154|0x000000073c000000, 0x000000073c000000, 0x000000073e000000|  0%| F|  |TAMS 0x000000073c000000, 0x000000073c000000| Untracked 
| 155|0x000000073e000000, 0x000000073e000000, 0x0000000740000000|  0%| F|  |TAMS 0x000000073e000000, 0x000000073e000000| Untracked 
| 156|0x0000000740000000, 0x0000000740000000, 0x0000000742000000|  0%| F|  |TAMS 0x0000000740000000, 0x0000000740000000| Untracked 
| 157|0x0000000742000000, 0x0000000742000000, 0x0000000744000000|  0%| F|  |TAMS 0x0000000742000000, 0x0000000742000000| Untracked 
| 158|0x0000000744000000, 0x0000000744000000, 0x0000000746000000|  0%| F|  |TAMS 0x0000000744000000, 0x0000000744000000| Untracked 
| 159|0x0000000746000000, 0x000000074798b418, 0x0000000748000000| 79%| S|CS|TAMS 0x0000000746000000, 0x0000000746000000| Complete 
| 160|0x0000000748000000, 0x000000074a000000, 0x000000074a000000|100%| S|CS|TAMS 0x0000000748000000, 0x0000000748000000| Complete 
| 161|0x000000074a000000, 0x000000074a000000, 0x000000074c000000|  0%| F|  |TAMS 0x000000074a000000, 0x000000074a000000| Untracked 
| 162|0x000000074c000000, 0x000000074c000000, 0x000000074e000000|  0%| F|  |TAMS 0x000000074c000000, 0x000000074c000000| Untracked 
| 163|0x000000074e000000, 0x000000074e000000, 0x0000000750000000|  0%| F|  |TAMS 0x000000074e000000, 0x000000074e000000| Untracked 
| 164|0x0000000750000000, 0x0000000750000000, 0x0000000752000000|  0%| F|  |TAMS 0x0000000750000000, 0x0000000750000000| Untracked 
| 165|0x0000000752000000, 0x0000000752000000, 0x0000000754000000|  0%| F|  |TAMS 0x0000000752000000, 0x0000000752000000| Untracked 
| 166|0x0000000754000000, 0x0000000754000000, 0x0000000756000000|  0%| F|  |TAMS 0x0000000754000000, 0x0000000754000000| Untracked 
| 167|0x0000000756000000, 0x0000000756000000, 0x0000000758000000|  0%| F|  |TAMS 0x0000000756000000, 0x0000000756000000| Untracked 
| 168|0x0000000758000000, 0x0000000758000000, 0x000000075a000000|  0%| F|  |TAMS 0x0000000758000000, 0x0000000758000000| Untracked 
| 169|0x000000075a000000, 0x000000075a000000, 0x000000075c000000|  0%| F|  |TAMS 0x000000075a000000, 0x000000075a000000| Untracked 
| 170|0x000000075c000000, 0x000000075c000000, 0x000000075e000000|  0%| F|  |TAMS 0x000000075c000000, 0x000000075c000000| Untracked 
| 171|0x000000075e000000, 0x000000075e000000, 0x0000000760000000|  0%| F|  |TAMS 0x000000075e000000, 0x000000075e000000| Untracked 
| 172|0x0000000760000000, 0x0000000760000000, 0x0000000762000000|  0%| F|  |TAMS 0x0000000760000000, 0x0000000760000000| Untracked 
| 173|0x0000000762000000, 0x0000000762000000, 0x0000000764000000|  0%| F|  |TAMS 0x0000000762000000, 0x0000000762000000| Untracked 
| 174|0x0000000764000000, 0x0000000764000000, 0x0000000766000000|  0%| F|  |TAMS 0x0000000764000000, 0x0000000764000000| Untracked 
| 175|0x0000000766000000, 0x0000000766000000, 0x0000000768000000|  0%| F|  |TAMS 0x0000000766000000, 0x0000000766000000| Untracked 
| 176|0x0000000768000000, 0x0000000768000000, 0x000000076a000000|  0%| F|  |TAMS 0x0000000768000000, 0x0000000768000000| Untracked 
| 177|0x000000076a000000, 0x000000076a000000, 0x000000076c000000|  0%| F|  |TAMS 0x000000076a000000, 0x000000076a000000| Untracked 
| 178|0x000000076c000000, 0x000000076c000000, 0x000000076e000000|  0%| F|  |TAMS 0x000000076c000000, 0x000000076c000000| Untracked 
| 179|0x000000076e000000, 0x000000076e000000, 0x0000000770000000|  0%| F|  |TAMS 0x000000076e000000, 0x000000076e000000| Untracked 
| 180|0x0000000770000000, 0x0000000770000000, 0x0000000772000000|  0%| F|  |TAMS 0x0000000770000000, 0x0000000770000000| Untracked 
| 181|0x0000000772000000, 0x0000000772000000, 0x0000000774000000|  0%| F|  |TAMS 0x0000000772000000, 0x0000000772000000| Untracked 
| 182|0x0000000774000000, 0x0000000774000000, 0x0000000776000000|  0%| F|  |TAMS 0x0000000774000000, 0x0000000774000000| Untracked 
| 183|0x0000000776000000, 0x0000000776000000, 0x0000000778000000|  0%| F|  |TAMS 0x0000000776000000, 0x0000000776000000| Untracked 
| 184|0x0000000778000000, 0x0000000778000000, 0x000000077a000000|  0%| F|  |TAMS 0x0000000778000000, 0x0000000778000000| Untracked 
| 185|0x000000077a000000, 0x000000077a000000, 0x000000077c000000|  0%| F|  |TAMS 0x000000077a000000, 0x000000077a000000| Untracked 
| 186|0x000000077c000000, 0x000000077c000000, 0x000000077e000000|  0%| F|  |TAMS 0x000000077c000000, 0x000000077c000000| Untracked 
| 187|0x000000077e000000, 0x000000077e000000, 0x0000000780000000|  0%| F|  |TAMS 0x000000077e000000, 0x000000077e000000| Untracked 
| 188|0x0000000780000000, 0x0000000780000000, 0x0000000782000000|  0%| F|  |TAMS 0x0000000780000000, 0x0000000780000000| Untracked 
| 189|0x0000000782000000, 0x0000000782000000, 0x0000000784000000|  0%| F|  |TAMS 0x0000000782000000, 0x0000000782000000| Untracked 
| 190|0x0000000784000000, 0x0000000784000000, 0x0000000786000000|  0%| F|  |TAMS 0x0000000784000000, 0x0000000784000000| Untracked 
| 191|0x0000000786000000, 0x0000000786000000, 0x0000000788000000|  0%| F|  |TAMS 0x0000000786000000, 0x0000000786000000| Untracked 
| 192|0x0000000788000000, 0x0000000788000000, 0x000000078a000000|  0%| F|  |TAMS 0x0000000788000000, 0x0000000788000000| Untracked 
| 193|0x000000078a000000, 0x000000078a000000, 0x000000078c000000|  0%| F|  |TAMS 0x000000078a000000, 0x000000078a000000| Untracked 
| 194|0x000000078c000000, 0x000000078c000000, 0x000000078e000000|  0%| F|  |TAMS 0x000000078c000000, 0x000000078c000000| Untracked 

Card table byte_map: [0x000002917ce30000,0x000002917ddf0000] _byte_map_base: 0x0000029179df0000

Marking Bits (Prev, Next): (CMBitMap*) 0x00000291781e82b0, (CMBitMap*) 0x00000291781e8270
 Prev Bits: [0x0000029116e00000, 0x000002911ec00000)
 Next Bits: [0x000002910f000000, 0x0000029116e00000)

Polling page: 0x0000029177940000

Metaspace:

Usage:
  Non-class:    246.12 MB used.
      Class:     52.43 MB used.
       Both:    298.54 MB used.

Virtual space:
  Non-class space:      256.00 MB reserved,     247.38 MB ( 97%) committed,  32 nodes.
      Class space:        1.00 GB reserved,      53.44 MB (  5%) committed,  1 nodes.
             Both:        1.25 GB reserved,     300.81 MB ( 24%) committed. 

Chunk freelists:
   Non-Class:  3.91 MB
       Class:  2.45 MB
        Both:  6.36 MB

MaxMetaspaceSize: unlimited
CompressedClassSpaceSize: 1.00 GB
Initial GC threshold: 21.00 MB
Current GC threshold: 483.12 MB
CDS: off
MetaspaceReclaimPolicy: balanced
 - commit_granule_bytes: 65536.
 - commit_granule_words: 8192.
 - virtual_space_node_default_size: 1048576.
 - enlarge_chunks_in_place: 1.
 - new_chunks_are_fully_committed: 0.
 - uncommit_free_chunks: 1.
 - use_allocation_guard: 0.
 - handle_deallocations: 1.


Internal statistics:

num_allocs_failed_limit: 166.
num_arena_births: 3810.
num_arena_deaths: 0.
num_vsnodes_births: 33.
num_vsnodes_deaths: 0.
num_space_committed: 4807.
num_space_uncommitted: 0.
num_chunks_returned_to_freelist: 166.
num_chunks_taken_from_freelist: 16132.
num_chunk_merges: 163.
num_chunk_splits: 11248.
num_chunks_enlarged: 8157.
num_purges: 0.
num_inconsistent_stats: 0.

CodeHeap 'non-profiled nmethods': size=120000Kb used=33552Kb max_used=33991Kb free=86447Kb
 bounds [0x0000029107ad0000, 0x0000029109c10000, 0x000002910f000000]
CodeHeap 'profiled nmethods': size=120000Kb used=56839Kb max_used=57389Kb free=63160Kb
 bounds [0x00000291005a0000, 0x0000029103dc0000, 0x0000029107ad0000]
CodeHeap 'non-nmethods': size=5760Kb used=2933Kb max_used=2985Kb free=2826Kb
 bounds [0x0000029100000000, 0x0000029100300000, 0x00000291005a0000]
 total_blobs=35108 nmethods=32394 adapters=2620
 compilation: enabled
              stopped_count=0, restarted_count=0
 full_count=0

Compilation events (20 events):
Event: 258.768 Thread 0x000002917fa59470 46152       2       mezz.jei.common.render.IngredientListRenderer$$Lambda$32657/0x00000008035878c8::test (8 bytes)
Event: 258.768 Thread 0x000002917fa59470 nmethod 46152 0x0000029103901790 code [0x0000029103901920, 0x0000029103901a98]
Event: 258.768 Thread 0x000002917fa59470 46153       2       xyz.apex.forge.apexcore.core.client.CreativeScreenHandler::matches (17 bytes)
Event: 258.768 Thread 0x000002917fa59470 nmethod 46153 0x0000029103238210 code [0x00000291032383a0, 0x00000291032384b8]
Event: 258.768 Thread 0x000002917fa59470 46154       2       jdk.internal.reflect.ClassFileAssembler::opc_dup (11 bytes)
Event: 258.768 Thread 0x000002917fa59470 nmethod 46154 0x00000291039a7090 code [0x00000291039a7240, 0x00000291039a73c8]
Event: 258.774 Thread 0x000002917fa59470 46156       2       net.minecraft.client.multiplayer.MultiPlayerGameMode::m_105286_ (12 bytes)
Event: 258.775 Thread 0x000002917fa59470 nmethod 46156 0x0000029103933790 code [0x0000029103933920, 0x0000029103933a68]
Event: 258.775 Thread 0x000002917fa59470 46157       2       net.minecraftforge.common.extensions.IForgePlayer::getReachDistance (72 bytes)
Event: 258.776 Thread 0x000002917fa59470 nmethod 46157 0x000002910347e310 code [0x000002910347e580, 0x000002910347ec38]
Event: 258.776 Thread 0x000002917fa59470 46158       2       virtuoel.pehkui.util.ScaleUtils::getBlockReachScale (6 bytes)
Event: 258.777 Thread 0x000002917fa59470 nmethod 46158 0x0000029102baa110 code [0x0000029102baa340, 0x0000029102baa728]
Event: 258.777 Thread 0x000002917fa59470 46161       2       net.minecraft.world.entity.ai.util.LandRandomPos$$Lambda$30488/0x00000008032e4a98::<init> (10 bytes)
Event: 258.777 Thread 0x000002917fa59470 nmethod 46161 0x000002910357f190 code [0x000002910357f320, 0x000002910357f478]
Event: 258.784 Thread 0x000002917fa59470 46162       1       artifacts.common.entity.MimicEntity::access$000 (5 bytes)
Event: 258.784 Thread 0x000002917fa59470 nmethod 46162 0x0000029107eaba90 code [0x0000029107eabc20, 0x0000029107eabcd8]
Event: 258.787 Thread 0x000002917fa59470 46163       2       net.minecraft.world.entity.ai.util.LandRandomPos$$Lambda$30486/0x00000008032e4458::applyAsDouble (13 bytes)
Event: 258.787 Thread 0x000002917fa59470 nmethod 46163 0x00000291039e4810 code [0x00000291039e49c0, 0x00000291039e4b48]
Event: 258.795 Thread 0x000002917fa59470 46164       2       java.util.WeakHashMap$HashIterator::hasNext (95 bytes)
Event: 258.796 Thread 0x000002917fa59470 nmethod 46164 0x0000029102e63210 code [0x0000029102e633c0, 0x0000029102e637b8]

GC Heap History (20 events):
Event: 226.443 GC heap after
{Heap after GC invocations=102 (full 0):
 garbage-first heap   total 4423680K, used 3045936K [0x0000000608000000, 0x0000000800000000)
  region size 32768K, 3 young (98304K), 3 survivors (98304K)
 Metaspace       used 279258K, committed 281280K, reserved 1286144K
  class space    used 50238K, committed 51136K, reserved 1048576K
}
Event: 228.135 GC heap before
{Heap before GC invocations=102 (full 0):
 garbage-first heap   total 4423680K, used 3832368K [0x0000000608000000, 0x0000000800000000)
  region size 32768K, 27 young (884736K), 3 survivors (98304K)
 Metaspace       used 281478K, committed 283584K, reserved 1286144K
  class space    used 50509K, committed 51520K, reserved 1048576K
}
Event: 228.200 GC heap after
{Heap after GC invocations=103 (full 0):
 garbage-first heap   total 4423680K, used 3090928K [0x0000000608000000, 0x0000000800000000)
  region size 32768K, 3 young (98304K), 3 survivors (98304K)
 Metaspace       used 281478K, committed 283584K, reserved 1286144K
  class space    used 50509K, committed 51520K, reserved 1048576K
}
Event: 230.980 GC heap before
{Heap before GC invocations=103 (full 0):
 garbage-first heap   total 4423680K, used 3877360K [0x0000000608000000, 0x0000000800000000)
  region size 32768K, 27 young (884736K), 3 survivors (98304K)
 Metaspace       used 289953K, committed 292096K, reserved 1294336K
  class space    used 51714K, committed 52672K, reserved 1048576K
}
Event: 231.083 GC heap after
{Heap after GC invocations=104 (full 0):
 garbage-first heap   total 4423680K, used 3228905K [0x0000000608000000, 0x0000000800000000)
  region size 32768K, 4 young (131072K), 4 survivors (131072K)
 Metaspace       used 289953K, committed 292096K, reserved 1294336K
  class space    used 51714K, committed 52672K, reserved 1048576K
}
Event: 231.591 GC heap before
{Heap before GC invocations=104 (full 0):
 garbage-first heap   total 4423680K, used 3982569K [0x0000000608000000, 0x0000000800000000)
  region size 32768K, 27 young (884736K), 4 survivors (131072K)
 Metaspace       used 290509K, committed 292608K, reserved 1294336K
  class space    used 51762K, committed 52672K, reserved 1048576K
}
Event: 231.681 GC heap after
{Heap after GC invocations=105 (full 0):
 garbage-first heap   total 4423680K, used 3352413K [0x0000000608000000, 0x0000000800000000)
  region size 32768K, 4 young (131072K), 4 survivors (131072K)
 Metaspace       used 290509K, committed 292608K, reserved 1294336K
  class space    used 51762K, committed 52672K, reserved 1048576K
}
Event: 232.212 GC heap before
{Heap before GC invocations=105 (full 0):
 garbage-first heap   total 4423680K, used 4040541K [0x0000000608000000, 0x0000000800000000)
  region size 32768K, 26 young (851968K), 4 survivors (131072K)
 Metaspace       used 290545K, committed 292608K, reserved 1294336K
  class space    used 51764K, committed 52672K, reserved 1048576K
}
Event: 232.372 GC heap after
{Heap after GC invocations=106 (full 0):
 garbage-first heap   total 5210112K, used 3404677K [0x0000000608000000, 0x0000000800000000)
  region size 32768K, 2 young (65536K), 2 survivors (65536K)
 Metaspace       used 290545K, committed 292608K, reserved 1294336K
  class space    used 51764K, committed 52672K, reserved 1048576K
}
Event: 236.275 GC heap before
{Heap before GC invocations=106 (full 0):
 garbage-first heap   total 5210112K, used 4354949K [0x0000000608000000, 0x0000000800000000)
  region size 32768K, 31 young (1015808K), 2 survivors (65536K)
 Metaspace       used 290914K, committed 293056K, reserved 1294336K
  class space    used 51822K, committed 52800K, reserved 1048576K
}
Event: 236.699 GC heap after
{Heap after GC invocations=107 (full 0):
 garbage-first heap   total 5210112K, used 3425081K [0x0000000608000000, 0x0000000800000000)
  region size 32768K, 3 young (98304K), 3 survivors (98304K)
 Metaspace       used 290914K, committed 293056K, reserved 1294336K
  class space    used 51822K, committed 52800K, reserved 1048576K
}
Event: 240.827 GC heap before
{Heap before GC invocations=107 (full 0):
 garbage-first heap   total 5210112K, used 4342585K [0x0000000608000000, 0x0000000800000000)
  region size 32768K, 31 young (1015808K), 3 survivors (98304K)
 Metaspace       used 292622K, committed 294784K, reserved 1294336K
  class space    used 52007K, committed 52992K, reserved 1048576K
}
Event: 240.894 GC heap after
{Heap after GC invocations=108 (full 0):
 garbage-first heap   total 5210112K, used 3470089K [0x0000000608000000, 0x0000000800000000)
  region size 32768K, 3 young (98304K), 3 survivors (98304K)
 Metaspace       used 292622K, committed 294784K, reserved 1294336K
  class space    used 52007K, committed 52992K, reserved 1048576K
}
Event: 243.692 GC heap before
{Heap before GC invocations=108 (full 0):
 garbage-first heap   total 5210112K, used 4387593K [0x0000000608000000, 0x0000000800000000)
  region size 32768K, 31 young (1015808K), 3 survivors (98304K)
 Metaspace       used 294672K, committed 296832K, reserved 1294336K
  class space    used 52311K, committed 53312K, reserved 1048576K
}
Event: 243.787 GC heap after
{Heap after GC invocations=109 (full 0):
 garbage-first heap   total 5210112K, used 3528739K [0x0000000608000000, 0x0000000800000000)
  region size 32768K, 4 young (131072K), 4 survivors (131072K)
 Metaspace       used 294672K, committed 296832K, reserved 1294336K
  class space    used 52311K, committed 53312K, reserved 1048576K
}
Event: 246.921 GC heap before
{Heap before GC invocations=109 (full 0):
 garbage-first heap   total 6389760K, used 4413475K [0x0000000608000000, 0x0000000800000000)
  region size 32768K, 31 young (1015808K), 4 survivors (131072K)
 Metaspace       used 295103K, committed 297216K, reserved 1294336K
  class space    used 52396K, committed 53376K, reserved 1048576K
}
Event: 247.131 GC heap after
{Heap after GC invocations=110 (full 0):
 garbage-first heap   total 6389760K, used 3567000K [0x0000000608000000, 0x0000000800000000)
  region size 32768K, 3 young (98304K), 3 survivors (98304K)
 Metaspace       used 295103K, committed 297216K, reserved 1294336K
  class space    used 52396K, committed 53376K, reserved 1048576K
}
Event: 253.528 GC heap before
{Heap before GC invocations=111 (full 0):
 garbage-first heap   total 6389760K, used 4746648K [0x0000000608000000, 0x0000000800000000)
  region size 32768K, 39 young (1277952K), 3 survivors (98304K)
 Metaspace       used 300962K, committed 303232K, reserved 1302528K
  class space    used 53121K, committed 54144K, reserved 1048576K
}
Event: 253.684 GC heap after
{Heap after GC invocations=112 (full 0):
 garbage-first heap   total 6389760K, used 3667484K [0x0000000608000000, 0x0000000800000000)
  region size 32768K, 5 young (163840K), 5 survivors (163840K)
 Metaspace       used 300962K, committed 303232K, reserved 1302528K
  class space    used 53121K, committed 54144K, reserved 1048576K
}
Event: 258.796 GC heap before
{Heap before GC invocations=112 (full 0):
 garbage-first heap   total 6389760K, used 4781596K [0x0000000608000000, 0x0000000800000000)
  region size 32768K, 39 young (1277952K), 5 survivors (163840K)
 Metaspace       used 305707K, committed 308032K, reserved 1310720K
  class space    used 53683K, committed 54720K, reserved 1048576K
}

Deoptimization events (20 events):
Event: 258.658 Thread 0x0000029178177650 DEOPT PACKING pc=0x0000029103a15484 sp=0x000000df4e3fca10
Event: 258.658 Thread 0x0000029178177650 DEOPT UNPACKING pc=0x0000029100052b43 sp=0x000000df4e3fbf28 mode 0
Event: 258.721 Thread 0x00000291668b5040 DEOPT PACKING pc=0x0000029103b60218 sp=0x000000df566fe8d0
Event: 258.721 Thread 0x00000291668b5040 DEOPT UNPACKING pc=0x0000029100052b43 sp=0x000000df566fde30 mode 0
Event: 258.723 Thread 0x00000291668bba20 DEOPT PACKING pc=0x0000029103b60218 sp=0x000000df564fe9d0
Event: 258.723 Thread 0x00000291668bba20 DEOPT UNPACKING pc=0x0000029100052b43 sp=0x000000df564fdf30 mode 0
Event: 258.726 Thread 0x00000291668bba20 DEOPT PACKING pc=0x0000029103b60218 sp=0x000000df564fe990
Event: 258.726 Thread 0x00000291668bba20 DEOPT UNPACKING pc=0x0000029100052b43 sp=0x000000df564fdef0 mode 0
Event: 258.729 Thread 0x0000029178177650 Uncommon trap: trap_request=0xffffffbe fr.pc=0x0000029109ae2ccc relative=0x00000000000013ec
Event: 258.729 Thread 0x0000029178177650 Uncommon trap: reason=profile_predicate action=maybe_recompile pc=0x0000029109ae2ccc method=net.minecraft.client.model.geom.ModelPart.m_104290_(Lcom/mojang/blaze3d/vertex/PoseStack$Pose;Lcom/mojang/blaze3d/vertex/VertexConsumer;IIFFFF)V @ 208 c2
Event: 258.729 Thread 0x0000029178177650 DEOPT PACKING pc=0x0000029109ae2ccc sp=0x000000df4e3fcc00
Event: 258.729 Thread 0x0000029178177650 DEOPT UNPACKING pc=0x00000291000523a3 sp=0x000000df4e3fcb38 mode 2
Event: 258.729 Thread 0x0000029178177650 Uncommon trap: trap_request=0xffffffbe fr.pc=0x0000029109ae2ccc relative=0x00000000000013ec
Event: 258.729 Thread 0x0000029178177650 Uncommon trap: reason=profile_predicate action=maybe_recompile pc=0x0000029109ae2ccc method=net.minecraft.client.model.geom.ModelPart.m_104290_(Lcom/mojang/blaze3d/vertex/PoseStack$Pose;Lcom/mojang/blaze3d/vertex/VertexConsumer;IIFFFF)V @ 208 c2
Event: 258.729 Thread 0x0000029178177650 DEOPT PACKING pc=0x0000029109ae2ccc sp=0x000000df4e3fcd30
Event: 258.729 Thread 0x0000029178177650 DEOPT UNPACKING pc=0x00000291000523a3 sp=0x000000df4e3fcc68 mode 2
Event: 258.730 Thread 0x00000291668b5eb0 DEOPT PACKING pc=0x0000029103b60218 sp=0x000000df568febb0
Event: 258.730 Thread 0x00000291668b5eb0 DEOPT UNPACKING pc=0x0000029100052b43 sp=0x000000df568fe110 mode 0
Event: 258.735 Thread 0x000002913ee48fc0 DEOPT PACKING pc=0x0000029103aed5f3 sp=0x000000df542fedc0
Event: 258.735 Thread 0x000002913ee48fc0 DEOPT UNPACKING pc=0x0000029100052b43 sp=0x000000df542fe2c8 mode 0

Classes unloaded (0 events):
No events

Classes redefined (0 events):
No events

Internal exceptions (20 events):
Event: 256.228 Thread 0x0000029178177650 Exception <a 'java/lang/NoSuchMethodError'{0x000000076a170130}: 'java.lang.Object java.lang.invoke.DirectMethodHandle$Holder.newInvokeSpecial(java.lang.Object, java.lang.Object, long, int, int)'> (0x000000076a170130) 
thrown [d:\a\_work\1\jdk\src\hotspot\share\interpreter\linkResolver.cpp, line 766]
Event: 256.229 Thread 0x0000029178177650 Exception <a 'java/lang/NoSuchMethodError'{0x000000076a1777c8}: 'java.lang.Object java.lang.invoke.Invokers$Holder.linkToTargetMethod(java.lang.Object, long, int, int, java.lang.Object)'> (0x000000076a1777c8) 
thrown [d:\a\_work\1\jdk\src\hotspot\share\interpreter\linkResolver.cpp, line 766]
Event: 256.393 Thread 0x000002913ee48fc0 Exception <a 'java/lang/NoSuchMethodError'{0x000000076b5a3560}: 'int java.lang.invoke.DirectMethodHandle$Holder.invokeSpecial(java.lang.Object, java.lang.Object, long, java.lang.Object)'> (0x000000076b5a3560) 
thrown [d:\a\_work\1\jdk\src\hotspot\share\interpreter\linkResolver.cpp, line 766]
Event: 256.592 Thread 0x000002913ee48fc0 Exception <a 'java/lang/NoSuchMethodError'{0x000000076955d060}: 'java.lang.Object java.lang.invoke.DirectMethodHandle$Holder.invokeStatic(java.lang.Object, java.lang.Object, java.lang.Object, long)'> (0x000000076955d060) 
thrown [d:\a\_work\1\jdk\src\hotspot\share\interpreter\linkResolver.cpp, line 766]
Event: 256.748 Thread 0x000002913ee48fc0 Exception <a 'java/lang/NoSuchMethodError'{0x0000000766d00a58}: 'java.lang.Object java.lang.invoke.DirectMethodHandle$Holder.invokeStatic(java.lang.Object, java.lang.Object, long, long)'> (0x0000000766d00a58) 
thrown [d:\a\_work\1\jdk\src\hotspot\share\interpreter\linkResolver.cpp, line 766]
Event: 257.043 Thread 0x0000029178177650 Exception <a 'java/lang/NoSuchMethodError'{0x000000076260f7f0}: 'java.lang.Object java.lang.invoke.DirectMethodHandle$Holder.newInvokeSpecial(java.lang.Object, java.lang.Object, java.lang.Object, java.lang.Object, java.lang.Object, int, int)'> (0x000000076260f7f0) 
thrown [d:\a\_work\1\jdk\src\hotspot\share\interpreter\linkResolver.cpp, line 766]
Event: 257.043 Thread 0x0000029178177650 Exception <a 'java/lang/NoSuchMethodError'{0x0000000762613af8}: 'java.lang.Object java.lang.invoke.DirectMethodHandle$Holder.invokeSpecial(java.lang.Object, java.lang.Object, java.lang.Object, java.lang.Object, java.lang.Object, java.lang.Object, int, int)'> (0x0000000762613af8) 
thrown [d:\a\_work\1\jdk\src\hotspot\share\interpreter\linkResolver.cpp, line 766]
Event: 257.043 Thread 0x0000029178177650 Exception <a 'java/lang/NoSuchMethodError'{0x00000007626176f8}: 'java.lang.Object java.lang.invoke.Invokers$Holder.linkToTargetMethod(java.lang.Object, java.lang.Object, java.lang.Object, java.lang.Object, int, int, java.lang.Object)'> (0x00000007626176f8) 
thrown [d:\a\_work\1\jdk\src\hotspot\share\interpreter\linkResolver.cpp, line 766]
Event: 257.045 Thread 0x0000029178177650 Exception <a 'java/lang/NoSuchMethodError'{0x000000076261dc68}: 'float java.lang.invoke.DirectMethodHandle$Holder.invokeInterface(java.lang.Object, java.lang.Object, float)'> (0x000000076261dc68) 
thrown [d:\a\_work\1\jdk\src\hotspot\share\interpreter\linkResolver.cpp, line 766]
Event: 257.109 Thread 0x0000029178177650 Implicit null exception at 0x0000029109aad3ac to 0x0000029109aadafc
Event: 257.248 Thread 0x0000029178177650 Exception <a 'java/lang/NoSuchMethodError'{0x0000000761cd0b68}: 'java.lang.Object java.lang.invoke.DirectMethodHandle$Holder.invokeSpecial(java.lang.Object, java.lang.Object, double, double)'> (0x0000000761cd0b68) 
thrown [d:\a\_work\1\jdk\src\hotspot\share\interpreter\linkResolver.cpp, line 766]
Event: 257.250 Thread 0x0000029178177650 Exception <a 'java/lang/IncompatibleClassChangeError'{0x0000000761cd7360}: Found class java.lang.Object, but interface was expected> (0x0000000761cd7360) 
thrown [d:\a\_work\1\jdk\src\hotspot\share\interpreter\linkResolver.cpp, line 833]
Event: 257.250 Thread 0x0000029178177650 Exception <a 'java/lang/IncompatibleClassChangeError'{0x0000000761cd9e38}: Found class java.lang.Object, but interface was expected> (0x0000000761cd9e38) 
thrown [d:\a\_work\1\jdk\src\hotspot\share\interpreter\linkResolver.cpp, line 833]
Event: 257.255 Thread 0x0000029178177650 Exception <a 'java/lang/NoSuchMethodError'{0x0000000761ced7d0}: 'java.lang.Object java.lang.invoke.DirectMethodHandle$Holder.newInvokeSpecial(java.lang.Object, java.lang.Object, int, java.lang.Object, java.lang.Object, int, int, int)'> (0x0000000761ced7d0) 
thrown [d:\a\_work\1\jdk\src\hotspot\share\interpreter\linkResolver.cpp, line 766]
Event: 257.567 Thread 0x0000029178177650 Exception <a 'java/lang/NoSuchMethodError'{0x000000075a202f08}: 'java.lang.Object java.lang.invoke.DirectMethodHandle$Holder.invokeStaticInit(java.lang.Object, double, java.lang.Object)'> (0x000000075a202f08) 
thrown [d:\a\_work\1\jdk\src\hotspot\share\interpreter\linkResolver.cpp, line 766]
Event: 257.595 Thread 0x0000029178177650 Exception <a 'java/lang/NoSuchMethodError'{0x000000075a39c910}: 'java.lang.Object java.lang.invoke.DirectMethodHandle$Holder.invokeStatic(java.lang.Object, int, int, java.lang.Object, java.lang.Object)'> (0x000000075a39c910) 
thrown [d:\a\_work\1\jdk\src\hotspot\share\interpreter\linkResolver.cpp, line 766]
Event: 258.125 Thread 0x000002913ee48fc0 Implicit null exception at 0x0000029109bb339a to 0x0000029109bb3b70
Event: 258.126 Thread 0x000002913ee48fc0 Implicit null exception at 0x0000029109bb339a to 0x0000029109bb3b70
Event: 258.126 Thread 0x000002913ee48fc0 Implicit null exception at 0x0000029109bb339a to 0x0000029109bb3b70
Event: 258.126 Thread 0x000002913ee48fc0 Implicit null exception at 0x0000029109bb339a to 0x0000029109bb3b70

VM Operations (20 events):
Event: 258.509 Executing VM operation: HandshakeAllThreads done
Event: 258.516 Executing VM operation: ICBufferFull
Event: 258.516 Executing VM operation: ICBufferFull done
Event: 258.566 Executing VM operation: ICBufferFull
Event: 258.566 Executing VM operation: ICBufferFull done
Event: 258.585 Executing VM operation: ICBufferFull
Event: 258.586 Executing VM operation: ICBufferFull done
Event: 258.607 Executing VM operation: ICBufferFull
Event: 258.607 Executing VM operation: ICBufferFull done
Event: 258.633 Executing VM operation: HandshakeAllThreads
Event: 258.633 Executing VM operation: HandshakeAllThreads done
Event: 258.677 Executing VM operation: ICBufferFull
Event: 258.677 Executing VM operation: ICBufferFull done
Event: 258.705 Executing VM operation: ICBufferFull
Event: 258.705 Executing VM operation: ICBufferFull done
Event: 258.758 Executing VM operation: ICBufferFull
Event: 258.758 Executing VM operation: ICBufferFull done
Event: 258.795 Executing VM operation: ICBufferFull
Event: 258.795 Executing VM operation: ICBufferFull done
Event: 258.796 Executing VM operation: G1CollectForAllocation

Events (20 events):
Event: 258.701 Thread 0x000002917fa61970 flushing nmethod 0x00000291039ee490
Event: 258.701 Thread 0x000002917fa61970 flushing nmethod 0x00000291039f7b10
Event: 258.701 Thread 0x000002917fa61970 flushing nmethod 0x00000291039ff990
Event: 258.701 Thread 0x000002917fa61970 flushing nmethod 0x0000029103a00090
Event: 258.701 Thread 0x000002917fa61970 flushing nmethod 0x0000029103a00490
Event: 258.701 Thread 0x000002917fa61970 flushing nmethod 0x0000029103a07210
Event: 258.701 Thread 0x000002917fa61970 flushing nmethod 0x0000029103a08810
Event: 258.702 Thread 0x000002917fa61970 flushing nmethod 0x0000029103aa5590
Event: 258.702 Thread 0x000002917fa61970 flushing nmethod 0x0000029103ac0310
Event: 258.702 Thread 0x000002917fa61970 flushing nmethod 0x0000029103ac2190
Event: 258.702 Thread 0x000002917fa61970 flushing nmethod 0x0000029103ac2790
Event: 258.702 Thread 0x000002917fa61970 flushing nmethod 0x0000029103ac3490
Event: 258.702 Thread 0x000002917fa61970 flushing nmethod 0x0000029103ad1c90
Event: 258.702 Thread 0x000002917fa61970 flushing nmethod 0x0000029103ad4790
Event: 258.702 Thread 0x000002917fa61970 flushing nmethod 0x0000029103af0790
Event: 258.703 Thread 0x000002917fa61970 flushing nmethod 0x0000029103b0c110
Event: 258.703 Thread 0x000002917fa61970 flushing nmethod 0x0000029103b12e10
Event: 258.704 Thread 0x000002917fa61970 flushing nmethod 0x0000029103bbb890
Event: 258.704 Thread 0x000002917fa61970 flushing nmethod 0x0000029103bc3a90
Event: 258.704 Thread 0x000002917fa61970 flushing nmethod 0x0000029103c15510


Dynamic libraries:
0x00007ff759480000 - 0x00007ff75948e000 	C:\Users\Marce\curseforge\minecraft\Install\runtime\java-runtime-gamma\windows-x64\java-runtime-gamma\bin\javaw.exe
0x00007fff8f370000 - 0x00007fff8f568000 	C:\WINDOWS\SYSTEM32\ntdll.dll
0x00007fff8f0c0000 - 0x00007fff8f17d000 	C:\WINDOWS\System32\KERNEL32.DLL
0x00007fff8ce00000 - 0x00007fff8d0d2000 	C:\WINDOWS\System32\KERNELBASE.dll
0x00007fff8d170000 - 0x00007fff8d270000 	C:\WINDOWS\System32\ucrtbase.dll
0x00007fff81fc0000 - 0x00007fff81fdb000 	C:\Users\Marce\curseforge\minecraft\Install\runtime\java-runtime-gamma\windows-x64\java-runtime-gamma\bin\VCRUNTIME140.dll
0x00007fff820c0000 - 0x00007fff820d8000 	C:\Users\Marce\curseforge\minecraft\Install\runtime\java-runtime-gamma\windows-x64\java-runtime-gamma\bin\jli.dll
0x00007fff8e740000 - 0x00007fff8e8dd000 	C:\WINDOWS\System32\USER32.dll
0x00007fff8ccc0000 - 0x00007fff8cce2000 	C:\WINDOWS\System32\win32u.dll
0x00007fff79bf0000 - 0x00007fff79e8a000 	C:\WINDOWS\WinSxS\amd64_microsoft.windows.common-controls_6595b64144ccf1df_6.0.19041.1110_none_60b5254171f9507e\COMCTL32.dll
0x00007fff8dab0000 - 0x00007fff8dadb000 	C:\WINDOWS\System32\GDI32.dll
0x00007fff8f290000 - 0x00007fff8f32e000 	C:\WINDOWS\System32\msvcrt.dll
0x00007fff8ccf0000 - 0x00007fff8cdff000 	C:\WINDOWS\System32\gdi32full.dll
0x00007fff8ca80000 - 0x00007fff8cb1d000 	C:\WINDOWS\System32\msvcp_win.dll
0x00007fff8f180000 - 0x00007fff8f1b0000 	C:\WINDOWS\System32\IMM32.DLL
0x00007fff89b20000 - 0x00007fff89b2c000 	C:\Users\Marce\curseforge\minecraft\Install\runtime\java-runtime-gamma\windows-x64\java-runtime-gamma\bin\vcruntime140_1.dll
0x00007fff6c150000 - 0x00007fff6c1dd000 	C:\Users\Marce\curseforge\minecraft\Install\runtime\java-runtime-gamma\windows-x64\java-runtime-gamma\bin\msvcp140.dll
0x00007fff2bdc0000 - 0x00007fff2ca1d000 	C:\Users\Marce\curseforge\minecraft\Install\runtime\java-runtime-gamma\windows-x64\java-runtime-gamma\bin\server\jvm.dll
0x00007fff8f1b0000 - 0x00007fff8f25e000 	C:\WINDOWS\System32\ADVAPI32.dll
0x00007fff8e8e0000 - 0x00007fff8e97c000 	C:\WINDOWS\System32\sechost.dll
0x00007fff8e610000 - 0x00007fff8e735000 	C:\WINDOWS\System32\RPCRT4.dll
0x00007fff8ec80000 - 0x00007fff8ec88000 	C:\WINDOWS\System32\PSAPI.DLL
0x00007fff8b880000 - 0x00007fff8b88a000 	C:\WINDOWS\SYSTEM32\VERSION.dll
0x00007fff7f420000 - 0x00007fff7f447000 	C:\WINDOWS\SYSTEM32\WINMM.dll
0x00007fff87fd0000 - 0x00007fff87fd9000 	C:\WINDOWS\SYSTEM32\WSOCK32.dll
0x00007fff8e980000 - 0x00007fff8e9eb000 	C:\WINDOWS\System32\WS2_32.dll
0x00007fff8b840000 - 0x00007fff8b852000 	C:\WINDOWS\SYSTEM32\kernel.appcore.dll
0x00007fff86c30000 - 0x00007fff86c3a000 	C:\Users\Marce\curseforge\minecraft\Install\runtime\java-runtime-gamma\windows-x64\java-runtime-gamma\bin\jimage.dll
0x00007fff8adb0000 - 0x00007fff8af94000 	C:\WINDOWS\SYSTEM32\DBGHELP.DLL
0x00007fff71e20000 - 0x00007fff71e4c000 	C:\WINDOWS\SYSTEM32\dbgcore.DLL
0x00007fff8d0e0000 - 0x00007fff8d162000 	C:\WINDOWS\System32\bcryptPrimitives.dll
0x00007fff81610000 - 0x00007fff81635000 	C:\Users\Marce\curseforge\minecraft\Install\runtime\java-runtime-gamma\windows-x64\java-runtime-gamma\bin\java.dll
0x00007fff7c620000 - 0x00007fff7c638000 	C:\Users\Marce\curseforge\minecraft\Install\runtime\java-runtime-gamma\windows-x64\java-runtime-gamma\bin\zip.dll
0x00007fff61bf0000 - 0x00007fff61cc7000 	C:\Users\Marce\curseforge\minecraft\Install\runtime\java-runtime-gamma\windows-x64\java-runtime-gamma\bin\jsvml.dll
0x00007fff8ddf0000 - 0x00007fff8e533000 	C:\WINDOWS\System32\SHELL32.dll
0x00007fff8a610000 - 0x00007fff8ada1000 	C:\WINDOWS\SYSTEM32\windows.storage.dll
0x00007fff8ec90000 - 0x00007fff8efe4000 	C:\WINDOWS\System32\combase.dll
0x00007fff8c4e0000 - 0x00007fff8c510000 	C:\WINDOWS\SYSTEM32\Wldp.dll
0x00007fff8dc00000 - 0x00007fff8dcad000 	C:\WINDOWS\System32\SHCORE.dll
0x00007fff8e5b0000 - 0x00007fff8e605000 	C:\WINDOWS\System32\shlwapi.dll
0x00007fff8c9c0000 - 0x00007fff8c9df000 	C:\WINDOWS\SYSTEM32\profapi.dll
0x00007fff7bb30000 - 0x00007fff7bb49000 	C:\Users\Marce\curseforge\minecraft\Install\runtime\java-runtime-gamma\windows-x64\java-runtime-gamma\bin\net.dll
0x00007fff846b0000 - 0x00007fff847bd000 	C:\WINDOWS\SYSTEM32\WINHTTP.dll
0x00007fff8c240000 - 0x00007fff8c2aa000 	C:\WINDOWS\system32\mswsock.dll
0x00007fff71e50000 - 0x00007fff71e66000 	C:\Users\Marce\curseforge\minecraft\Install\runtime\java-runtime-gamma\windows-x64\java-runtime-gamma\bin\nio.dll
0x00007fff85e50000 - 0x00007fff85e60000 	C:\Users\Marce\curseforge\minecraft\Install\runtime\java-runtime-gamma\windows-x64\java-runtime-gamma\bin\verify.dll
0x00007fff85b80000 - 0x00007fff85b89000 	C:\Users\Marce\curseforge\minecraft\Install\runtime\java-runtime-gamma\windows-x64\java-runtime-gamma\bin\management.dll
0x00007fff85750000 - 0x00007fff8575b000 	C:\Users\Marce\curseforge\minecraft\Install\runtime\java-runtime-gamma\windows-x64\java-runtime-gamma\bin\management_ext.dll
0x00007fff72770000 - 0x00007fff72787000 	C:\WINDOWS\system32\napinsp.dll
0x00007fff726e0000 - 0x00007fff726fb000 	C:\WINDOWS\system32\pnrpnsp.dll
0x00007fff725c0000 - 0x00007fff725d5000 	C:\WINDOWS\system32\wshbth.dll
0x00007fff87fb0000 - 0x00007fff87fcd000 	C:\WINDOWS\system32\NLAapi.dll
0x00007fff8bee0000 - 0x00007fff8bf1b000 	C:\WINDOWS\SYSTEM32\IPHLPAPI.DLL
0x00007fff8bf20000 - 0x00007fff8bfea000 	C:\WINDOWS\SYSTEM32\DNSAPI.dll
0x00007fff8f280000 - 0x00007fff8f288000 	C:\WINDOWS\System32\NSI.dll
0x00007fff725a0000 - 0x00007fff725b2000 	C:\WINDOWS\System32\winrnr.dll
0x00007fff84510000 - 0x00007fff8451a000 	C:\Windows\System32\rasadhlp.dll
0x00007fff83e70000 - 0x00007fff83ef0000 	C:\WINDOWS\System32\fwpuclnt.dll
0x00007fff8cbe0000 - 0x00007fff8cc07000 	C:\WINDOWS\System32\bcrypt.dll
0x00007fff8c440000 - 0x00007fff8c458000 	C:\WINDOWS\SYSTEM32\CRYPTSP.dll
0x00007fff8baf0000 - 0x00007fff8bb24000 	C:\WINDOWS\system32\rsaenh.dll
0x00007fff8c980000 - 0x00007fff8c9ae000 	C:\WINDOWS\SYSTEM32\USERENV.dll
0x00007fff8c430000 - 0x00007fff8c43c000 	C:\WINDOWS\SYSTEM32\CRYPTBASE.dll
0x00007fff862c0000 - 0x00007fff862d7000 	C:\WINDOWS\SYSTEM32\dhcpcsvc6.DLL
0x00007fff862a0000 - 0x00007fff862bd000 	C:\WINDOWS\SYSTEM32\dhcpcsvc.DLL
0x00007fff6cab0000 - 0x00007fff6caf5000 	C:\Users\Marce\AppData\Local\Temp\jna-74113568\jna5648297841944426749.dll
0x00007fff8d450000 - 0x00007fff8d57a000 	C:\WINDOWS\System32\Ole32.dll
0x00007fff8dcb0000 - 0x00007fff8dd5f000 	C:\WINDOWS\System32\clbcatq.dll
0x00007fff8eff0000 - 0x00007fff8f0bd000 	C:\WINDOWS\System32\OleAut32.dll
0x00007fff769b0000 - 0x00007fff769cf000 	C:\WINDOWS\SYSTEM32\amsi.dll
0x00007fff76880000 - 0x00007fff768fb000 	C:\ProgramData\Microsoft\Windows Defender\Platform\4.18.2209.7-0\MpOav.dll
0x00007fff67c10000 - 0x00007fff67c59000 	C:\WINDOWS\SYSTEM32\Pdh.dll
0x00007fff89b50000 - 0x00007fff89b5f000 	C:\WINDOWS\System32\perfos.dll
0x00007fff5c9c0000 - 0x00007fff5ca35000 	C:\Users\Marce\AppData\Local\Temp\lwjglMarce\3.3.1-build-7\lwjgl.dll
0x00007fff5c760000 - 0x00007fff5c9b9000 	C:\Users\Marce\AppData\Local\Temp\lwjglMarce\3.3.1-build-7\jemalloc.dll
0x00007fff856c0000 - 0x00007fff856cd000 	C:\Users\Marce\curseforge\minecraft\Install\runtime\java-runtime-gamma\windows-x64\java-runtime-gamma\bin\sunmscapi.dll
0x00007fff8d270000 - 0x00007fff8d3c6000 	C:\WINDOWS\System32\CRYPT32.dll
0x00007fff8c550000 - 0x00007fff8c577000 	C:\WINDOWS\SYSTEM32\ncrypt.dll
0x00007fff8c510000 - 0x00007fff8c54b000 	C:\WINDOWS\SYSTEM32\NTASN1.dll
0x00007fff6c930000 - 0x00007fff6c991000 	C:\Users\Marce\AppData\Local\Temp\lwjglMarce\3.3.1-build-7\glfw.dll
0x00007fff2ca20000 - 0x00007fff2ca65000 	C:\WINDOWS\SYSTEM32\dinput8.dll
0x00007fff6a230000 - 0x00007fff6a241000 	C:\WINDOWS\SYSTEM32\xinput1_4.dll
0x00007fff8cb20000 - 0x00007fff8cb6e000 	C:\WINDOWS\System32\cfgmgr32.dll
0x00007fff8c830000 - 0x00007fff8c85c000 	C:\WINDOWS\SYSTEM32\DEVOBJ.dll
0x00007fff6e490000 - 0x00007fff6e5e2000 	C:\WINDOWS\SYSTEM32\inputhost.dll
0x00007fff882d0000 - 0x00007fff88424000 	C:\WINDOWS\SYSTEM32\wintypes.dll
0x00007fff89990000 - 0x00007fff89a82000 	C:\WINDOWS\SYSTEM32\CoreMessaging.dll
0x00007fff87d40000 - 0x00007fff87e36000 	C:\WINDOWS\SYSTEM32\PROPSYS.dll
0x00007fff89630000 - 0x00007fff8998e000 	C:\WINDOWS\SYSTEM32\CoreUIComponents.dll
0x00007fff8bc10000 - 0x00007fff8bc43000 	C:\WINDOWS\SYSTEM32\ntmarta.dll
0x00007fff8a080000 - 0x00007fff8a0af000 	C:\WINDOWS\SYSTEM32\dwmapi.dll
0x00007fff89e70000 - 0x00007fff89f0e000 	C:\WINDOWS\system32\uxtheme.dll
0x00007fff8dae0000 - 0x00007fff8dbf5000 	C:\WINDOWS\System32\MSCTF.dll
0x00007fff5c630000 - 0x00007fff5c757000 	C:\WINDOWS\SYSTEM32\opengl32.dll
0x00007fff6c850000 - 0x00007fff6c87c000 	C:\WINDOWS\SYSTEM32\GLU32.dll
0x00007ffee8120000 - 0x00007ffeeb2d9000 	C:\WINDOWS\System32\DriverStore\FileRepository\nv_dispi.inf_amd64_47917a79b8c7fd22\nvoglv64.dll
0x00007fff8d640000 - 0x00007fff8daaf000 	C:\WINDOWS\System32\SETUPAPI.dll
0x00007fff8b8c0000 - 0x00007fff8b8d4000 	C:\WINDOWS\SYSTEM32\WTSAPI32.dll
0x00007fff8c670000 - 0x00007fff8c682000 	C:\WINDOWS\SYSTEM32\msasn1.dll
0x00007fff84670000 - 0x00007fff846a1000 	C:\WINDOWS\SYSTEM32\cryptnet.dll
0x00007fff84830000 - 0x00007fff84978000 	C:\WINDOWS\SYSTEM32\drvstore.dll
0x00007fff8cb70000 - 0x00007fff8cbd9000 	C:\WINDOWS\System32\WINTRUST.dll
0x00007fff80050000 - 0x00007fff8008b000 	C:\WINDOWS\SYSTEM32\dxcore.dll
0x00007fff247c0000 - 0x00007fff24a87000 	C:\WINDOWS\system32\nvspcap64.dll
0x00007fff8c050000 - 0x00007fff8c09b000 	C:\WINDOWS\SYSTEM32\powrprof.dll
0x00007fff8bec0000 - 0x00007fff8bed2000 	C:\WINDOWS\SYSTEM32\UMPDC.dll
0x00007fff8b5b0000 - 0x00007fff8b614000 	C:\WINDOWS\SYSTEM32\WINSTA.dll
0x00007fff7c1a0000 - 0x00007fff7c299000 	C:\WINDOWS\SYSTEM32\textinputframework.dll
0x00007fff682b0000 - 0x00007fff6830d000 	C:\Users\Marce\AppData\Local\Temp\lwjglMarce\3.3.1-build-7\lwjgl_opengl.dll
0x00007fff5c5a0000 - 0x00007fff5c621000 	C:\Users\Marce\AppData\Local\Temp\lwjglMarce\3.3.1-build-7\lwjgl_stb.dll
0x00007fff821f0000 - 0x00007fff8229e000 	C:\WINDOWS\SYSTEM32\mscms.dll
0x00007fff821d0000 - 0x00007fff821e1000 	C:\WINDOWS\SYSTEM32\ColorAdapterClient.dll
0x00007fff2cfe0000 - 0x00007fff2d023000 	C:\WINDOWS\SYSTEM32\icm32.dll
0x00007fff5c410000 - 0x00007fff5c59e000 	C:\Users\Marce\curseforge\minecraft\Install\runtime\java-runtime-gamma\windows-x64\java-runtime-gamma\bin\awt.dll
0x00007fff89ca0000 - 0x00007fff89d31000 	C:\WINDOWS\SYSTEM32\apphelp.dll
0x00007fff5c270000 - 0x00007fff5c407000 	C:\Users\Marce\AppData\Local\Temp\lwjglMarce\3.3.1-build-7\OpenAL.dll
0x00007fff86b10000 - 0x00007fff86b95000 	C:\WINDOWS\System32\MMDevApi.dll
0x00007fff6d880000 - 0x00007fff6d89a000 	C:\Users\Marce\AppData\Local\Temp\jna-74113568\jna11397561005588787268.dll
0x00007fff37170000 - 0x00007fff372f6000 	C:\WINDOWS\System32\Speech\Common\sapi.dll
0x00007fff86720000 - 0x00007fff8673e000 	C:\WINDOWS\SYSTEM32\MSACM32.dll
0x00007fff85810000 - 0x00007fff8581b000 	C:\WINDOWS\SYSTEM32\msdmo.dll
0x00007fff75d80000 - 0x00007fff75da6000 	C:\WINDOWS\SYSTEM32\winmmbase.dll
0x00007fff0a850000 - 0x00007fff0a8cd000 	C:\Program Files (x86)\Overwolf\0.204.2.2\OWExplorer.dll
0x00007fff851b0000 - 0x00007fff851b7000 	C:\WINDOWS\system32\wshunix.dll
0x00007fff8f260000 - 0x00007fff8f27d000 	C:\WINDOWS\System32\imagehlp.dll
0x00007fff8b140000 - 0x00007fff8b163000 	C:\WINDOWS\SYSTEM32\gpapi.dll
0x00007fff863e0000 - 0x00007fff863eb000 	C:\WINDOWS\SYSTEM32\WINNSI.DLL
0x00007fff2b270000 - 0x00007fff2b6c7000 	C:\Program Files (x86)\Overwolf\0.204.2.2\OWClient.dll

dbghelp: loaded successfully - version: 4.0.5 - missing functions: none
symbol engine: initialized successfully - sym options: 0x614 - pdb path: .;C:\Users\Marce\curseforge\minecraft\Install\runtime\java-runtime-gamma\windows-x64\java-runtime-gamma\bin;C:\WINDOWS\SYSTEM32;C:\WINDOWS\WinSxS\amd64_microsoft.windows.common-controls_6595b64144ccf1df_6.0.19041.1110_none_60b5254171f9507e;C:\Users\Marce\curseforge\minecraft\Install\runtime\java-runtime-gamma\windows-x64\java-runtime-gamma\bin\server;C:\Users\Marce\AppData\Local\Temp\jna-74113568;C:\ProgramData\Microsoft\Windows Defender\Platform\4.18.2209.7-0;C:\Users\Marce\AppData\Local\Temp\lwjglMarce\3.3.1-build-7;C:\WINDOWS\System32\DriverStore\FileRepository\nv_dispi.inf_amd64_47917a79b8c7fd22;C:\WINDOWS\System32\Speech\Common;C:\Program Files (x86)\Overwolf\0.204.2.2;C:\Users\Marce\AppData\Local\Overwolf\Extensions\ggfmakpbllghoepnmfelddbminamnbmfelbahfdp\211.1.2\plugins;C:\Users\Marce\AppData\Local\Overwolf\Extensions\ggfmakpbllghoepnmfelddbminamnbmfelbahfdp\211.1.2\plugins\64

VM Arguments:
jvm_args: -XX:HeapDumpPath=MojangTricksIntelDriversForPerformance_javaw.exe_minecraft.exe.heapdump -Dos.name=Windows 10 -Dos.version=10.0 -Xss1M -Djava.library.path=. -Dminecraft.launcher.brand=minecraft-launcher -Dminecraft.launcher.version=2.3.462 -Djava.net.preferIPv6Addresses=system -DignoreList=bootstraplauncher,securejarhandler,asm-commons,asm-util,asm-analysis,asm-tree,asm,JarJarFileSystems,client-extra,fmlcore,javafmllanguage,lowcodelanguage,mclanguage,forge-,forge-43.1.39.jar,forge-43.1.39 -DmergeModules=jna-5.10.0.jar,jna-platform-5.10.0.jar -DlibraryDirectory=C:\Users\Marce\curseforge\minecraft\Install\libraries --module-path=C:\Users\Marce\curseforge\minecraft\Install\libraries/cpw/mods/bootstraplauncher/1.1.2/bootstraplauncher-1.1.2.jar;C:\Users\Marce\curseforge\minecraft\Install\libraries/cpw/mods/securejarhandler/2.1.4/securejarhandler-2.1.4.jar;C:\Users\Marce\curseforge\minecraft\Install\libraries/org/ow2/asm/asm-commons/9.3/asm-commons-9.3.jar;C:\Users\Marce\curseforge\minecraft\Install\libraries/org/ow2/asm/asm-util/9.3/asm-util-9.3.jar;C:\Users\Marce\curseforge\minecraft\Install\libraries/org/ow2/asm/asm-analysis/9.3/asm-analysis-9.3.jar;C:\Users\Marce\curseforge\minecraft\Install\libraries/org/ow2/asm/asm-tree/9.3/asm-tree-9.3.jar;C:\Users\Marce\curseforge\minecraft\Install\libraries/org/ow2/asm/asm/9.3/asm-9.3.jar;C:\Users\Marce\curseforge\minecraft\Install\libraries/net/minecraftforge/JarJarFileSystems/0.3.16/JarJarFileSystems-0.3.16.jar --add-modules=ALL-MODULE-PATH --add-opens=java.base/java.util.jar=cpw.mods.securejarhandler --add-opens=java.base/java.lang.invoke=cpw.mods.securejarhandler --add-exports=java.base/sun.security.util=cpw.mods.securejarhandler --add-exports=jdk.naming.dns/com.sun.jndi.dns=java.naming -Xmx8064m -Xms256m -Dminecraft.applet.TargetDirectory=C:\Users\Marce\curseforge\minecraft\Instances\Athena -Dfml.ignorePatchDiscrepancies=true -Dfml.ignoreInvalidMinecraftCertificates=true -Duser.language=en -Duser.country=US -XX:+UseG1GC -Dsun.rmi.dgc.server.gcInterval=2147483646 -XX:+UnlockExperimentalVMOptions -XX:G1NewSizePercent=20 -XX:G1ReservePercent=20 -XX:MaxGCPauseMillis=50 -XX:G1HeapRegionSize=32M -Dlog4j.configurationFile=C:\Users\Marce\curseforge\minecraft\Install\assets\log_configs\client-1.12.xml 
java_command: cpw.mods.bootstraplauncher.BootstrapLauncher --username _Acheron --version forge-43.1.39 --gameDir C:\Users\Marce\curseforge\minecraft\Instances\Athena --assetsDir C:\Users\Marce\curseforge\minecraft\Install\assets --assetIndex 1.19 --uuid f1c9ea7bc4af47569f546dc2a92ab665 --accessToken eyJhbGciOiJIUzI1NiJ9.eyJ4dWlkIjoiMjUzNTQyMTU1NTk0NzMxOSIsImFnZyI6IkFkdWx0Iiwic3ViIjoiOTU4ZGY3ZWYtMWViNC00NmYwLWI3MDItY2Q2OGE4OGNjMWM3IiwibmJmIjoxNjY2NjM4OTQ2LCJhdXRoIjoiWEJPWCIsInJvbGVzIjpbXSwiaXNzIjoiYXV0aGVudGljYXRpb24iLCJleHAiOjE2NjY3MjUzNDYsImlhdCI6MTY2NjYzODk0NiwicGxhdGZvcm0iOiJQQ19MQVVOQ0hFUiIsInl1aWQiOiI5YTlmNWU5MWMyZWQzYzYzZGIyYWMwZGRjMDEwYmJiMyJ9.Jhj6ynbYDt2BA3NE9Sv6J-6qXPWg8_rRW827gRVSCnY --clientId YWE2NDVkOWItZDkzNC00MTYwLWI0ZmUtZWRlOTE3YjVlZjZi --xuid 2535421555947319 --userType msa --versionType release --width 1024 --height 768 --launchTarget forgeclient --fml.forgeVersion 43.1.39 --fml.mcVersion 1.19.2 --fml.forgeGroup net.minecraftforge --fml.mcpVersion 20220805.130853
java_class_path (initial): C:\Users\Marce\curseforge\minecraft\Install\libraries\cpw\mods\securejarhandler\2.1.4\securejarhandler-2.1.4.jar;C:\Users\Marce\curseforge\minecraft\Install\libraries\org\ow2\asm\asm\9.3\asm-9.3.jar;C:\Users\Marce\curseforge\minecraft\Install\libraries\org\ow2\asm\asm-commons\9.3\asm-commons-9.3.jar;C:\Users\Marce\curseforge\minecraft\Install\libraries\org\ow2\asm\asm-tree\9.3\asm-tree-9.3.jar;C:\Users\Marce\curseforge\minecraft\Install\libraries\org\ow2\asm\asm-util\9.3\asm-util-9.3.jar;C:\Users\Marce\curseforge\minecraft\Install\libraries\org\ow2\asm\asm-analysis\9.3\asm-analysis-9.3.jar;C:\Users\Marce\curseforge\minecraft\Install\libraries\net\minecraftforge\accesstransformers\8.0.4\accesstransformers-8.0.4.jar;C:\Users\Marce\curseforge\minecraft\Install\libraries\org\antlr\antlr4-runtime\4.9.1\antlr4-runtime-4.9.1.jar;C:\Users\Marce\curseforge\minecraft\Install\libraries\net\minecraftforge\eventbus\6.0.3\eventbus-6.0.3.jar;C:\Users\Marce\curseforge\minecraft\Install\libraries\net\minecraftforge\forgespi\6.0.0\forgespi-6.0.0.jar;C:\Users\Marce\curseforge\minecraft\Install\libraries\net\minecraftforge\coremods\5.0.1\coremods-5.0.1.jar;C:\Users\Marce\curseforge\minecraft\Install\libraries\cpw\mods\modlauncher\10.0.8\modlauncher-10.0.8.jar;C:\Users\Marce\curseforge\minecraft\Install\libraries\net\minecraftforge\unsafe\0.2.0\unsafe-0.2.0.jar;C:\Users\Marce\curseforge\minecraft\Install\libraries\com\electronwill\night-config\core\3.6.4\core-3.6.4.jar;C:\Users\Marce\curseforge\minecraft\Install\libraries\com\electronwill\night-config\toml\3.6.4\toml-3.6.4.jar;C:\Users\Marce\curseforge\minecraft\Install\libraries\org\apache\maven\maven-artifact\3.8.5\maven-artifact-3.8.5.jar;C:\Users\Marce\curseforge\minecraft\Install\libraries\net\jodah\typetools\0.8.3\typetools-0.8.3.jar;C:\Users\Marce\curseforge\minecraft\Install\libraries\net\minecrell\terminalconsoleappender\1.2.0\terminalconsoleappender-1.2.0.jar;C:\Users\Marce\curseforge\minecraft\Ins
Launcher Type: SUN_STANDARD

[Global flags]
     intx CICompilerCount                          = 4                                         {product} {ergonomic}
     uint ConcGCThreads                            = 3                                         {product} {ergonomic}
     uint G1ConcRefinementThreads                  = 10                                        {product} {ergonomic}
     uint G1EagerReclaimRemSetThreshold            = 256                                  {experimental} {ergonomic}
   size_t G1HeapRegionSize                         = 33554432                                  {product} {command line}
    uintx G1NewSizePercent                         = 20                                   {experimental} {command line}
    uintx G1ReservePercent                         = 20                                        {product} {command line}
    uintx GCDrainStackTargetSize                   = 64                                        {product} {ergonomic}
    ccstr HeapDumpPath                             = MojangTricksIntelDriversForPerformance_javaw.exe_minecraft.exe.heapdump         {manageable} {command line}
   size_t InitialHeapSize                          = 268435456                                 {product} {command line}
   size_t MarkStackSize                            = 4194304                                   {product} {ergonomic}
    uintx MaxGCPauseMillis                         = 50                                        {product} {command line}
   size_t MaxHeapSize                              = 8455716864                                {product} {command line}
   size_t MaxNewSize                               = 5066719232                                {product} {ergonomic}
   size_t MinHeapDeltaBytes                        = 33554432                                  {product} {ergonomic}
   size_t MinHeapSize                              = 268435456                                 {product} {command line}
    uintx NonNMethodCodeHeapSize                   = 5839372                                {pd product} {ergonomic}
    uintx NonProfiledCodeHeapSize                  = 122909434                              {pd product} {ergonomic}
    uintx ProfiledCodeHeapSize                     = 122909434                              {pd product} {ergonomic}
    uintx ReservedCodeCacheSize                    = 251658240                              {pd product} {ergonomic}
     bool SegmentedCodeCache                       = true                                      {product} {ergonomic}
   size_t SoftMaxHeapSize                          = 8455716864                             {manageable} {ergonomic}
     intx ThreadStackSize                          = 1024                                   {pd product} {command line}
     bool UnlockExperimentalVMOptions              = true                                 {experimental} {command line}
     bool UseCompressedClassPointers               = true                           {product lp64_product} {ergonomic}
     bool UseCompressedOops                        = true                           {product lp64_product} {ergonomic}
     bool UseG1GC                                  = true                                      {product} {command line}
     bool UseLargePagesIndividualAllocation        = false                                  {pd product} {ergonomic}

Logging:
Log output configuration:
 #0: stdout all=warning uptime,level,tags
 #1: stderr all=off uptime,level,tags

Environment Variables:
PATH=C:\Program Files\Common Files\Oracle\Java\javapath;E:\_MinecraftModding\OpenJDK\bin;C:\Program Files (x86)\Common Files\Oracle\Java\javapath;C:\Program Files (x86)\Razer Chroma SDK\bin;C:\Program Files\Razer Chroma SDK\bin;C:\Program Files (x86)\Razer\ChromaBroadcast\bin;C:\Program Files\Razer\ChromaBroadcast\bin;C:\WINDOWS\system32;C:\WINDOWS;C:\WINDOWS\System32\Wbem;C:\WINDOWS\System32\WindowsPowerShell\v1.0\;C:\WINDOWS\System32\OpenSSH\;C:\Users\Marce\AppData\Local\Microsoft\WindowsApps;C:\Program Files\NVIDIA Corporation\NVIDIA NvDLISR;C:\WINDOWS\system32;C:\WINDOWS;C:\WINDOWS\System32\Wbem;C:\WINDOWS\System32\WindowsPowerShell\v1.0\;C:\WINDOWS\System32\OpenSSH\;C:\Program Files (x86)\NVIDIA Corporation\PhysX\Common;C:\Program Files\Git\cmd;C:\Program Files (x86)\dotnet\;C:\Users\Marce\AppData\Local\Microsoft\WindowsApps;C:\Users\Marce\AppData\Local\GitHubDesktop\bin;;C:\Users\Marce\AppData\Local\Programs\Microsoft VS Code\bin
USERNAME=Marce
OS=Windows_NT
PROCESSOR_IDENTIFIER=AMD64 Family 23 Model 1 Stepping 1, AuthenticAMD



---------------  S Y S T E M  ---------------

OS:
 Windows 10 , 64 bit Build 19041 (10.0.19041.1889)
OS uptime: 8 days 11:21 hours

CPU: total 12 (initial active 12) (12 cores per cpu, 2 threads per core) family 23 model 1 stepping 1 microcode 0x0, cx8, cmov, fxsr, ht, mmx, 3dnowpref, sse, sse2, sse3, ssse3, sse4a, sse4.1, sse4.2, popcnt, lzcnt, tsc, tscinvbit, avx, avx2, aes, clmul, bmi1, bmi2, adx, sha, fma, vzeroupper, clflush, clflushopt

Memory: 4k page, system-wide physical 16316M (912M free)
TotalPageFile size 45996M (AvailPageFile size 25M)
current process WorkingSet (physical memory assigned to process): 2782M, peak: 4277M
current process commit charge ("private bytes"): 9236M, peak: 9652M

vm_info: OpenJDK 64-Bit Server VM (17.0.3+7-LTS) for windows-amd64 JRE (17.0.3+7-LTS), built on Apr 20 2022 04:24:16 by "" with MS VC++ 16.10 / 16.11 (VS2019)

END.
